Gradient norm	
 1.4445e-01	
 1.4665e-01	
 1.4666e-01	
 1.4651e-01	
 1.4651e-01	
 1.4649e-01	
 1.4649e-01	
 1.4649e-01	
 1.4649e-01	
 1.4649e-01	
 1.4649e-01	
 1.4649e-01	
 1.4649e-01	
 1.4649e-01	
 1.4649e-01	
 1.4649e-01	
 1.4649e-01	
 1.4649e-01	
 1.4649e-01	
 1.4649e-01	
 1.4649e-01	
 1.4649e-01	
 1.4649e-01	
 1.4649e-01	
 1.4648e-01	
 1.4648e-01	
 1.4648e-01	
 1.4648e-01	
 1.4648e-01	
 1.4648e-01	
 1.4648e-01	
 1.4648e-01	
 1.4648e-01	
 1.4648e-01	
 1.4648e-01	
 1.4648e-01	
 1.4648e-01	
 1.4648e-01	
 1.4648e-01	
 1.4648e-01	
 1.4648e-01	
 1.4648e-01	
 1.4648e-01	
 1.4648e-01	
 1.4648e-01	
 1.4648e-01	
 1.4648e-01	
 1.4648e-01	
 1.4648e-01	
 1.4648e-01	
 1.4648e-01	
 1.4648e-01	
 1.4648e-01	
 1.4648e-01	
 1.4648e-01	
 1.4648e-01	
 1.4648e-01	
 1.4648e-01	
 1.4647e-01	
 1.4647e-01	
 1.4647e-01	
 1.4647e-01	
 1.4647e-01	
 1.4647e-01	
 1.4647e-01	
 1.4647e-01	
 1.4647e-01	
 1.4647e-01	
 1.4647e-01	
 1.4646e-01	
 1.4646e-01	
 1.4646e-01	
 1.4646e-01	
 1.4646e-01	
 1.4646e-01	
 1.4646e-01	
 1.4646e-01	
 1.4645e-01	
 1.4645e-01	
 1.4645e-01	
 1.4645e-01	
 1.4645e-01	
 1.4645e-01	
 1.4645e-01	
 1.4645e-01	
 1.4644e-01	
 1.4644e-01	
 1.4644e-01	
 1.4643e-01	
 1.4643e-01	
 1.4643e-01	
 1.4643e-01	
 1.4643e-01	
 1.4643e-01	
 1.4642e-01	
 1.4642e-01	
 1.4642e-01	
 1.4642e-01	
 1.4641e-01	
 1.4641e-01	
 1.4641e-01	
 1.4641e-01	
 1.4640e-01	
 1.4640e-01	
 1.4640e-01	
 1.4640e-01	
 1.4639e-01	
 1.4641e-01	
 1.4642e-01	
 1.4641e-01	
 1.4640e-01	
 1.5094e-01	
 9.1852e-01	
 2.2204e-01	
 2.2274e-01	
 2.2275e-01	
 2.2275e-01	
 2.2275e-01	
 2.2275e-01	
 2.2275e-01	
 2.2275e-01	
 2.2275e-01	
 2.2274e-01	
 2.2274e-01	
 2.2274e-01	
 2.2274e-01	
 2.2274e-01	
 2.2274e-01	
 2.2274e-01	
 2.2274e-01	
 2.2274e-01	
 2.2274e-01	
 2.2274e-01	
 2.2274e-01	
 2.2274e-01	
 2.2274e-01	
 2.2274e-01	
 2.2274e-01	
 2.2274e-01	
 2.2274e-01	
 2.2274e-01	
 2.2274e-01	
 2.2274e-01	
 2.2274e-01	
 2.2274e-01	
 2.2274e-01	
 2.2274e-01	
 2.2274e-01	
 2.2274e-01	
 2.2274e-01	
 2.2274e-01	
 2.2274e-01	
 2.2274e-01	
 2.2274e-01	
 2.2274e-01	
 2.2274e-01	
 2.2274e-01	
 2.2274e-01	
 2.2274e-01	
 2.2274e-01	
 2.2274e-01	
 2.2274e-01	
 2.2274e-01	
 2.2274e-01	
 2.2274e-01	
 2.2274e-01	
 2.2274e-01	
 2.2274e-01	
 2.2274e-01	
 2.2274e-01	
 2.2274e-01	
 2.2274e-01	
 2.2274e-01	
 2.2274e-01	
 2.2274e-01	
 2.2274e-01	
 2.2274e-01	
 2.2274e-01	
 2.2274e-01	
 2.2274e-01	
 2.2274e-01	
 2.2274e-01	
 2.2274e-01	
 2.2274e-01	
 2.2274e-01	
 2.2274e-01	
 2.2274e-01	
 2.2274e-01	
 2.2274e-01	
 2.2274e-01	
 2.2274e-01	
 2.2274e-01	
 2.2274e-01	
 2.2274e-01	
 2.2274e-01	
 2.2274e-01	
 2.2274e-01	
 2.2274e-01	
 2.2274e-01	
 2.2274e-01	
 2.2274e-01	
 2.2274e-01	
 2.2274e-01	
 2.2274e-01	
 2.2274e-01	
 2.2274e-01	
 2.2274e-01	
 2.2274e-01	
 2.2274e-01	
 2.2274e-01	
 2.2274e-01	
 2.2274e-01	
 2.2274e-01	
 2.2274e-01	
 2.2274e-01	
 2.2274e-01	
 2.2274e-01	
 2.2274e-01	
 2.2274e-01	
 2.2274e-01	
 2.2274e-01	
 2.2274e-01	
 2.2274e-01	
 2.2274e-01	
 2.2274e-01	
 2.2274e-01	
 2.2274e-01	
 2.2274e-01	
 2.2274e-01	
 2.2274e-01	
 2.2274e-01	
 2.2274e-01	
 2.2274e-01	
 2.2274e-01	
 2.2274e-01	
 2.2274e-01	
 2.2274e-01	
 2.2274e-01	
 2.2274e-01	
 2.2274e-01	
 2.2274e-01	
 2.2274e-01	
 2.2274e-01	
 2.2274e-01	
 2.2274e-01	
 2.2274e-01	
 2.2274e-01	
 2.2274e-01	
 2.2274e-01	
 2.2274e-01	
 2.2274e-01	
 2.2274e-01	
 2.2274e-01	
 2.2274e-01	
 2.2274e-01	
 2.2274e-01	
 2.2274e-01	
 2.2274e-01	
 2.2274e-01	
 2.2274e-01	
 2.2274e-01	
 2.2274e-01	
 2.2274e-01	
 2.2274e-01	
 2.2274e-01	
 2.2274e-01	
 2.2274e-01	
 2.2274e-01	
 2.2274e-01	
 2.2274e-01	
 2.2274e-01	
 2.2274e-01	
 2.2274e-01	
 2.2274e-01	
 2.2274e-01	
 2.2274e-01	
 2.2274e-01	
 2.2274e-01	
 2.2274e-01	
 2.2274e-01	
 2.2274e-01	
 2.2274e-01	
 2.2274e-01	
 2.2274e-01	
 2.2274e-01	
 2.2274e-01	
 2.2274e-01	
 2.2274e-01	
 2.2274e-01	
 2.2274e-01	
 2.2274e-01	
 2.2274e-01	
 2.2274e-01	
 2.2274e-01	
 2.2274e-01	
 2.2274e-01	
 2.2274e-01	
 2.2274e-01	
 2.2274e-01	
 2.2274e-01	
 2.2274e-01	
 2.2274e-01	
 2.2274e-01	
 2.2274e-01	
 2.2274e-01	
 2.2274e-01	
 2.2274e-01	
 2.2274e-01	
 2.2274e-01	
 2.2274e-01	
 2.2274e-01	
 2.2274e-01	
 2.2274e-01	
 2.2274e-01	
 2.2274e-01	
 2.2274e-01	
 2.2274e-01	
 2.2274e-01	
 2.2274e-01	
 2.2274e-01	
 2.2274e-01	
 2.2274e-01	
 2.2274e-01	
 2.2274e-01	
 2.2274e-01	
 2.2274e-01	
 2.2274e-01	
 2.2274e-01	
 2.2274e-01	
 2.2274e-01	
 2.2274e-01	
 2.2274e-01	
 2.2274e-01	
 2.2274e-01	
 2.2274e-01	
 2.2274e-01	
 2.2274e-01	
 2.2274e-01	
 2.2274e-01	
 2.2274e-01	
 2.2274e-01	
 2.2274e-01	
 2.2274e-01	
 2.2274e-01	
 2.2274e-01	
 2.2274e-01	
 2.2274e-01	
 2.2274e-01	
 2.2274e-01	
 2.2274e-01	
 2.2274e-01	
 2.2274e-01	
 2.2274e-01	
 2.2274e-01	
 2.2274e-01	
 2.2274e-01	
 2.2274e-01	
 2.2274e-01	
 2.2274e-01	
 2.2274e-01	
 2.2274e-01	
 2.2274e-01	
 2.2274e-01	
 2.2274e-01	
 2.2274e-01	
 2.2274e-01	
 2.2274e-01	
 2.2274e-01	
 2.2274e-01	
 2.2274e-01	
 2.2274e-01	
 2.2274e-01	
 2.2274e-01	
 2.2274e-01	
 2.2274e-01	
 2.2274e-01	
 2.2274e-01	
 2.2274e-01	
 2.2274e-01	
 2.2274e-01	
 2.2274e-01	
 2.2274e-01	
 2.2274e-01	
 2.2274e-01	
 2.2274e-01	
 2.2274e-01	
 2.2274e-01	
 2.2274e-01	
 2.2274e-01	
 2.2274e-01	
 2.2274e-01	
 2.2274e-01	
 2.2274e-01	
 2.2274e-01	
 2.2274e-01	
 2.2274e-01	
 2.2274e-01	
 2.2274e-01	
 2.2274e-01	
 2.2274e-01	
 2.2274e-01	
 2.2274e-01	
 2.2274e-01	
 2.2274e-01	
 2.2274e-01	
 2.2274e-01	
 2.2274e-01	
 2.2274e-01	
 2.2274e-01	
 2.2274e-01	
 2.2274e-01	
 2.2274e-01	
 2.2274e-01	
 2.2274e-01	
 2.2274e-01	
 2.2274e-01	
 2.2274e-01	
 2.2274e-01	
 2.2274e-01	
 2.2274e-01	
 2.2274e-01	
 2.2274e-01	
 2.2274e-01	
 2.2274e-01	
 2.2274e-01	
 2.2274e-01	
 2.2274e-01	
 2.2274e-01	
 2.2274e-01	
 2.2274e-01	
 2.2274e-01	
 2.2274e-01	
 2.2274e-01	
 2.2274e-01	
 2.2274e-01	
 2.2274e-01	
 2.2274e-01	
 2.2274e-01	
 2.2274e-01	
 2.2274e-01	
 2.2274e-01	
 2.2274e-01	
 2.2274e-01	
 2.2274e-01	
 2.2274e-01	
 2.2274e-01	
 2.2274e-01	
 2.2274e-01	
 2.2274e-01	
 2.2274e-01	
 2.2274e-01	
 2.2274e-01	
 2.2274e-01	
 2.2274e-01	
 2.2274e-01	
 2.2274e-01	
 2.2274e-01	
 2.2274e-01	
 2.2274e-01	
 2.2274e-01	
 2.2274e-01	
 2.2274e-01	
 2.2274e-01	
 2.2274e-01	
 2.2274e-01	
 2.2274e-01	
 2.2274e-01	
 2.2274e-01	
 2.2274e-01	
 2.2274e-01	
 2.2274e-01	
 2.2274e-01	
 2.2274e-01	
 2.2274e-01	
 2.2274e-01	
 2.2274e-01	
 2.2274e-01	
 2.2274e-01	
 2.2274e-01	
 2.2274e-01	
 2.2274e-01	
 2.2274e-01	
 2.2274e-01	
 2.2274e-01	
 2.2274e-01	
 2.2274e-01	
 2.2274e-01	
 2.2274e-01	
 2.2274e-01	
 2.2274e-01	
 2.2274e-01	
 2.2274e-01	
 2.2274e-01	
 2.2274e-01	
 2.2274e-01	
 2.2274e-01	
 2.2274e-01	
 2.2274e-01	
 2.2274e-01	
 2.2274e-01	
