Training loss	Validation loss	
 1.1927e-01	 9.7028e-02	
 1.0777e-01	 9.7102e-02	
 1.0777e-01	 9.7102e-02	
 1.0777e-01	 9.7103e-02	
 1.0777e-01	 9.7103e-02	
 1.0777e-01	 9.7102e-02	
 1.0777e-01	 9.7102e-02	
 1.0777e-01	 9.7102e-02	
 1.0777e-01	 9.7102e-02	
 1.0777e-01	 9.7102e-02	
 1.0777e-01	 9.7101e-02	
 1.0777e-01	 9.7101e-02	
 1.0777e-01	 9.7101e-02	
 1.0777e-01	 9.7102e-02	
 1.0777e-01	 9.7101e-02	
 1.0777e-01	 9.7101e-02	
 1.0777e-01	 9.7101e-02	
 1.0777e-01	 9.7101e-02	
 1.0777e-01	 9.7101e-02	
 1.0777e-01	 9.7101e-02	
 1.0777e-01	 9.7101e-02	
 1.0777e-01	 9.7101e-02	
 1.0777e-01	 9.7101e-02	
 1.0777e-01	 9.7101e-02	
 1.0777e-01	 9.7101e-02	
 1.0777e-01	 9.7101e-02	
 1.0777e-01	 9.7101e-02	
 1.0777e-01	 9.7101e-02	
 1.0777e-01	 9.7101e-02	
 1.0777e-01	 9.7101e-02	
 1.0777e-01	 9.7101e-02	
 1.0777e-01	 9.7101e-02	
 1.0777e-01	 9.7101e-02	
 1.0777e-01	 9.7101e-02	
 1.0777e-01	 9.7101e-02	
 1.0777e-01	 9.7101e-02	
 1.0777e-01	 9.7101e-02	
 1.0777e-01	 9.7101e-02	
 1.0777e-01	 9.7101e-02	
 1.0777e-01	 9.7101e-02	
 1.0777e-01	 9.7101e-02	
 1.0777e-01	 9.7101e-02	
 1.0777e-01	 9.7101e-02	
 1.0777e-01	 9.7101e-02	
 1.0777e-01	 9.7101e-02	
 1.0777e-01	 9.7101e-02	
 1.0777e-01	 9.7101e-02	
 1.0777e-01	 9.7101e-02	
 1.0777e-01	 9.7101e-02	
 1.0777e-01	 9.7101e-02	
 1.0777e-01	 9.7101e-02	
 1.0777e-01	 9.7101e-02	
 1.0777e-01	 9.7101e-02	
 1.0777e-01	 9.7101e-02	
 1.0777e-01	 9.7101e-02	
 1.0777e-01	 9.7101e-02	
 1.0777e-01	 9.7101e-02	
 1.0777e-01	 9.7101e-02	
 1.0777e-01	 9.7101e-02	
 1.0777e-01	 9.7101e-02	
 1.0777e-01	 9.7101e-02	
 1.0777e-01	 9.7101e-02	
 1.0777e-01	 9.7101e-02	
 1.0777e-01	 9.7101e-02	
 1.0777e-01	 9.7101e-02	
 1.0777e-01	 9.7101e-02	
 1.0777e-01	 9.7101e-02	
 1.0777e-01	 9.7101e-02	
 1.0777e-01	 9.7101e-02	
 1.0777e-01	 9.7101e-02	
 1.0777e-01	 9.7101e-02	
 1.0777e-01	 9.7101e-02	
 1.0777e-01	 9.7100e-02	
 1.0777e-01	 9.7100e-02	
 1.0777e-01	 9.7100e-02	
 1.0777e-01	 9.7100e-02	
 1.0777e-01	 9.7100e-02	
 1.0777e-01	 9.7100e-02	
 1.0777e-01	 9.7100e-02	
 1.0777e-01	 9.7100e-02	
 1.0777e-01	 9.7100e-02	
 1.0777e-01	 9.7100e-02	
 1.0777e-01	 9.7100e-02	
 1.0777e-01	 9.7100e-02	
 1.0777e-01	 9.7100e-02	
 1.0777e-01	 9.7100e-02	
 1.0777e-01	 9.7099e-02	
 1.0777e-01	 9.7099e-02	
 1.0777e-01	 9.7099e-02	
 1.0777e-01	 9.7099e-02	
 1.0777e-01	 9.7099e-02	
 1.0777e-01	 9.7099e-02	
 1.0777e-01	 9.7099e-02	
 1.0777e-01	 9.7099e-02	
 1.0777e-01	 9.7098e-02	
 1.0777e-01	 9.7098e-02	
 1.0777e-01	 9.7098e-02	
 1.0777e-01	 9.7098e-02	
 1.0777e-01	 9.7098e-02	
 1.0777e-01	 9.7097e-02	
 1.0777e-01	 9.7097e-02	
 1.0777e-01	 9.7097e-02	
 1.0777e-01	 9.7097e-02	
 1.0777e-01	 9.7096e-02	
 1.0777e-01	 9.7096e-02	
 1.0777e-01	 9.7096e-02	
 1.0777e-01	 9.7096e-02	
 1.0776e-01	 9.7096e-02	
 1.0776e-01	 9.7092e-02	
 1.0776e-01	 9.7089e-02	
 1.0775e-01	 9.7086e-02	
 1.0779e-01	 9.7262e-02	
 1.0203e-01	 6.0620e-02	
 6.3016e-02	 5.7912e-02	
 6.0684e-02	 5.7932e-02	
 6.0682e-02	 5.7932e-02	
 6.0682e-02	 5.7932e-02	
 6.0682e-02	 5.7932e-02	
 6.0682e-02	 5.7932e-02	
 6.0682e-02	 5.7932e-02	
 6.0682e-02	 5.7932e-02	
 6.0682e-02	 5.7932e-02	
 6.0682e-02	 5.7932e-02	
 6.0682e-02	 5.7932e-02	
 6.0682e-02	 5.7932e-02	
 6.0682e-02	 5.7932e-02	
 6.0682e-02	 5.7932e-02	
 6.0682e-02	 5.7932e-02	
 6.0682e-02	 5.7932e-02	
 6.0682e-02	 5.7932e-02	
 6.0682e-02	 5.7932e-02	
 6.0682e-02	 5.7932e-02	
 6.0682e-02	 5.7932e-02	
 6.0682e-02	 5.7932e-02	
 6.0682e-02	 5.7932e-02	
 6.0682e-02	 5.7932e-02	
 6.0682e-02	 5.7932e-02	
 6.0682e-02	 5.7932e-02	
 6.0682e-02	 5.7932e-02	
 6.0682e-02	 5.7932e-02	
 6.0682e-02	 5.7932e-02	
 6.0682e-02	 5.7932e-02	
 6.0682e-02	 5.7932e-02	
 6.0682e-02	 5.7932e-02	
 6.0682e-02	 5.7932e-02	
 6.0682e-02	 5.7932e-02	
 6.0682e-02	 5.7932e-02	
 6.0682e-02	 5.7932e-02	
 6.0682e-02	 5.7932e-02	
 6.0682e-02	 5.7932e-02	
 6.0682e-02	 5.7932e-02	
 6.0682e-02	 5.7932e-02	
 6.0682e-02	 5.7932e-02	
 6.0682e-02	 5.7932e-02	
 6.0682e-02	 5.7932e-02	
 6.0682e-02	 5.7932e-02	
 6.0682e-02	 5.7932e-02	
 6.0682e-02	 5.7932e-02	
 6.0682e-02	 5.7932e-02	
 6.0682e-02	 5.7932e-02	
 6.0682e-02	 5.7932e-02	
 6.0682e-02	 5.7932e-02	
 6.0682e-02	 5.7932e-02	
 6.0682e-02	 5.7932e-02	
 6.0682e-02	 5.7932e-02	
 6.0682e-02	 5.7932e-02	
 6.0682e-02	 5.7932e-02	
 6.0682e-02	 5.7932e-02	
 6.0682e-02	 5.7932e-02	
 6.0682e-02	 5.7932e-02	
 6.0682e-02	 5.7932e-02	
 6.0682e-02	 5.7932e-02	
 6.0682e-02	 5.7932e-02	
 6.0682e-02	 5.7932e-02	
 6.0682e-02	 5.7932e-02	
 6.0682e-02	 5.7932e-02	
 6.0682e-02	 5.7932e-02	
 6.0682e-02	 5.7932e-02	
 6.0682e-02	 5.7932e-02	
 6.0682e-02	 5.7932e-02	
 6.0682e-02	 5.7932e-02	
 6.0682e-02	 5.7932e-02	
 6.0682e-02	 5.7932e-02	
 6.0682e-02	 5.7932e-02	
 6.0682e-02	 5.7932e-02	
 6.0682e-02	 5.7932e-02	
 6.0682e-02	 5.7932e-02	
 6.0682e-02	 5.7932e-02	
 6.0682e-02	 5.7932e-02	
 6.0682e-02	 5.7932e-02	
 6.0682e-02	 5.7932e-02	
 6.0682e-02	 5.7932e-02	
 6.0682e-02	 5.7932e-02	
 6.0682e-02	 5.7932e-02	
 6.0682e-02	 5.7932e-02	
 6.0682e-02	 5.7932e-02	
 6.0682e-02	 5.7932e-02	
 6.0682e-02	 5.7932e-02	
 6.0682e-02	 5.7932e-02	
 6.0682e-02	 5.7932e-02	
 6.0682e-02	 5.7932e-02	
 6.0682e-02	 5.7932e-02	
 6.0682e-02	 5.7932e-02	
 6.0682e-02	 5.7932e-02	
 6.0682e-02	 5.7932e-02	
 6.0682e-02	 5.7932e-02	
 6.0682e-02	 5.7932e-02	
 6.0682e-02	 5.7932e-02	
 6.0682e-02	 5.7932e-02	
 6.0682e-02	 5.7932e-02	
 6.0682e-02	 5.7932e-02	
 6.0682e-02	 5.7932e-02	
 6.0682e-02	 5.7932e-02	
 6.0682e-02	 5.7932e-02	
 6.0682e-02	 5.7932e-02	
 6.0682e-02	 5.7932e-02	
 6.0682e-02	 5.7932e-02	
 6.0682e-02	 5.7932e-02	
 6.0682e-02	 5.7932e-02	
 6.0682e-02	 5.7932e-02	
 6.0682e-02	 5.7932e-02	
 6.0682e-02	 5.7932e-02	
 6.0682e-02	 5.7932e-02	
 6.0682e-02	 5.7932e-02	
 6.0682e-02	 5.7932e-02	
 6.0682e-02	 5.7932e-02	
 6.0682e-02	 5.7932e-02	
 6.0682e-02	 5.7932e-02	
 6.0682e-02	 5.7932e-02	
 6.0682e-02	 5.7932e-02	
 6.0682e-02	 5.7932e-02	
 6.0682e-02	 5.7932e-02	
 6.0682e-02	 5.7932e-02	
 6.0682e-02	 5.7932e-02	
 6.0682e-02	 5.7932e-02	
 6.0682e-02	 5.7932e-02	
 6.0682e-02	 5.7932e-02	
 6.0682e-02	 5.7932e-02	
 6.0682e-02	 5.7932e-02	
 6.0682e-02	 5.7932e-02	
 6.0682e-02	 5.7932e-02	
 6.0682e-02	 5.7932e-02	
 6.0682e-02	 5.7932e-02	
 6.0682e-02	 5.7932e-02	
 6.0682e-02	 5.7932e-02	
 6.0682e-02	 5.7932e-02	
 6.0682e-02	 5.7932e-02	
 6.0682e-02	 5.7932e-02	
 6.0682e-02	 5.7932e-02	
 6.0682e-02	 5.7932e-02	
 6.0682e-02	 5.7932e-02	
 6.0682e-02	 5.7932e-02	
 6.0682e-02	 5.7932e-02	
 6.0682e-02	 5.7932e-02	
 6.0682e-02	 5.7932e-02	
 6.0682e-02	 5.7932e-02	
 6.0682e-02	 5.7932e-02	
 6.0682e-02	 5.7932e-02	
 6.0682e-02	 5.7932e-02	
 6.0682e-02	 5.7932e-02	
 6.0682e-02	 5.7932e-02	
 6.0682e-02	 5.7932e-02	
 6.0682e-02	 5.7932e-02	
 6.0682e-02	 5.7932e-02	
 6.0682e-02	 5.7932e-02	
 6.0682e-02	 5.7932e-02	
 6.0682e-02	 5.7932e-02	
 6.0682e-02	 5.7932e-02	
 6.0682e-02	 5.7932e-02	
 6.0682e-02	 5.7932e-02	
 6.0682e-02	 5.7932e-02	
 6.0682e-02	 5.7932e-02	
 6.0682e-02	 5.7932e-02	
 6.0682e-02	 5.7932e-02	
 6.0682e-02	 5.7932e-02	
 6.0682e-02	 5.7932e-02	
 6.0682e-02	 5.7932e-02	
 6.0682e-02	 5.7932e-02	
 6.0682e-02	 5.7932e-02	
 6.0682e-02	 5.7932e-02	
 6.0682e-02	 5.7932e-02	
 6.0682e-02	 5.7932e-02	
 6.0682e-02	 5.7932e-02	
 6.0682e-02	 5.7932e-02	
 6.0682e-02	 5.7932e-02	
 6.0682e-02	 5.7932e-02	
 6.0682e-02	 5.7932e-02	
 6.0682e-02	 5.7932e-02	
 6.0682e-02	 5.7932e-02	
 6.0682e-02	 5.7932e-02	
 6.0682e-02	 5.7932e-02	
 6.0682e-02	 5.7932e-02	
 6.0682e-02	 5.7932e-02	
 6.0682e-02	 5.7932e-02	
 6.0682e-02	 5.7932e-02	
 6.0682e-02	 5.7932e-02	
 6.0682e-02	 5.7932e-02	
 6.0682e-02	 5.7932e-02	
 6.0682e-02	 5.7932e-02	
 6.0682e-02	 5.7932e-02	
 6.0682e-02	 5.7932e-02	
 6.0682e-02	 5.7932e-02	
 6.0682e-02	 5.7932e-02	
 6.0682e-02	 5.7932e-02	
 6.0682e-02	 5.7932e-02	
 6.0682e-02	 5.7932e-02	
 6.0682e-02	 5.7932e-02	
 6.0682e-02	 5.7932e-02	
 6.0682e-02	 5.7932e-02	
 6.0682e-02	 5.7932e-02	
 6.0682e-02	 5.7932e-02	
 6.0682e-02	 5.7932e-02	
 6.0682e-02	 5.7932e-02	
 6.0682e-02	 5.7932e-02	
 6.0682e-02	 5.7932e-02	
 6.0682e-02	 5.7932e-02	
 6.0682e-02	 5.7932e-02	
 6.0682e-02	 5.7932e-02	
 6.0682e-02	 5.7932e-02	
 6.0682e-02	 5.7932e-02	
 6.0682e-02	 5.7932e-02	
 6.0682e-02	 5.7932e-02	
 6.0682e-02	 5.7932e-02	
 6.0682e-02	 5.7932e-02	
 6.0682e-02	 5.7932e-02	
 6.0682e-02	 5.7932e-02	
 6.0682e-02	 5.7932e-02	
 6.0682e-02	 5.7932e-02	
 6.0682e-02	 5.7932e-02	
 6.0682e-02	 5.7932e-02	
 6.0682e-02	 5.7932e-02	
 6.0682e-02	 5.7932e-02	
 6.0682e-02	 5.7932e-02	
 6.0682e-02	 5.7932e-02	
 6.0682e-02	 5.7932e-02	
 6.0682e-02	 5.7932e-02	
 6.0682e-02	 5.7932e-02	
 6.0682e-02	 5.7932e-02	
 6.0682e-02	 5.7932e-02	
 6.0682e-02	 5.7932e-02	
 6.0682e-02	 5.7932e-02	
 6.0682e-02	 5.7932e-02	
 6.0682e-02	 5.7932e-02	
 6.0682e-02	 5.7932e-02	
 6.0682e-02	 5.7932e-02	
 6.0682e-02	 5.7932e-02	
 6.0682e-02	 5.7932e-02	
 6.0682e-02	 5.7932e-02	
 6.0682e-02	 5.7932e-02	
 6.0682e-02	 5.7932e-02	
 6.0682e-02	 5.7932e-02	
 6.0682e-02	 5.7932e-02	
 6.0682e-02	 5.7932e-02	
 6.0682e-02	 5.7932e-02	
 6.0682e-02	 5.7932e-02	
 6.0682e-02	 5.7932e-02	
 6.0682e-02	 5.7932e-02	
 6.0682e-02	 5.7932e-02	
 6.0682e-02	 5.7932e-02	
 6.0682e-02	 5.7932e-02	
 6.0682e-02	 5.7932e-02	
 6.0682e-02	 5.7932e-02	
 6.0682e-02	 5.7932e-02	
 6.0682e-02	 5.7932e-02	
 6.0682e-02	 5.7932e-02	
 6.0682e-02	 5.7932e-02	
 6.0682e-02	 5.7932e-02	
 6.0682e-02	 5.7932e-02	
 6.0682e-02	 5.7932e-02	
 6.0682e-02	 5.7932e-02	
 6.0682e-02	 5.7932e-02	
 6.0682e-02	 5.7932e-02	
 6.0682e-02	 5.7932e-02	
 6.0682e-02	 5.7932e-02	
 6.0682e-02	 5.7932e-02	
 6.0682e-02	 5.7932e-02	
 6.0682e-02	 5.7932e-02	
 6.0682e-02	 5.7932e-02	
 6.0682e-02	 5.7932e-02	
 6.0682e-02	 5.7932e-02	
 6.0682e-02	 5.7932e-02	
 6.0682e-02	 5.7932e-02	
 6.0682e-02	 5.7932e-02	
 6.0682e-02	 5.7932e-02	
 6.0682e-02	 5.7932e-02	
 6.0682e-02	 5.7932e-02	
 6.0682e-02	 5.7932e-02	
 6.0682e-02	 5.7932e-02	
 6.0682e-02	 5.7932e-02	
 6.0682e-02	 5.7932e-02	
 6.0682e-02	 5.7932e-02	
 6.0682e-02	 5.7932e-02	
 6.0682e-02	 5.7932e-02	
 6.0682e-02	 5.7932e-02	
 6.0682e-02	 5.7932e-02	
 6.0682e-02	 5.7932e-02	
 6.0682e-02	 5.7932e-02	
 6.0682e-02	 5.7932e-02	
 6.0682e-02	 5.7932e-02	
 6.0682e-02	 5.7932e-02	
 6.0682e-02	 5.7932e-02	
 6.0682e-02	 5.7932e-02	
 6.0682e-02	 5.7932e-02	
 6.0682e-02	 5.7932e-02	
 6.0682e-02	 5.7932e-02	
 6.0682e-02	 5.7932e-02	
 6.0682e-02	 5.7932e-02	
 6.0682e-02	 5.7932e-02	
 6.0682e-02	 5.7932e-02	
 6.0682e-02	 5.7932e-02	
 6.0682e-02	 5.7932e-02	
 6.0682e-02	 5.7932e-02	
 6.0682e-02	 5.7932e-02	
 6.0682e-02	 5.7932e-02	
 6.0682e-02	 5.7932e-02	
 6.0682e-02	 5.7932e-02	
 6.0682e-02	 5.7932e-02	
 6.0682e-02	 5.7932e-02	
 6.0682e-02	 5.7932e-02	
 6.0682e-02	 5.7932e-02	
 6.0682e-02	 5.7932e-02	
 6.0682e-02	 5.7932e-02	
 6.0682e-02	 5.7932e-02	
 6.0682e-02	 5.7932e-02	
 6.0682e-02	 5.7932e-02	
 6.0682e-02	 5.7932e-02	
 6.0682e-02	 5.7932e-02	
 6.0682e-02	 5.7932e-02	
 6.0682e-02	 5.7932e-02	
 6.0682e-02	 5.7932e-02	
 6.0682e-02	 5.7932e-02	
 6.0682e-02	 5.7932e-02	
 6.0682e-02	 5.7932e-02	
 6.0682e-02	 5.7932e-02	
 6.0682e-02	 5.7932e-02	
 6.0682e-02	 5.7932e-02	
 6.0682e-02	 5.7932e-02	
 6.0682e-02	 5.7932e-02	
 6.0682e-02	 5.7932e-02	
 6.0682e-02	 5.7932e-02	
 6.0682e-02	 5.7932e-02	
 6.0682e-02	 5.7932e-02	
 6.0682e-02	 5.7932e-02	
 6.0682e-02	 5.7932e-02	
 6.0682e-02	 5.7932e-02	
 6.0682e-02	 5.7932e-02	
 6.0682e-02	 5.7932e-02	
 6.0682e-02	 5.7932e-02	
 6.0682e-02	 5.7932e-02	
 6.0682e-02	 5.7932e-02	
 6.0682e-02	 5.7932e-02	
 6.0682e-02	 5.7932e-02	
 6.0682e-02	 5.7932e-02	
 6.0682e-02	 5.7932e-02	
 6.0682e-02	 5.7932e-02	
 6.0682e-02	 5.7932e-02	
 6.0682e-02	 5.7932e-02	
 6.0682e-02	 5.7932e-02	
 6.0682e-02	 5.7932e-02	
 6.0682e-02	 5.7932e-02	
 6.0682e-02	 5.7932e-02	
 6.0682e-02	 5.7932e-02	
 6.0682e-02	 5.7932e-02	
 6.0682e-02	 5.7932e-02	
 6.0682e-02	 5.7932e-02	
 6.0682e-02	 5.7932e-02	
 6.0682e-02	 5.7932e-02	
 6.0682e-02	 5.7932e-02	
 6.0682e-02	 5.7932e-02	
 6.0682e-02	 5.7932e-02	
 6.0682e-02	 5.7932e-02	
 6.0682e-02	 5.7932e-02	
 6.0682e-02	 5.7932e-02	
 6.0682e-02	 5.7932e-02	
 6.0682e-02	 5.7932e-02	
 6.0682e-02	 5.7932e-02	
 6.0682e-02	 5.7932e-02	
 6.0682e-02	 5.7932e-02	
 6.0682e-02	 5.7932e-02	
 6.0682e-02	 5.7932e-02	
 6.0682e-02	 5.7932e-02	
 6.0682e-02	 5.7932e-02	
 6.0682e-02	 5.7932e-02	
 6.0682e-02	 5.7932e-02	
 6.0682e-02	 5.7932e-02	
 6.0682e-02	 5.7932e-02	
 6.0682e-02	 5.7932e-02	
 6.0682e-02	 5.7932e-02	
 6.0682e-02	 5.7932e-02	
 6.0682e-02	 5.7932e-02	
 6.0682e-02	 5.7932e-02	
 6.0682e-02	 5.7932e-02	
 6.0682e-02	 5.7932e-02	
 6.0682e-02	 5.7932e-02	
 6.0682e-02	 5.7932e-02	
 6.0682e-02	 5.7932e-02	
 6.0682e-02	 5.7932e-02	
 6.0682e-02	 5.7932e-02	
 6.0682e-02	 5.7932e-02	
 6.0682e-02	 5.7932e-02	
