Gradient norm	
 1.5834e-01	
 1.5648e-01	
 1.5341e-01	
 1.4555e-01	
 1.3995e-01	
 1.3603e-01	
 1.3348e-01	
 1.3177e-01	
 1.2945e-01	
 1.2742e-01	
 1.2562e-01	
 1.2398e-01	
 1.2284e-01	
 1.2226e-01	
 1.2232e-01	
 1.2285e-01	
 1.2287e-01	
 1.1822e-01	
 9.8259e-02	
 6.8546e-02	
 6.5107e-02	
 7.2214e-02	
 7.5873e-02	
 7.6576e-02	
 7.5874e-02	
 7.4818e-02	
 7.3644e-02	
 7.2448e-02	
 7.1377e-02	
 7.0163e-02	
 6.9022e-02	
 6.7861e-02	
 6.7010e-02	
 6.6595e-02	
 6.6387e-02	
 6.6040e-02	
 6.5547e-02	
 6.4817e-02	
 6.3990e-02	
 6.3103e-02	
 6.2155e-02	
 6.1187e-02	
 6.0229e-02	
 5.9217e-02	
 5.8123e-02	
 5.7004e-02	
 5.5768e-02	
 5.4688e-02	
 5.3490e-02	
 5.2210e-02	
 5.0982e-02	
 4.9720e-02	
 4.8478e-02	
 4.7263e-02	
 4.6058e-02	
 4.4886e-02	
 4.3783e-02	
 4.2681e-02	
 4.1647e-02	
 4.0673e-02	
 3.9763e-02	
 3.8952e-02	
 3.8207e-02	
 3.7570e-02	
 3.7036e-02	
 3.6630e-02	
 3.6371e-02	
 3.6237e-02	
 3.6259e-02	
 3.6440e-02	
 3.6765e-02	
 3.7279e-02	
 3.8019e-02	
 3.8810e-02	
 3.9704e-02	
 4.0626e-02	
 4.1723e-02	
 4.2673e-02	
 4.3788e-02	
 4.4725e-02	
 4.5643e-02	
 4.6578e-02	
 4.7395e-02	
 4.8326e-02	
 4.9231e-02	
 4.9919e-02	
 5.0668e-02	
 5.1170e-02	
 5.1656e-02	
 5.2323e-02	
 5.2768e-02	
 5.3258e-02	
 5.3767e-02	
 5.4273e-02	
 5.4704e-02	
 5.5204e-02	
 5.5488e-02	
 5.5849e-02	
 5.6347e-02	
 5.6906e-02	
 5.7306e-02	
 5.7794e-02	
 5.8029e-02	
 5.8594e-02	
 5.9202e-02	
 5.9771e-02	
 5.9981e-02	
 6.0378e-02	
 6.0771e-02	
 6.1392e-02	
 6.1738e-02	
 6.1972e-02	
 6.2503e-02	
 6.3279e-02	
 6.3603e-02	
 6.3994e-02	
 6.4687e-02	
 6.5259e-02	
 6.5701e-02	
 6.5947e-02	
 6.6386e-02	
 6.6796e-02	
 6.7334e-02	
 6.7688e-02	
 6.7848e-02	
 6.8101e-02	
 6.8413e-02	
 6.8637e-02	
 6.8918e-02	
 6.9171e-02	
 6.9511e-02	
 6.9860e-02	
 7.0140e-02	
 7.0417e-02	
 7.0547e-02	
 7.0603e-02	
 7.0864e-02	
 7.1046e-02	
 7.1199e-02	
 7.1274e-02	
 7.1602e-02	
 7.1764e-02	
 7.1914e-02	
 7.2033e-02	
 7.2133e-02	
 7.2234e-02	
 7.2282e-02	
 7.2285e-02	
 7.2358e-02	
 7.2379e-02	
 7.2399e-02	
 7.2404e-02	
 7.2373e-02	
 7.2366e-02	
 7.2280e-02	
 7.2332e-02	
 7.2286e-02	
 7.2152e-02	
 7.2054e-02	
 7.1880e-02	
 7.1819e-02	
 7.1658e-02	
 7.1501e-02	
 7.1378e-02	
 7.1271e-02	
 7.0980e-02	
 7.0722e-02	
 7.0591e-02	
 7.0431e-02	
 7.0237e-02	
 6.9978e-02	
 6.9783e-02	
 6.9573e-02	
 6.9454e-02	
 6.9159e-02	
 6.8943e-02	
 6.8727e-02	
 6.8383e-02	
 6.8199e-02	
 6.7924e-02	
 6.7675e-02	
 6.7358e-02	
 6.7062e-02	
 6.6790e-02	
 6.6427e-02	
 6.6109e-02	
 6.5892e-02	
 6.5631e-02	
 6.5266e-02	
 6.4916e-02	
 6.4610e-02	
 6.4298e-02	
 6.4005e-02	
 6.3715e-02	
 6.3377e-02	
 6.3090e-02	
 6.2736e-02	
 6.2361e-02	
 6.2018e-02	
 6.1765e-02	
 6.1438e-02	
 6.1111e-02	
 6.0798e-02	
 6.0492e-02	
 6.0137e-02	
 5.9852e-02	
 5.9533e-02	
 5.9152e-02	
 5.8840e-02	
 5.8518e-02	
 5.8191e-02	
 5.7888e-02	
 5.7587e-02	
 5.7234e-02	
 5.6888e-02	
 5.6545e-02	
 5.6229e-02	
 5.5908e-02	
 5.5574e-02	
 5.5272e-02	
 5.4955e-02	
 5.4627e-02	
 5.4316e-02	
 5.4038e-02	
 5.3691e-02	
 5.3368e-02	
 5.3041e-02	
 5.2729e-02	
 5.2421e-02	
 5.2100e-02	
 5.1779e-02	
 5.1461e-02	
 5.1121e-02	
 5.0785e-02	
 5.0422e-02	
 5.0095e-02	
 4.9760e-02	
 4.9423e-02	
 4.9105e-02	
 4.8769e-02	
 4.8436e-02	
 4.8077e-02	
 4.7763e-02	
 4.7470e-02	
 4.7132e-02	
 4.6813e-02	
 4.6492e-02	
 4.6166e-02	
 4.5833e-02	
 4.5519e-02	
 4.5222e-02	
 4.4927e-02	
 4.4618e-02	
 4.4296e-02	
 4.3971e-02	
 4.3646e-02	
 4.3338e-02	
 4.3013e-02	
 4.2688e-02	
 4.2342e-02	
 4.1968e-02	
 4.1592e-02	
 4.1245e-02	
 4.0928e-02	
 4.0616e-02	
 4.0271e-02	
 3.9970e-02	
 3.9685e-02	
 3.9382e-02	
 3.9083e-02	
 3.8798e-02	
 3.8484e-02	
 3.8214e-02	
 3.7896e-02	
 3.7614e-02	
 3.7335e-02	
 3.7072e-02	
 3.6806e-02	
 3.6526e-02	
 3.6254e-02	
 3.6006e-02	
 3.5747e-02	
 3.5483e-02	
 3.5218e-02	
 3.4952e-02	
 3.4714e-02	
 3.4433e-02	
 3.4179e-02	
 3.3947e-02	
 3.3713e-02	
 3.3453e-02	
 3.3211e-02	
 3.2965e-02	
 3.2722e-02	
 3.2495e-02	
 3.2270e-02	
 3.2036e-02	
 3.1816e-02	
 3.1581e-02	
 3.1372e-02	
 3.1124e-02	
 3.0826e-02	
 3.0620e-02	
 3.0420e-02	
 3.0215e-02	
 2.9992e-02	
 2.9810e-02	
 2.9606e-02	
 2.9365e-02	
 2.9176e-02	
 2.9016e-02	
 2.8842e-02	
 2.8662e-02	
 2.8486e-02	
 2.8317e-02	
 2.8130e-02	
 2.7986e-02	
 2.7860e-02	
 2.7678e-02	
 2.7561e-02	
 2.7442e-02	
 2.7339e-02	
 2.7232e-02	
 2.7112e-02	
 2.7027e-02	
 2.6937e-02	
 2.6840e-02	
 2.6754e-02	
 2.6700e-02	
 2.6638e-02	
 2.6608e-02	
 2.6563e-02	
 2.6553e-02	
 2.6547e-02	
 2.6541e-02	
 2.6501e-02	
 2.6563e-02	
 2.6625e-02	
 2.6698e-02	
 2.6775e-02	
 2.6903e-02	
 2.7025e-02	
 2.7139e-02	
 2.7329e-02	
 2.7489e-02	
 2.7727e-02	
 2.7935e-02	
 2.8191e-02	
 2.8483e-02	
 2.8741e-02	
 2.9107e-02	
 2.9440e-02	
 2.9813e-02	
 3.0348e-02	
 3.0774e-02	
 3.1203e-02	
 3.1806e-02	
 3.2276e-02	
 3.2808e-02	
 3.3437e-02	
 3.4118e-02	
 3.4751e-02	
 3.5607e-02	
 3.6440e-02	
 3.7301e-02	
 3.7996e-02	
 3.8813e-02	
 3.9584e-02	
 4.0405e-02	
 4.1073e-02	
 4.1917e-02	
 4.2947e-02	
 4.4341e-02	
 4.5969e-02	
 4.7848e-02	
 4.9651e-02	
 5.1841e-02	
 5.4113e-02	
 5.6424e-02	
 5.8623e-02	
 6.0394e-02	
 6.1975e-02	
 6.3399e-02	
 6.4808e-02	
 6.6053e-02	
 6.7224e-02	
 6.8182e-02	
 6.9014e-02	
 6.9706e-02	
 7.0203e-02	
 7.0608e-02	
 7.0823e-02	
 7.1020e-02	
 7.1113e-02	
 7.1083e-02	
 7.1029e-02	
 7.0946e-02	
 7.0784e-02	
 7.0649e-02	
 7.0446e-02	
 7.0141e-02	
 7.0021e-02	
 6.9770e-02	
 6.9568e-02	
 6.9319e-02	
 6.9099e-02	
 6.8559e-02	
 6.8226e-02	
 6.7996e-02	
 6.7830e-02	
 6.7574e-02	
 6.7341e-02	
 6.7143e-02	
 6.6975e-02	
 6.6818e-02	
 6.6581e-02	
 6.6413e-02	
 6.6250e-02	
 6.5989e-02	
 6.5817e-02	
 6.5703e-02	
 6.5554e-02	
 6.5344e-02	
 6.5236e-02	
 6.4988e-02	
 6.4815e-02	
 6.4704e-02	
 6.4516e-02	
 6.4328e-02	
 6.4123e-02	
 6.3947e-02	
 6.3780e-02	
 6.3618e-02	
 6.3496e-02	
 6.3350e-02	
 6.3150e-02	
 6.3049e-02	
 6.2900e-02	
 6.2710e-02	
 6.2575e-02	
 6.2419e-02	
 6.2276e-02	
 6.2099e-02	
 6.2003e-02	
 6.1885e-02	
 6.1728e-02	
 6.1524e-02	
 6.1363e-02	
 6.1193e-02	
 6.1024e-02	
 6.0882e-02	
 6.0763e-02	
 6.0665e-02	
 6.0516e-02	
 6.0323e-02	
 6.0174e-02	
 6.0013e-02	
 5.9861e-02	
 5.9697e-02	
 5.9548e-02	
 5.9412e-02	
 5.9312e-02	
 5.9190e-02	
 5.9045e-02	
 5.8876e-02	
 5.8713e-02	
 5.8575e-02	
 5.8439e-02	
 5.8311e-02	
 5.8155e-02	
 5.7997e-02	
 5.7906e-02	
 5.7771e-02	
 5.7626e-02	
 5.7452e-02	
 5.7274e-02	
 5.7143e-02	
 5.7024e-02	
 5.6890e-02	
 5.6745e-02	
 5.6626e-02	
 5.6490e-02	
 5.6367e-02	
 5.6258e-02	
 5.6119e-02	
 5.5988e-02	
 5.5874e-02	
 5.5748e-02	
 5.5612e-02	
 5.5479e-02	
 5.5348e-02	
 5.5248e-02	
 5.5124e-02	
 5.4990e-02	
 5.4888e-02	
 5.4755e-02	
 5.4599e-02	
 5.4480e-02	
 5.4375e-02	
 5.4275e-02	
