Gradient2 norm	
 3.9229e-04	
 1.7606e-04	
 9.3410e-05	
 6.5607e-05	
 3.9146e-05	
 1.7240e-05	
 9.7493e-06	
 4.7218e-06	
 3.2330e-06	
 1.6394e-06	
 1.5664e-06	
 1.4087e-06	
 1.2825e-06	
 1.2600e-06	
 1.2396e-06	
 1.1989e-06	
 1.1908e-06	
 1.1832e-06	
 1.1761e-06	
 1.1692e-06	
 1.1626e-06	
 1.1563e-06	
 1.1503e-06	
 1.1447e-06	
 1.1395e-06	
 1.1344e-06	
 0.0000e+00	
 0.0000e+00	
 0.0000e+00	
 0.0000e+00	
 0.0000e+00	
 0.0000e+00	
 0.0000e+00	
 0.0000e+00	
 0.0000e+00	
 0.0000e+00	
 0.0000e+00	
 0.0000e+00	
 0.0000e+00	
 0.0000e+00	
 0.0000e+00	
 0.0000e+00	
 0.0000e+00	
 0.0000e+00	
 0.0000e+00	
 0.0000e+00	
 0.0000e+00	
 0.0000e+00	
 0.0000e+00	
 0.0000e+00	
 0.0000e+00	
 0.0000e+00	
 0.0000e+00	
 0.0000e+00	
 0.0000e+00	
 0.0000e+00	
 0.0000e+00	
 0.0000e+00	
 0.0000e+00	
 0.0000e+00	
 0.0000e+00	
 0.0000e+00	
 0.0000e+00	
 0.0000e+00	
 0.0000e+00	
 0.0000e+00	
 0.0000e+00	
 0.0000e+00	
 0.0000e+00	
 0.0000e+00	
 0.0000e+00	
 0.0000e+00	
 0.0000e+00	
 0.0000e+00	
 0.0000e+00	
 0.0000e+00	
 0.0000e+00	
 0.0000e+00	
 0.0000e+00	
 0.0000e+00	
 0.0000e+00	
 0.0000e+00	
 0.0000e+00	
 0.0000e+00	
 0.0000e+00	
 0.0000e+00	
 0.0000e+00	
 0.0000e+00	
 0.0000e+00	
 0.0000e+00	
 0.0000e+00	
 0.0000e+00	
 0.0000e+00	
 0.0000e+00	
 0.0000e+00	
 0.0000e+00	
 0.0000e+00	
 0.0000e+00	
 0.0000e+00	
 0.0000e+00	
 0.0000e+00	
 0.0000e+00	
 0.0000e+00	
 0.0000e+00	
 0.0000e+00	
 0.0000e+00	
 0.0000e+00	
 0.0000e+00	
 0.0000e+00	
 0.0000e+00	
 0.0000e+00	
 0.0000e+00	
 0.0000e+00	
 0.0000e+00	
 0.0000e+00	
 0.0000e+00	
 0.0000e+00	
 0.0000e+00	
 0.0000e+00	
 0.0000e+00	
 0.0000e+00	
 0.0000e+00	
 0.0000e+00	
 0.0000e+00	
 0.0000e+00	
 0.0000e+00	
 0.0000e+00	
 0.0000e+00	
 0.0000e+00	
 0.0000e+00	
 0.0000e+00	
 0.0000e+00	
 0.0000e+00	
 0.0000e+00	
 0.0000e+00	
 0.0000e+00	
 0.0000e+00	
 0.0000e+00	
 0.0000e+00	
 0.0000e+00	
 0.0000e+00	
 0.0000e+00	
 0.0000e+00	
 0.0000e+00	
 0.0000e+00	
 0.0000e+00	
 0.0000e+00	
 0.0000e+00	
 0.0000e+00	
 0.0000e+00	
 0.0000e+00	
 0.0000e+00	
 0.0000e+00	
 0.0000e+00	
 0.0000e+00	
 0.0000e+00	
 0.0000e+00	
 0.0000e+00	
 0.0000e+00	
 0.0000e+00	
 0.0000e+00	
 0.0000e+00	
 0.0000e+00	
 0.0000e+00	
 0.0000e+00	
 0.0000e+00	
 0.0000e+00	
 0.0000e+00	
 0.0000e+00	
 0.0000e+00	
 0.0000e+00	
 0.0000e+00	
 0.0000e+00	
 0.0000e+00	
 0.0000e+00	
 0.0000e+00	
 0.0000e+00	
 0.0000e+00	
 0.0000e+00	
 0.0000e+00	
 0.0000e+00	
 0.0000e+00	
 0.0000e+00	
 0.0000e+00	
 0.0000e+00	
 0.0000e+00	
 0.0000e+00	
 0.0000e+00	
 0.0000e+00	
 0.0000e+00	
 0.0000e+00	
 0.0000e+00	
 0.0000e+00	
 0.0000e+00	
 0.0000e+00	
 0.0000e+00	
 0.0000e+00	
 0.0000e+00	
 0.0000e+00	
 0.0000e+00	
 0.0000e+00	
 0.0000e+00	
 0.0000e+00	
 0.0000e+00	
 0.0000e+00	
 0.0000e+00	
 0.0000e+00	
 0.0000e+00	
 0.0000e+00	
 0.0000e+00	
 0.0000e+00	
 0.0000e+00	
 0.0000e+00	
 0.0000e+00	
 0.0000e+00	
 0.0000e+00	
 0.0000e+00	
 0.0000e+00	
 0.0000e+00	
 0.0000e+00	
 0.0000e+00	
 0.0000e+00	
 0.0000e+00	
 0.0000e+00	
 0.0000e+00	
 0.0000e+00	
 0.0000e+00	
 0.0000e+00	
 0.0000e+00	
 0.0000e+00	
 0.0000e+00	
 0.0000e+00	
 0.0000e+00	
 0.0000e+00	
 0.0000e+00	
 0.0000e+00	
 0.0000e+00	
 0.0000e+00	
 0.0000e+00	
 0.0000e+00	
 0.0000e+00	
 0.0000e+00	
 0.0000e+00	
 0.0000e+00	
 0.0000e+00	
 0.0000e+00	
 0.0000e+00	
 0.0000e+00	
 0.0000e+00	
 0.0000e+00	
 0.0000e+00	
 0.0000e+00	
 0.0000e+00	
 0.0000e+00	
 0.0000e+00	
 0.0000e+00	
 0.0000e+00	
 0.0000e+00	
 0.0000e+00	
 0.0000e+00	
 0.0000e+00	
 0.0000e+00	
 0.0000e+00	
 0.0000e+00	
 0.0000e+00	
 0.0000e+00	
 0.0000e+00	
 0.0000e+00	
 0.0000e+00	
 0.0000e+00	
 0.0000e+00	
 0.0000e+00	
 0.0000e+00	
 0.0000e+00	
 0.0000e+00	
 0.0000e+00	
 0.0000e+00	
 0.0000e+00	
 0.0000e+00	
 0.0000e+00	
 0.0000e+00	
 0.0000e+00	
 0.0000e+00	
 0.0000e+00	
 0.0000e+00	
 0.0000e+00	
 0.0000e+00	
 0.0000e+00	
 0.0000e+00	
 0.0000e+00	
 0.0000e+00	
 0.0000e+00	
 0.0000e+00	
 0.0000e+00	
 0.0000e+00	
 0.0000e+00	
 0.0000e+00	
 0.0000e+00	
 0.0000e+00	
 0.0000e+00	
 0.0000e+00	
 0.0000e+00	
 0.0000e+00	
 0.0000e+00	
 0.0000e+00	
 0.0000e+00	
 0.0000e+00	
 0.0000e+00	
 0.0000e+00	
 0.0000e+00	
 0.0000e+00	
 0.0000e+00	
 0.0000e+00	
 0.0000e+00	
 0.0000e+00	
 0.0000e+00	
 0.0000e+00	
 0.0000e+00	
 0.0000e+00	
 0.0000e+00	
 0.0000e+00	
 0.0000e+00	
 0.0000e+00	
 0.0000e+00	
 0.0000e+00	
 0.0000e+00	
 0.0000e+00	
 0.0000e+00	
 0.0000e+00	
 0.0000e+00	
 0.0000e+00	
 0.0000e+00	
 0.0000e+00	
 0.0000e+00	
 0.0000e+00	
 0.0000e+00	
 0.0000e+00	
 0.0000e+00	
 0.0000e+00	
 0.0000e+00	
 0.0000e+00	
 0.0000e+00	
 0.0000e+00	
 0.0000e+00	
 0.0000e+00	
 0.0000e+00	
 0.0000e+00	
 0.0000e+00	
 0.0000e+00	
 0.0000e+00	
 0.0000e+00	
 0.0000e+00	
 0.0000e+00	
 0.0000e+00	
 0.0000e+00	
 0.0000e+00	
 0.0000e+00	
 0.0000e+00	
 0.0000e+00	
 0.0000e+00	
 0.0000e+00	
 0.0000e+00	
 0.0000e+00	
 0.0000e+00	
 0.0000e+00	
 0.0000e+00	
 0.0000e+00	
 0.0000e+00	
 0.0000e+00	
 0.0000e+00	
 0.0000e+00	
 0.0000e+00	
 0.0000e+00	
 0.0000e+00	
 0.0000e+00	
 0.0000e+00	
 0.0000e+00	
 0.0000e+00	
 0.0000e+00	
 0.0000e+00	
 0.0000e+00	
 0.0000e+00	
 0.0000e+00	
 0.0000e+00	
 0.0000e+00	
 0.0000e+00	
 0.0000e+00	
 0.0000e+00	
 0.0000e+00	
 0.0000e+00	
 0.0000e+00	
 0.0000e+00	
 0.0000e+00	
 0.0000e+00	
 0.0000e+00	
 0.0000e+00	
 0.0000e+00	
 0.0000e+00	
 0.0000e+00	
 0.0000e+00	
 0.0000e+00	
 0.0000e+00	
 0.0000e+00	
 0.0000e+00	
 0.0000e+00	
 0.0000e+00	
 0.0000e+00	
 0.0000e+00	
 0.0000e+00	
 0.0000e+00	
 0.0000e+00	
 0.0000e+00	
 0.0000e+00	
 0.0000e+00	
 0.0000e+00	
 0.0000e+00	
 0.0000e+00	
 0.0000e+00	
 0.0000e+00	
 0.0000e+00	
 0.0000e+00	
 0.0000e+00	
 0.0000e+00	
 0.0000e+00	
 0.0000e+00	
 0.0000e+00	
 0.0000e+00	
 0.0000e+00	
 0.0000e+00	
 0.0000e+00	
 0.0000e+00	
 0.0000e+00	
 0.0000e+00	
 0.0000e+00	
 0.0000e+00	
 0.0000e+00	
 0.0000e+00	
 0.0000e+00	
 0.0000e+00	
 0.0000e+00	
 0.0000e+00	
 0.0000e+00	
 0.0000e+00	
 0.0000e+00	
 0.0000e+00	
 0.0000e+00	
 0.0000e+00	
 0.0000e+00	
 0.0000e+00	
 0.0000e+00	
 0.0000e+00	
 0.0000e+00	
 0.0000e+00	
 0.0000e+00	
 0.0000e+00	
 0.0000e+00	
 0.0000e+00	
 0.0000e+00	
 0.0000e+00	
 0.0000e+00	
 0.0000e+00	
 0.0000e+00	
 0.0000e+00	
 0.0000e+00	
 0.0000e+00	
 0.0000e+00	
 0.0000e+00	
 0.0000e+00	
 0.0000e+00	
 0.0000e+00	
 0.0000e+00	
 0.0000e+00	
 0.0000e+00	
 0.0000e+00	
 0.0000e+00	
 0.0000e+00	
 0.0000e+00	
 0.0000e+00	
 0.0000e+00	
 0.0000e+00	
 0.0000e+00	
 0.0000e+00	
 0.0000e+00	
 0.0000e+00	
 0.0000e+00	
 0.0000e+00	
 0.0000e+00	
 0.0000e+00	
 0.0000e+00	
 0.0000e+00	
 0.0000e+00	
 0.0000e+00	
 0.0000e+00	
 0.0000e+00	
 0.0000e+00	
 0.0000e+00	
 0.0000e+00	
 0.0000e+00	
 0.0000e+00	
 0.0000e+00	
