Gradient norm	
 4.8260e-01	
 7.0950e-01	
 9.5689e-01	
 2.5572e-01	
 6.7099e-01	
 8.9563e-01	
 5.2044e-01	
 1.3290e+00	
 2.1795e-01	
 2.0829e-01	
 2.0764e-01	
 2.0714e-01	
 2.0612e-01	
 2.1078e-01	
 6.0284e-01	
 5.3272e-01	
 5.6568e-01	
 2.1815e-01	
 2.0963e-01	
 2.0639e-01	
 2.0712e-01	
 2.0521e-01	
 2.0591e-01	
 2.0523e-01	
 2.0511e-01	
 2.1091e-01	
 2.1196e-01	
 2.1207e-01	
 2.0462e-01	
 2.0466e-01	
 2.1382e-01	
 2.0457e-01	
 2.0617e-01	
 2.0518e-01	
 2.0501e-01	
 2.0851e-01	
 2.0760e-01	
 2.1638e-01	
 2.0918e-01	
 2.0636e-01	
 2.0640e-01	
 2.0463e-01	
 2.0636e-01	
 2.0446e-01	
 2.0453e-01	
 2.0475e-01	
 2.0493e-01	
 2.0645e-01	
 2.0560e-01	
 2.0551e-01	
 2.0667e-01	
 2.0489e-01	
 2.0147e-01	
 2.0083e-01	
 2.0448e-01	
 2.0453e-01	
 2.4109e-01	
 2.0612e-01	
 2.0621e-01	
 2.0647e-01	
 2.0499e-01	
 2.1426e-01	
 2.0167e-01	
 1.7442e-01	
 2.0730e-01	
 2.0765e-01	
 2.0699e-01	
 2.0618e-01	
 2.0612e-01	
 2.0604e-01	
 2.0610e-01	
 2.0601e-01	
 2.0607e-01	
 2.0600e-01	
 2.0606e-01	
 2.0598e-01	
 2.0604e-01	
 2.0597e-01	
 2.0602e-01	
 2.0594e-01	
 2.0591e-01	
 2.0600e-01	
 2.0593e-01	
 1.8594e-01	
 2.2043e-01	
 1.8328e-01	
 2.0408e-01	
 1.6359e-01	
 2.0595e-01	
 2.0686e-01	
 2.0630e-01	
 2.1352e-01	
 2.0966e-01	
 2.0801e-01	
 2.0080e-01	
 2.0589e-01	
 2.1417e-01	
 2.0582e-01	
 2.0595e-01	
 2.1776e-01	
 2.3060e-01	
 1.8041e-01	
 2.0578e-01	
 2.0594e-01	
 2.0585e-01	
 2.0593e-01	
 2.0584e-01	
 2.0592e-01	
 2.0583e-01	
 2.0591e-01	
 2.1118e-01	
 1.9235e-01	
 2.1561e-01	
 2.1448e-01	
 2.2724e-01	
 1.7918e-01	
 2.0584e-01	
 1.8168e-01	
 1.7700e-01	
 2.0574e-01	
 2.0590e-01	
 2.0580e-01	
 2.0590e-01	
 1.7260e-01	
 2.0576e-01	
 2.0589e-01	
 2.0401e-01	
 2.1183e-01	
 2.1243e-01	
 2.0291e-01	
 1.8506e-01	
 1.8964e-01	
 2.0784e-01	
 1.8485e-01	
 2.3848e-01	
 1.7610e-01	
 2.3365e-01	
 2.1094e-01	
 2.1300e-01	
 1.9476e-01	
 1.8891e-01	
 2.2306e-01	
 2.0578e-01	
 2.2243e-01	
 1.8630e-01	
 2.1569e-01	
 2.2069e-01	
 2.0145e-01	
 2.1335e-01	
 1.8567e-01	
 2.0829e-01	
 1.8028e-01	
 2.0621e-01	
 2.0117e-01	
 2.1363e-01	
 1.8385e-01	
 1.9216e-01	
 1.8391e-01	
 2.0651e-01	
 1.9577e-01	
 2.0739e-01	
 2.3249e-01	
 2.0994e-01	
 1.8981e-01	
 1.8851e-01	
 1.7204e-01	
 1.7902e-01	
 1.8800e-01	
 2.3287e-01	
 1.6898e-01	
 1.6953e-01	
 1.6603e-01	
 2.7699e-01	
 2.1224e-01	
 2.8020e-01	
 2.1131e-01	
 2.4486e-01	
 2.1082e-01	
 1.8548e-01	
 2.1517e-01	
 2.3265e-01	
 1.9813e-01	
 2.6900e-01	
 2.1355e-01	
 2.4715e-01	
 1.7340e-01	
 2.1237e-01	
 2.0788e-01	
 1.6735e-01	
 2.0599e-01	
 1.8061e-01	
 2.1120e-01	
 2.1891e-01	
 2.0580e-01	
 1.8322e-01	
 2.1683e-01	
 2.1530e-01	
 2.3947e-01	
 2.1291e-01	
 2.3094e-01	
 2.3431e-01	
 1.9978e-01	
 2.3190e-01	
 1.9343e-01	
 1.9914e-01	
 2.2922e-01	
 2.1201e-01	
 2.3064e-01	
 2.2922e-01	
 2.2065e-01	
 2.3379e-01	
 2.2869e-01	
 2.0692e-01	
 2.9636e-01	
 2.4637e-01	
 2.1293e-01	
 2.5019e-01	
 2.0327e-01	
 2.1084e-01	
 1.9573e-01	
 1.9968e-01	
 1.9581e-01	
 2.0210e-01	
 2.0745e-01	
 2.1677e-01	
 2.2397e-01	
 2.0130e-01	
 1.9609e-01	
 2.0261e-01	
 2.5448e-01	
 2.0302e-01	
 2.0365e-01	
 3.0365e-01	
 1.9064e-01	
 1.8868e-01	
 1.9349e-01	
 2.0616e-01	
 2.3373e-01	
 2.3686e-01	
 1.6775e-01	
 2.1389e-01	
 2.5024e-01	
 2.1887e-01	
 4.2477e-01	
 1.6755e-01	
 1.6678e-01	
 1.6636e-01	
 1.6629e-01	
 1.6626e-01	
 1.6623e-01	
 1.6620e-01	
 1.6618e-01	
 1.6615e-01	
 1.6612e-01	
 1.6610e-01	
 1.6607e-01	
 1.6605e-01	
 1.6602e-01	
 1.6600e-01	
 1.6597e-01	
 1.6595e-01	
 1.6593e-01	
 1.6590e-01	
 1.6588e-01	
 1.6586e-01	
 1.6583e-01	
 1.6581e-01	
 1.6579e-01	
 1.6576e-01	
 1.6574e-01	
 1.6572e-01	
 1.6570e-01	
 1.6567e-01	
 1.6565e-01	
 1.6563e-01	
 1.6561e-01	
 1.6559e-01	
 1.6557e-01	
 1.6555e-01	
 1.6552e-01	
 1.6550e-01	
 1.6548e-01	
 1.6546e-01	
 1.6544e-01	
 1.6542e-01	
 1.6540e-01	
 1.6538e-01	
 1.6536e-01	
 1.6534e-01	
 1.6533e-01	
 1.6531e-01	
 1.6529e-01	
 1.6527e-01	
 1.6525e-01	
 1.6523e-01	
 1.6521e-01	
 1.6519e-01	
 1.6518e-01	
 1.6516e-01	
 1.6514e-01	
 1.6512e-01	
 1.6511e-01	
 1.6509e-01	
 1.6507e-01	
 1.6505e-01	
 1.6504e-01	
 1.6502e-01	
 1.6500e-01	
 1.6499e-01	
 1.6497e-01	
 1.6495e-01	
 1.6494e-01	
 1.6492e-01	
 1.6490e-01	
 1.6489e-01	
 1.6487e-01	
 1.6486e-01	
 1.6484e-01	
 1.6483e-01	
 1.6481e-01	
 1.6480e-01	
 1.6478e-01	
