Training loss	Validation loss	
 8.0664e-02	 5.9190e-02	
 5.1328e-02	 8.0453e-02	
 5.2088e-02	 9.8544e-02	
 6.4330e-02	 7.0609e-02	
 5.1096e-02	 6.4716e-02	
 5.0903e-02	 8.4407e-02	
 4.7653e-02	 6.4930e-02	
 4.5008e-02	 6.4244e-02	
 6.6633e-02	 7.9812e-02	
 6.0268e-02	 7.7361e-02	
 6.0208e-02	 7.7212e-02	
 6.0175e-02	 7.7031e-02	
 6.0119e-02	 7.6969e-02	
 5.9890e-02	 7.6010e-02	
 4.9773e-02	 6.4212e-02	
 3.4163e-02	 6.1004e-02	
 5.3286e-02	 6.7381e-02	
 5.9608e-02	 8.0781e-02	
 6.0283e-02	 7.7463e-02	
 6.0207e-02	 7.7262e-02	
 6.0199e-02	 7.7246e-02	
 6.0197e-02	 7.6806e-02	
 6.0171e-02	 7.6760e-02	
 6.0150e-02	 7.6741e-02	
 6.0179e-02	 7.6741e-02	
 6.0137e-02	 7.7052e-02	
 6.0163e-02	 7.7032e-02	
 6.0162e-02	 7.6985e-02	
 6.0143e-02	 7.6592e-02	
 6.0123e-02	 7.6532e-02	
 6.0129e-02	 7.6868e-02	
 6.0132e-02	 7.6456e-02	
 6.0118e-02	 7.6563e-02	
 6.0176e-02	 7.6338e-02	
 6.0148e-02	 7.6395e-02	
 6.0145e-02	 7.6309e-02	
 6.0195e-02	 7.6238e-02	
 6.0165e-02	 7.6405e-02	
 6.0103e-02	 7.6026e-02	
 6.0093e-02	 7.7245e-02	
 6.0174e-02	 7.7323e-02	
 6.0196e-02	 7.5906e-02	
 6.0135e-02	 7.7309e-02	
 6.0174e-02	 7.5799e-02	
 6.0075e-02	 7.5689e-02	
 6.0133e-02	 7.5710e-02	
 6.0055e-02	 7.5556e-02	
 6.0139e-02	 7.5716e-02	
 6.0100e-02	 7.7302e-02	
 6.0155e-02	 7.7240e-02	
 6.0218e-02	 7.7427e-02	
 6.0176e-02	 7.7244e-02	
 6.0167e-02	 7.7173e-02	
 6.0107e-02	 7.7143e-02	
 6.0114e-02	 7.5431e-02	
 6.0115e-02	 7.5507e-02	
 6.0134e-02	 7.5410e-02	
 6.0087e-02	 7.7222e-02	
 6.0165e-02	 7.7355e-02	
 6.0167e-02	 7.7256e-02	
 6.0238e-02	 7.7026e-02	
 6.0131e-02	 7.6102e-02	
 6.0123e-02	 7.6811e-02	
 6.0050e-02	 7.6818e-02	
 6.0089e-02	 7.7222e-02	
 6.0118e-02	 7.7211e-02	
 6.0144e-02	 7.7328e-02	
 6.0224e-02	 7.7287e-02	
 6.0124e-02	 7.7370e-02	
 6.0281e-02	 7.7289e-02	
 6.0127e-02	 7.7371e-02	
 6.0323e-02	 7.7276e-02	
 6.0112e-02	 7.7369e-02	
 6.0262e-02	 7.7286e-02	
 6.0115e-02	 7.7374e-02	
 6.0255e-02	 7.7289e-02	
 6.0121e-02	 7.7377e-02	
 6.0263e-02	 7.7295e-02	
 6.0111e-02	 7.7378e-02	
 6.0291e-02	 7.7289e-02	
 6.0245e-02	 7.7256e-02	
 6.0092e-02	 7.7375e-02	
 6.0323e-02	 7.7311e-02	
 6.0101e-02	 7.6126e-02	
 6.0152e-02	 7.5627e-02	
 5.9836e-02	 7.5971e-02	
 6.0121e-02	 7.4741e-02	
 6.0017e-02	 7.6583e-02	
 6.0083e-02	 7.7370e-02	
 6.0185e-02	 7.6887e-02	
 6.0073e-02	 7.7290e-02	
 6.0110e-02	 7.5699e-02	
 6.0050e-02	 7.4826e-02	
 6.0088e-02	 7.6591e-02	
 6.0069e-02	 7.4471e-02	
 6.0000e-02	 7.7309e-02	
 6.0201e-02	 7.6743e-02	
 6.0095e-02	 7.7231e-02	
 6.0088e-02	 7.7396e-02	
 6.0399e-02	 7.5982e-02	
 6.0119e-02	 7.5506e-02	
 5.9845e-02	 7.5815e-02	
 6.0121e-02	 7.7185e-02	
 6.0091e-02	 7.7401e-02	
 6.0321e-02	 7.7301e-02	
 6.0063e-02	 7.7409e-02	
 6.0372e-02	 7.7306e-02	
 6.0052e-02	 7.7412e-02	
 6.0373e-02	 7.7301e-02	
 6.0037e-02	 7.7412e-02	
 6.0407e-02	 7.6731e-02	
 6.0178e-02	 7.6734e-02	
 6.0107e-02	 7.5872e-02	
 6.0075e-02	 7.5826e-02	
 6.0116e-02	 7.5534e-02	
 5.9793e-02	 7.5312e-02	
 5.9951e-02	 7.7347e-02	
 6.0056e-02	 7.5914e-02	
 5.9994e-02	 7.5854e-02	
 6.0156e-02	 7.7202e-02	
 6.0075e-02	 7.7415e-02	
 6.0329e-02	 7.7306e-02	
 6.0036e-02	 7.7428e-02	
 6.0154e-02	 7.5697e-02	
 6.0131e-02	 7.7261e-02	
 6.0047e-02	 7.7427e-02	
 6.0405e-02	 7.4630e-02	
 6.0097e-02	 7.6660e-02	
 6.0099e-02	 7.5293e-02	
 6.0006e-02	 7.7221e-02	
 6.0094e-02	 7.6921e-02	
 5.9800e-02	 7.5954e-02	
 6.0083e-02	 7.5562e-02	
 5.9708e-02	 7.6045e-02	
 6.0239e-02	 7.5354e-02	
 5.9721e-02	 7.5123e-02	
 6.0440e-02	 7.5543e-02	
 6.0059e-02	 7.6096e-02	
 6.0043e-02	 7.5036e-02	
 5.9718e-02	 7.5935e-02	
 5.9848e-02	 7.5861e-02	
 6.0213e-02	 7.4582e-02	
 6.0178e-02	 7.6050e-02	
 5.9754e-02	 7.5052e-02	
 6.0153e-02	 7.6491e-02	
 5.9992e-02	 7.5589e-02	
 6.0052e-02	 7.5365e-02	
 6.0108e-02	 7.5297e-02	
 5.9976e-02	 7.5310e-02	
 5.9729e-02	 7.5869e-02	
 6.0113e-02	 7.5646e-02	
 5.9811e-02	 7.5716e-02	
 6.0074e-02	 7.6196e-02	
 6.0029e-02	 7.5026e-02	
 5.9999e-02	 7.5179e-02	
 5.9729e-02	 7.5747e-02	
 5.9804e-02	 7.5754e-02	
 5.9763e-02	 7.5936e-02	
 6.0066e-02	 7.5737e-02	
 6.0128e-02	 7.4715e-02	
 6.0026e-02	 7.5622e-02	
 6.0162e-02	 7.4642e-02	
 6.0022e-02	 7.5004e-02	
 5.9774e-02	 7.5305e-02	
 5.9837e-02	 7.5770e-02	
 5.9714e-02	 7.4714e-02	
 5.9871e-02	 7.5336e-02	
 5.9801e-02	 7.5826e-02	
 6.0169e-02	 7.4832e-02	
 5.9742e-02	 7.4822e-02	
 5.9898e-02	 7.5445e-02	
 5.9957e-02	 7.5379e-02	
 6.0185e-02	 7.4351e-02	
 6.0220e-02	 7.6155e-02	
 6.0117e-02	 7.4193e-02	
 6.0104e-02	 7.6829e-02	
 5.9701e-02	 7.4828e-02	
 6.0280e-02	 7.6532e-02	
 5.9964e-02	 7.4611e-02	
 6.0092e-02	 7.4162e-02	
 6.0169e-02	 7.4936e-02	
 5.9785e-02	 7.5786e-02	
 6.0202e-02	 7.4208e-02	
 6.0182e-02	 7.7094e-02	
 5.9788e-02	 7.4768e-02	
 5.9859e-02	 7.5384e-02	
 6.0173e-02	 7.5768e-02	
 5.9972e-02	 7.6850e-02	
 6.0042e-02	 7.6475e-02	
 6.0161e-02	 7.7046e-02	
 6.0172e-02	 7.5450e-02	
 6.0400e-02	 7.7346e-02	
 5.9899e-02	 7.6919e-02	
 5.9942e-02	 7.6187e-02	
 6.0243e-02	 7.4676e-02	
 5.9975e-02	 7.6334e-02	
 6.0007e-02	 7.5971e-02	
 6.0188e-02	 7.4013e-02	
 6.0016e-02	 7.6478e-02	
 6.0187e-02	 7.4978e-02	
 6.0189e-02	 7.4488e-02	
 6.0215e-02	 7.4896e-02	
 6.0201e-02	 7.4452e-02	
 5.9819e-02	 7.5455e-02	
 6.0285e-02	 7.4913e-02	
 6.0195e-02	 7.4445e-02	
 5.9995e-02	 7.6342e-02	
 6.0108e-02	 7.4908e-02	
 6.0014e-02	 7.4850e-02	
 6.0075e-02	 7.4818e-02	
 6.0463e-02	 7.4510e-02	
 6.0250e-02	 7.4897e-02	
 6.0176e-02	 7.5239e-02	
 6.0183e-02	 7.4177e-02	
 6.0226e-02	 7.4063e-02	
 6.0109e-02	 7.5688e-02	
 5.9674e-02	 7.4675e-02	
 6.0252e-02	 7.5117e-02	
 5.9801e-02	 7.4074e-02	
 6.0285e-02	 7.6232e-02	
 6.0117e-02	 7.4879e-02	
 6.0029e-02	 7.4914e-02	
 6.0065e-02	 7.4690e-02	
 6.0088e-02	 7.5037e-02	
 6.0022e-02	 7.4833e-02	
 6.0086e-02	 7.4737e-02	
 5.9608e-02	 7.5586e-02	
 5.9822e-02	 7.5590e-02	
 6.0156e-02	 7.4416e-02	
 6.0166e-02	 7.4809e-02	
 6.0356e-02	 7.5751e-02	
 5.9848e-02	 7.5087e-02	
 6.0302e-02	 7.4222e-02	
 5.9969e-02	 7.6355e-02	
 6.0765e-02	 7.4919e-02	
 6.0076e-02	 7.7306e-02	
 6.0075e-02	 7.7468e-02	
 6.0180e-02	 7.7261e-02	
 6.0246e-02	 7.5239e-02	
 5.9815e-02	 7.4782e-02	
 6.0493e-02	 7.7044e-02	
 5.9867e-02	 7.5242e-02	
 5.9990e-02	 7.7098e-02	
 6.0386e-02	 7.8598e-02	
 6.1124e-02	 7.5704e-02	
 6.1040e-02	 7.5169e-02	
 5.9985e-02	 7.4725e-02	
 5.9986e-02	 7.4663e-02	
 5.9987e-02	 7.4654e-02	
 5.9987e-02	 7.4653e-02	
 5.9987e-02	 7.4654e-02	
 5.9987e-02	 7.4654e-02	
 5.9987e-02	 7.4655e-02	
 5.9987e-02	 7.4655e-02	
 5.9987e-02	 7.4656e-02	
 5.9987e-02	 7.4656e-02	
 5.9987e-02	 7.4657e-02	
 5.9987e-02	 7.4657e-02	
 5.9986e-02	 7.4658e-02	
 5.9986e-02	 7.4659e-02	
 5.9986e-02	 7.4659e-02	
 5.9986e-02	 7.4660e-02	
 5.9986e-02	 7.4660e-02	
 5.9986e-02	 7.4661e-02	
 5.9986e-02	 7.4661e-02	
 5.9986e-02	 7.4662e-02	
 5.9986e-02	 7.4662e-02	
 5.9986e-02	 7.4663e-02	
 5.9986e-02	 7.4663e-02	
 5.9986e-02	 7.4664e-02	
 5.9986e-02	 7.4664e-02	
 5.9986e-02	 7.4665e-02	
 5.9986e-02	 7.4665e-02	
 5.9985e-02	 7.4666e-02	
 5.9985e-02	 7.4666e-02	
 5.9985e-02	 7.4667e-02	
 5.9985e-02	 7.4667e-02	
 5.9985e-02	 7.4668e-02	
 5.9985e-02	 7.4668e-02	
 5.9985e-02	 7.4669e-02	
 5.9985e-02	 7.4669e-02	
 5.9985e-02	 7.4669e-02	
 5.9985e-02	 7.4670e-02	
 5.9985e-02	 7.4670e-02	
 5.9985e-02	 7.4671e-02	
 5.9985e-02	 7.4671e-02	
 5.9985e-02	 7.4672e-02	
 5.9985e-02	 7.4672e-02	
 5.9985e-02	 7.4673e-02	
 5.9984e-02	 7.4673e-02	
 5.9984e-02	 7.4673e-02	
 5.9984e-02	 7.4674e-02	
 5.9984e-02	 7.4674e-02	
 5.9984e-02	 7.4675e-02	
 5.9984e-02	 7.4675e-02	
 5.9984e-02	 7.4676e-02	
 5.9984e-02	 7.4676e-02	
 5.9984e-02	 7.4676e-02	
 5.9984e-02	 7.4677e-02	
 5.9984e-02	 7.4677e-02	
 5.9984e-02	 7.4678e-02	
 5.9984e-02	 7.4678e-02	
 5.9984e-02	 7.4678e-02	
 5.9984e-02	 7.4679e-02	
 5.9984e-02	 7.4679e-02	
 5.9983e-02	 7.4680e-02	
 5.9983e-02	 7.4680e-02	
 5.9983e-02	 7.4680e-02	
 5.9983e-02	 7.4681e-02	
 5.9983e-02	 7.4681e-02	
 5.9983e-02	 7.4682e-02	
 5.9983e-02	 7.4682e-02	
 5.9983e-02	 7.4682e-02	
 5.9983e-02	 7.4683e-02	
 5.9983e-02	 7.4683e-02	
 5.9983e-02	 7.4683e-02	
 5.9983e-02	 7.4684e-02	
 5.9983e-02	 7.4684e-02	
 5.9983e-02	 7.4684e-02	
 5.9983e-02	 7.4685e-02	
 5.9983e-02	 7.4685e-02	
 5.9982e-02	 7.4686e-02	
