Gradient norm	
 2.9287e-01	
 1.5912e-01	
 1.4580e-01	
 1.4401e-01	
 1.4140e-01	
 1.3848e-01	
 1.3548e-01	
 1.3272e-01	
 1.3037e-01	
 1.2800e-01	
 1.2569e-01	
 1.2356e-01	
 1.2161e-01	
 1.1983e-01	
 1.1828e-01	
 1.1697e-01	
 1.1592e-01	
 1.1512e-01	
 1.1459e-01	
 1.1429e-01	
 1.1418e-01	
 1.1422e-01	
 1.1437e-01	
 1.1460e-01	
 1.1491e-01	
 1.1532e-01	
 1.1588e-01	
 1.1660e-01	
 1.1748e-01	
 1.1835e-01	
 1.1864e-01	
 1.1485e-01	
 9.7163e-02	
 6.5032e-02	
 4.5374e-02	
 4.1341e-02	
 4.1316e-02	
 4.1688e-02	
 4.1992e-02	
 4.2136e-02	
 4.2069e-02	
 4.1852e-02	
 4.1580e-02	
 4.1190e-02	
 4.0801e-02	
 4.0338e-02	
 3.9845e-02	
 3.9336e-02	
 3.8812e-02	
 3.8243e-02	
 3.7634e-02	
 3.7022e-02	
 3.6398e-02	
 3.5756e-02	
 3.5104e-02	
 3.4428e-02	
 3.3755e-02	
 3.3109e-02	
 3.2485e-02	
 3.1876e-02	
 3.1283e-02	
 3.0689e-02	
 3.0100e-02	
 2.9496e-02	
 2.8964e-02	
 2.8438e-02	
 2.7924e-02	
 2.7384e-02	
 2.6847e-02	
 2.6315e-02	
 2.5778e-02	
 2.5283e-02	
 2.4804e-02	
 2.4324e-02	
 2.3825e-02	
 2.3348e-02	
 2.2866e-02	
 2.2420e-02	
 2.1981e-02	
 2.1571e-02	
 2.1193e-02	
 2.0838e-02	
 2.0446e-02	
 2.0079e-02	
 1.9747e-02	
 1.9419e-02	
 1.9121e-02	
 1.8814e-02	
 1.8524e-02	
 1.8268e-02	
 1.8027e-02	
 1.7782e-02	
 1.7554e-02	
 1.7352e-02	
 1.7147e-02	
 1.6954e-02	
 1.6777e-02	
 1.6610e-02	
 1.6448e-02	
 1.6310e-02	
 1.6182e-02	
 1.6070e-02	
 1.5976e-02	
 1.5874e-02	
 1.5794e-02	
 1.5716e-02	
 1.5649e-02	
 1.5591e-02	
 1.5548e-02	
 1.5504e-02	
 1.5471e-02	
 1.5448e-02	
 1.5430e-02	
 1.5416e-02	
 1.5407e-02	
 1.5401e-02	
 1.5392e-02	
 1.5378e-02	
 1.5367e-02	
 1.5335e-02	
 1.5281e-02	
 1.5242e-02	
 1.5245e-02	
 1.5319e-02	
 1.5486e-02	
 1.5722e-02	
 1.6245e-02	
 1.6949e-02	
 1.7784e-02	
 1.8741e-02	
 1.9694e-02	
 2.0783e-02	
 2.1989e-02	
 2.3177e-02	
 2.4503e-02	
 2.5767e-02	
 2.6984e-02	
 2.8225e-02	
 2.9311e-02	
 3.0382e-02	
 3.1231e-02	
 3.2147e-02	
 3.2902e-02	
 3.3512e-02	
 3.3913e-02	
 3.4338e-02	
 3.4722e-02	
 3.5122e-02	
 3.5534e-02	
 3.5792e-02	
 3.6072e-02	
 3.6328e-02	
 3.6562e-02	
 3.6721e-02	
 3.6828e-02	
 3.6969e-02	
 3.7089e-02	
 3.7252e-02	
 3.7367e-02	
 3.7488e-02	
 3.7612e-02	
 3.7632e-02	
 3.7737e-02	
 3.7856e-02	
 3.7946e-02	
 3.8095e-02	
 3.8196e-02	
 3.8292e-02	
 3.8364e-02	
 3.8487e-02	
 3.8594e-02	
 3.8661e-02	
 3.8754e-02	
 3.8816e-02	
 3.8891e-02	
 3.8987e-02	
 3.9048e-02	
 3.9153e-02	
 3.9216e-02	
 3.9263e-02	
 3.9339e-02	
 3.9354e-02	
 3.9440e-02	
 3.9480e-02	
 3.9538e-02	
 3.9560e-02	
 3.9595e-02	
 3.9646e-02	
 3.9679e-02	
 3.9690e-02	
 3.9707e-02	
 3.9711e-02	
 3.9745e-02	
 3.9746e-02	
 3.9760e-02	
 3.9764e-02	
 3.9766e-02	
 3.9758e-02	
 3.9744e-02	
 3.9752e-02	
 3.9757e-02	
 3.9741e-02	
 3.9741e-02	
 3.9731e-02	
 3.9715e-02	
 3.9694e-02	
 3.9688e-02	
 3.9657e-02	
 3.9634e-02	
 3.9625e-02	
 3.9615e-02	
 3.9596e-02	
 3.9554e-02	
 3.9524e-02	
 3.9487e-02	
 3.9434e-02	
 3.9393e-02	
 3.9365e-02	
 3.9280e-02	
 3.9241e-02	
 3.9185e-02	
 3.9107e-02	
 3.9058e-02	
 3.9000e-02	
 3.8927e-02	
 3.8859e-02	
 3.8808e-02	
 3.8723e-02	
 3.8658e-02	
 3.8588e-02	
 3.8523e-02	
 3.8472e-02	
 3.8418e-02	
 3.8343e-02	
 3.8265e-02	
 3.8211e-02	
 3.8142e-02	
 3.8073e-02	
 3.8000e-02	
 3.7939e-02	
 3.7870e-02	
 3.7802e-02	
 3.7746e-02	
 3.7674e-02	
 3.7618e-02	
 3.7546e-02	
 3.7496e-02	
 3.7430e-02	
 3.7368e-02	
 3.7302e-02	
 3.7226e-02	
 3.7139e-02	
 3.7031e-02	
 3.6949e-02	
 3.6871e-02	
 3.6819e-02	
 3.6739e-02	
 3.6675e-02	
 3.6633e-02	
 3.6558e-02	
 3.6518e-02	
 3.6463e-02	
 3.6414e-02	
 3.6366e-02	
 3.6300e-02	
 3.6245e-02	
 3.6180e-02	
