Gradient norm	
 1.5589e+00	
 5.6188e-01	
 7.8233e-02	
 7.9018e-02	
 7.8629e-02	
 7.7409e-02	
 7.6025e-02	
 7.4247e-02	
 7.2354e-02	
 7.0271e-02	
 6.8037e-02	
 6.5373e-02	
 6.2007e-02	
 5.7090e-02	
 5.3151e-02	
 5.2748e-02	
 5.2955e-02	
 5.3169e-02	
 5.3353e-02	
 5.3697e-02	
 5.4212e-02	
 5.4762e-02	
 5.5420e-02	
 5.6061e-02	
 5.6678e-02	
 5.7024e-02	
 5.6597e-02	
 5.4610e-02	
 4.9869e-02	
 4.1850e-02	
 3.2414e-02	
 2.5182e-02	
 2.0876e-02	
 1.8531e-02	
 1.7148e-02	
 1.6212e-02	
 1.5490e-02	
 1.4927e-02	
 1.4454e-02	
 1.4163e-02	
 1.4013e-02	
 1.3917e-02	
 1.3928e-02	
 1.4024e-02	
 1.4201e-02	
 1.4450e-02	
 1.4708e-02	
 1.5091e-02	
 1.5489e-02	
 1.5970e-02	
 1.6531e-02	
 1.7050e-02	
 1.7633e-02	
 1.8292e-02	
 1.8861e-02	
 1.9410e-02	
 2.0129e-02	
 2.0701e-02	
 2.1391e-02	
 2.1962e-02	
 2.2666e-02	
 2.3334e-02	
 2.3979e-02	
 2.4642e-02	
 2.5275e-02	
 2.5938e-02	
 2.6599e-02	
 2.7256e-02	
 2.7874e-02	
 2.8442e-02	
 2.9164e-02	
 2.9682e-02	
 3.0486e-02	
 3.0889e-02	
 3.1712e-02	
 3.2019e-02	
 3.2931e-02	
 3.3176e-02	
 3.4157e-02	
 3.4398e-02	
 3.5382e-02	
 3.5571e-02	
 3.6498e-02	
 3.6661e-02	
 3.7602e-02	
 3.7700e-02	
 3.8602e-02	
 3.8535e-02	
 3.9520e-02	
 3.9261e-02	
 4.0316e-02	
 4.0035e-02	
 4.1065e-02	
 4.0584e-02	
 4.1733e-02	
 4.1023e-02	
 4.2304e-02	
 4.1395e-02	
 4.3006e-02	
 4.1594e-02	
 4.3480e-02	
 4.1769e-02	
 4.4197e-02	
 4.1524e-02	
 4.4956e-02	
 4.0921e-02	
 4.5964e-02	
 4.0103e-02	
 4.7201e-02	
 3.8938e-02	
 4.8573e-02	
 3.7649e-02	
 4.9706e-02	
 3.6743e-02	
 5.0366e-02	
 3.6357e-02	
 5.0451e-02	
 3.6721e-02	
 5.0160e-02	
 3.6932e-02	
 4.9863e-02	
 3.6717e-02	
 4.9571e-02	
 3.6020e-02	
 4.9485e-02	
 3.4795e-02	
 4.9519e-02	
 3.3494e-02	
 4.9671e-02	
 3.2435e-02	
 4.9660e-02	
 3.1786e-02	
 4.9356e-02	
 3.1878e-02	
 4.9034e-02	
 3.1877e-02	
 4.8770e-02	
 3.1540e-02	
 4.8577e-02	
 3.0824e-02	
 4.8319e-02	
 3.0157e-02	
 4.7998e-02	
 2.9395e-02	
 4.7530e-02	
 2.9020e-02	
 4.6828e-02	
 2.8875e-02	
 4.6101e-02	
 2.8581e-02	
 4.5342e-02	
 2.8217e-02	
 4.4508e-02	
 2.7705e-02	
 4.3559e-02	
 2.7044e-02	
 4.2622e-02	
 2.6775e-02	
 4.1868e-02	
 2.6590e-02	
 4.1244e-02	
 2.5911e-02	
 4.0472e-02	
 2.5186e-02	
 3.9714e-02	
 2.4683e-02	
 3.9013e-02	
 2.4324e-02	
 3.8482e-02	
 2.4019e-02	
 3.7890e-02	
 2.3305e-02	
 3.7267e-02	
 2.2704e-02	
 3.6688e-02	
 2.2224e-02	
 3.6202e-02	
 2.1549e-02	
 3.5656e-02	
 2.0848e-02	
 3.5115e-02	
 2.0111e-02	
 3.4548e-02	
 1.9464e-02	
 3.3969e-02	
 1.8981e-02	
 3.3469e-02	
 1.8410e-02	
 3.2975e-02	
 1.7659e-02	
 3.2466e-02	
 1.7048e-02	
 3.1961e-02	
 1.6630e-02	
 3.1577e-02	
 1.6331e-02	
 3.1236e-02	
 1.5866e-02	
 3.0860e-02	
 1.5412e-02	
 3.0521e-02	
 1.4936e-02	
 3.0133e-02	
 1.4478e-02	
 2.9768e-02	
 1.4216e-02	
 2.9474e-02	
 1.4056e-02	
 2.9199e-02	
 1.3561e-02	
 2.8866e-02	
 1.3043e-02	
 2.8500e-02	
 1.2712e-02	
 2.8149e-02	
 1.2504e-02	
 2.7840e-02	
 1.2363e-02	
 2.7531e-02	
 1.2174e-02	
 2.7240e-02	
 1.1884e-02	
 2.6933e-02	
 1.1655e-02	
 2.6610e-02	
 1.1518e-02	
 2.6295e-02	
 1.1485e-02	
 2.6010e-02	
 1.1438e-02	
 2.5737e-02	
 1.1385e-02	
 2.5474e-02	
 1.1312e-02	
 2.5199e-02	
 1.1295e-02	
 2.4927e-02	
 1.1365e-02	
 2.4666e-02	
 1.1438e-02	
 2.4417e-02	
 1.1528e-02	
 2.4183e-02	
 1.1645e-02	
 2.3964e-02	
 1.1772e-02	
 2.3753e-02	
 1.1927e-02	
 2.3592e-02	
 1.2088e-02	
 2.3447e-02	
 1.2272e-02	
 2.3278e-02	
 1.2464e-02	
 2.3122e-02	
 1.2680e-02	
 2.2989e-02	
 1.2895e-02	
 2.2901e-02	
 1.3135e-02	
 2.2832e-02	
 1.3384e-02	
 2.2791e-02	
 1.3642e-02	
 2.2740e-02	
 1.3897e-02	
 2.2709e-02	
 1.4166e-02	
 2.2701e-02	
 1.4434e-02	
 2.2712e-02	
 1.4718e-02	
 2.2768e-02	
 1.5012e-02	
 2.2819e-02	
 1.5291e-02	
 2.2844e-02	
 1.5530e-02	
 2.2796e-02	
 1.5731e-02	
 2.2694e-02	
 1.5863e-02	
 2.2549e-02	
 1.5997e-02	
 2.2432e-02	
 1.6064e-02	
 2.2303e-02	
 1.6106e-02	
 2.2123e-02	
 1.6114e-02	
 2.1926e-02	
 1.6132e-02	
 2.1743e-02	
 1.6122e-02	
 2.1588e-02	
 1.6112e-02	
 2.1428e-02	
 1.6089e-02	
 2.1275e-02	
 1.6084e-02	
 2.1157e-02	
 1.6073e-02	
 2.1033e-02	
 1.6046e-02	
 2.0939e-02	
 1.6007e-02	
 2.0842e-02	
 1.5988e-02	
 2.0726e-02	
 1.5970e-02	
 2.0649e-02	
 1.5970e-02	
 2.0570e-02	
 1.5953e-02	
 2.0544e-02	
 1.5959e-02	
 2.0519e-02	
 1.5946e-02	
 2.0483e-02	
 1.5919e-02	
 2.0423e-02	
 1.5885e-02	
 2.0369e-02	
 1.5878e-02	
 2.0343e-02	
 1.5874e-02	
 2.0329e-02	
 1.5849e-02	
 2.0309e-02	
 1.5826e-02	
 2.0263e-02	
 1.5809e-02	
 2.0208e-02	
 1.5791e-02	
 2.0175e-02	
 1.5784e-02	
 2.0190e-02	
 1.5778e-02	
 2.0184e-02	
 1.5730e-02	
 2.0149e-02	
 1.5692e-02	
 2.0112e-02	
 1.5680e-02	
 2.0061e-02	
 1.5656e-02	
 2.0033e-02	
 1.5654e-02	
 2.0027e-02	
 1.5649e-02	
 2.0010e-02	
 1.5626e-02	
 2.0022e-02	
 1.5618e-02	
 2.0016e-02	
 1.5587e-02	
 2.0006e-02	
 1.5559e-02	
 1.9994e-02	
 1.5540e-02	
 1.9972e-02	
 1.5513e-02	
 1.9943e-02	
 1.5495e-02	
 1.9934e-02	
 1.5486e-02	
 1.9962e-02	
 1.5477e-02	
 1.9990e-02	
 1.5472e-02	
 1.9987e-02	
 1.5434e-02	
 1.9950e-02	
 1.5395e-02	
 1.9883e-02	
 1.5372e-02	
 1.9839e-02	
 1.5375e-02	
 1.9881e-02	
 1.5409e-02	
 1.9967e-02	
 1.5429e-02	
 2.0009e-02	
 1.5387e-02	
 1.9963e-02	
 1.5334e-02	
 1.9876e-02	
 1.5297e-02	
 1.9851e-02	
 1.5305e-02	
 1.9891e-02	
 1.5335e-02	
 1.9943e-02	
 1.5338e-02	
 1.9965e-02	
 1.5314e-02	
 1.9968e-02	
 1.5289e-02	
 1.9944e-02	
 1.5267e-02	
 1.9915e-02	
 1.5235e-02	
 1.9907e-02	
 1.5234e-02	
 1.9941e-02	
 1.5245e-02	
 1.9985e-02	
 1.5236e-02	
 1.9997e-02	
 1.5224e-02	
 1.9978e-02	
 1.5210e-02	
 1.9966e-02	
 1.5215e-02	
 1.9978e-02	
 1.5228e-02	
 2.0013e-02	
 1.5236e-02	
 2.0047e-02	
 1.5229e-02	
 2.0042e-02	
 1.5201e-02	
 2.0031e-02	
 1.5181e-02	
 2.0011e-02	
 1.5172e-02	
 2.0000e-02	
 1.5161e-02	
 1.9994e-02	
 1.5168e-02	
 2.0006e-02	
 1.5186e-02	
 2.0049e-02	
 1.5199e-02	
 2.0082e-02	
 1.5190e-02	
 2.0094e-02	
 1.5182e-02	
 2.0091e-02	
 1.5165e-02	
 2.0084e-02	
 1.5173e-02	
 2.0095e-02	
 1.5170e-02	
 2.0091e-02	
 1.5157e-02	
 2.0101e-02	
 1.5155e-02	
 2.0104e-02	
 1.5163e-02	
 2.0107e-02	
 1.5162e-02	
 2.0128e-02	
 1.5160e-02	
 2.0145e-02	
 1.5161e-02	
 2.0150e-02	
 1.5150e-02	
 2.0151e-02	
 1.5157e-02	
 2.0165e-02	
 1.5172e-02	
 2.0168e-02	
 1.5175e-02	
 2.0181e-02	
 1.5183e-02	
 2.0185e-02	
 1.5184e-02	
 2.0191e-02	
 1.5175e-02	
 2.0183e-02	
 1.5191e-02	
 2.0199e-02	
 1.5210e-02	
 2.0222e-02	
 1.5216e-02	
 2.0246e-02	
 1.5222e-02	
 2.0262e-02	
 1.5206e-02	
 2.0249e-02	
 1.5188e-02	
 2.0243e-02	
 1.5184e-02	
 2.0231e-02	
 1.5190e-02	
 2.0234e-02	
 1.5204e-02	
 2.0257e-02	
 1.5223e-02	
 2.0281e-02	
 1.5221e-02	
 2.0284e-02	
 1.5210e-02	
 2.0280e-02	
 1.5196e-02	
 2.0277e-02	
 1.5200e-02	
 2.0289e-02	
 1.5209e-02	
 2.0313e-02	
 1.5215e-02	
 2.0325e-02	
 1.5212e-02	
 2.0314e-02	
 1.5202e-02	
 2.0307e-02	
 1.5201e-02	
 2.0312e-02	
 1.5205e-02	
 2.0327e-02	
 1.5208e-02	
 2.0337e-02	
 1.5209e-02	
 2.0342e-02	
 1.5208e-02	
 2.0337e-02	
 1.5202e-02	
 2.0339e-02	
 1.5212e-02	
 2.0346e-02	
 1.5215e-02	
 2.0346e-02	
 1.5217e-02	
 2.0338e-02	
 1.5204e-02	
 2.0322e-02	
 1.5203e-02	
 2.0320e-02	
 1.5217e-02	
 2.0328e-02	
 1.5210e-02	
 2.0328e-02	
 1.5209e-02	
 2.0337e-02	
 1.5211e-02	
 2.0335e-02	
 1.5221e-02	
 2.0349e-02	
 1.5230e-02	
 2.0363e-02	
 1.5230e-02	
 2.0368e-02	
 1.5198e-02	
 2.0339e-02	
 1.5177e-02	
 2.0310e-02	
