Training loss	Validation loss	
 7.2294e-02	 6.5551e-02	
 4.5752e-02	 2.4125e-02	
 2.2125e-02	 1.7217e-02	
 1.9517e-02	 1.6522e-02	
 1.8915e-02	 1.6012e-02	
 1.8409e-02	 1.5565e-02	
 1.7948e-02	 1.5144e-02	
 1.7504e-02	 1.4733e-02	
 1.7074e-02	 1.4335e-02	
 1.6659e-02	 1.3951e-02	
 1.6262e-02	 1.3585e-02	
 1.5892e-02	 1.3245e-02	
 1.5566e-02	 1.2941e-02	
 1.5346e-02	 1.2686e-02	
 1.5294e-02	 1.2483e-02	
 1.5160e-02	 1.2315e-02	
 1.4943e-02	 1.2165e-02	
 1.4751e-02	 1.2031e-02	
 1.4545e-02	 1.1906e-02	
 1.4364e-02	 1.1787e-02	
 1.4203e-02	 1.1670e-02	
 1.4025e-02	 1.1551e-02	
 1.3836e-02	 1.1422e-02	
 1.3608e-02	 1.1277e-02	
 1.3329e-02	 1.1104e-02	
 1.2970e-02	 1.0889e-02	
 1.2496e-02	 1.0618e-02	
 1.1880e-02	 1.0290e-02	
 1.1139e-02	 9.9225e-03	
 1.0386e-02	 9.5689e-03	
 9.7834e-03	 9.2996e-03	
 9.4118e-03	 9.1274e-03	
 9.2034e-03	 9.0156e-03	
 9.0743e-03	 8.9316e-03	
 8.9817e-03	 8.8607e-03	
 8.9078e-03	 8.7974e-03	
 8.8455e-03	 8.7395e-03	
 8.7885e-03	 8.6856e-03	
 8.7361e-03	 8.6348e-03	
 8.6854e-03	 8.5866e-03	
 8.6357e-03	 8.5407e-03	
 8.5889e-03	 8.4968e-03	
 8.5429e-03	 8.4547e-03	
 8.4996e-03	 8.4141e-03	
 8.4558e-03	 8.3751e-03	
 8.4124e-03	 8.3375e-03	
 8.3716e-03	 8.3011e-03	
 8.3309e-03	 8.2660e-03	
 8.2927e-03	 8.2319e-03	
 8.2554e-03	 8.1989e-03	
 8.2167e-03	 8.1668e-03	
 8.1811e-03	 8.1355e-03	
 8.1463e-03	 8.1051e-03	
 8.1106e-03	 8.0754e-03	
 8.0781e-03	 8.0464e-03	
 8.0466e-03	 8.0181e-03	
 8.0131e-03	 7.9903e-03	
 7.9834e-03	 7.9632e-03	
 7.9513e-03	 7.9366e-03	
 7.9231e-03	 7.9105e-03	
 7.8933e-03	 7.8850e-03	
 7.8646e-03	 7.8599e-03	
 7.8363e-03	 7.8353e-03	
 7.8081e-03	 7.8111e-03	
 7.7813e-03	 7.7873e-03	
 7.7541e-03	 7.7640e-03	
 7.7274e-03	 7.7410e-03	
 7.7011e-03	 7.7184e-03	
 7.6753e-03	 7.6961e-03	
 7.6510e-03	 7.6743e-03	
 7.6242e-03	 7.6527e-03	
 7.6013e-03	 7.6315e-03	
 7.5742e-03	 7.6105e-03	
 7.5530e-03	 7.5898e-03	
 7.5261e-03	 7.5694e-03	
 7.5068e-03	 7.5493e-03	
 7.4795e-03	 7.5294e-03	
 7.4612e-03	 7.5098e-03	
 7.4333e-03	 7.4903e-03	
 7.4153e-03	 7.4712e-03	
 7.3883e-03	 7.4522e-03	
 7.3710e-03	 7.4334e-03	
 7.3447e-03	 7.4148e-03	
 7.3277e-03	 7.3964e-03	
 7.3015e-03	 7.3781e-03	
 7.2860e-03	 7.3599e-03	
 7.2597e-03	 7.3417e-03	
 7.2444e-03	 7.3239e-03	
 7.2178e-03	 7.3061e-03	
 7.2040e-03	 7.2885e-03	
 7.1766e-03	 7.2711e-03	
 7.1625e-03	 7.2538e-03	
 7.1357e-03	 7.2366e-03	
 7.1231e-03	 7.2197e-03	
 7.0951e-03	 7.2026e-03	
 7.0843e-03	 7.1859e-03	
 7.0562e-03	 7.1691e-03	
 7.0471e-03	 7.1525e-03	
 7.0163e-03	 7.1357e-03	
 7.0102e-03	 7.1193e-03	
 6.9778e-03	 7.1025e-03	
 6.9739e-03	 7.0861e-03	
 6.9376e-03	 7.0692e-03	
 6.9403e-03	 7.0530e-03	
 6.8972e-03	 7.0359e-03	
 6.9090e-03	 7.0197e-03	
 6.8555e-03	 7.0022e-03	
 6.8796e-03	 6.9862e-03	
 6.8133e-03	 6.9682e-03	
 6.8531e-03	 6.9523e-03	
 6.7711e-03	 6.9337e-03	
 6.8291e-03	 6.9178e-03	
 6.7303e-03	 6.8986e-03	
 6.8020e-03	 6.8825e-03	
 6.6909e-03	 6.8629e-03	
 6.7695e-03	 6.8463e-03	
 6.6520e-03	 6.8263e-03	
 6.7269e-03	 6.8092e-03	
 6.6126e-03	 6.7888e-03	
 6.6822e-03	 6.7712e-03	
 6.5724e-03	 6.7504e-03	
 6.6392e-03	 6.7322e-03	
 6.5312e-03	 6.7106e-03	
 6.5988e-03	 6.6919e-03	
 6.4886e-03	 6.6696e-03	
 6.5617e-03	 6.6502e-03	
 6.4450e-03	 6.6271e-03	
 6.5263e-03	 6.6072e-03	
 6.4009e-03	 6.5832e-03	
 6.4880e-03	 6.5626e-03	
 6.3561e-03	 6.5379e-03	
 6.4463e-03	 6.5165e-03	
 6.3097e-03	 6.4912e-03	
 6.3950e-03	 6.4692e-03	
 6.2614e-03	 6.4434e-03	
 6.3418e-03	 6.4209e-03	
 6.2129e-03	 6.3949e-03	
 6.2902e-03	 6.3722e-03	
 6.1651e-03	 6.3462e-03	
 6.2424e-03	 6.3236e-03	
 6.1190e-03	 6.2977e-03	
 6.1953e-03	 6.2756e-03	
 6.0752e-03	 6.2504e-03	
 6.1507e-03	 6.2291e-03	
 6.0349e-03	 6.2049e-03	
 6.1045e-03	 6.1847e-03	
 5.9966e-03	 6.1618e-03	
 6.0572e-03	 6.1431e-03	
 5.9607e-03	 6.1219e-03	
 6.0132e-03	 6.1048e-03	
 5.9290e-03	 6.0853e-03	
 5.9733e-03	 6.0699e-03	
 5.9006e-03	 6.0520e-03	
 5.9380e-03	 6.0383e-03	
 5.8757e-03	 6.0218e-03	
 5.9075e-03	 6.0095e-03	
 5.8504e-03	 5.9943e-03	
 5.8755e-03	 5.9831e-03	
 5.8245e-03	 5.9689e-03	
 5.8436e-03	 5.9587e-03	
 5.8004e-03	 5.9454e-03	
 5.8171e-03	 5.9360e-03	
 5.7799e-03	 5.9233e-03	
 5.7938e-03	 5.9146e-03	
 5.7596e-03	 5.9023e-03	
 5.7705e-03	 5.8941e-03	
 5.7387e-03	 5.8823e-03	
 5.7467e-03	 5.8745e-03	
 5.7169e-03	 5.8630e-03	
 5.7223e-03	 5.8555e-03	
 5.6967e-03	 5.8443e-03	
 5.7023e-03	 5.8372e-03	
 5.6779e-03	 5.8263e-03	
 5.6824e-03	 5.8194e-03	
 5.6577e-03	 5.8086e-03	
 5.6616e-03	 5.8020e-03	
 5.6369e-03	 5.7915e-03	
 5.6426e-03	 5.7851e-03	
 5.6176e-03	 5.7747e-03	
 5.6242e-03	 5.7685e-03	
 5.5991e-03	 5.7583e-03	
 5.6070e-03	 5.7524e-03	
 5.5810e-03	 5.7423e-03	
 5.5900e-03	 5.7366e-03	
 5.5630e-03	 5.7266e-03	
 5.5718e-03	 5.7210e-03	
 5.5441e-03	 5.7112e-03	
 5.5546e-03	 5.7058e-03	
 5.5261e-03	 5.6961e-03	
 5.5391e-03	 5.6909e-03	
 5.5088e-03	 5.6812e-03	
 5.5233e-03	 5.6762e-03	
 5.4920e-03	 5.6667e-03	
 5.5066e-03	 5.6617e-03	
 5.4746e-03	 5.6523e-03	
 5.4893e-03	 5.6475e-03	
 5.4581e-03	 5.6383e-03	
 5.4739e-03	 5.6336e-03	
 5.4430e-03	 5.6244e-03	
 5.4594e-03	 5.6199e-03	
 5.4272e-03	 5.6108e-03	
 5.4455e-03	 5.6064e-03	
 5.4116e-03	 5.5974e-03	
 5.4318e-03	 5.5931e-03	
 5.3955e-03	 5.5842e-03	
 5.4168e-03	 5.5800e-03	
 5.3786e-03	 5.5712e-03	
 5.3999e-03	 5.5671e-03	
 5.3628e-03	 5.5584e-03	
 5.3866e-03	 5.5544e-03	
 5.3487e-03	 5.5458e-03	
 5.3748e-03	 5.5420e-03	
 5.3346e-03	 5.5334e-03	
 5.3623e-03	 5.5297e-03	
 5.3200e-03	 5.5212e-03	
 5.3489e-03	 5.5177e-03	
 5.3045e-03	 5.5093e-03	
 5.3347e-03	 5.5058e-03	
 5.2894e-03	 5.4975e-03	
 5.3210e-03	 5.4941e-03	
 5.2746e-03	 5.4860e-03	
 5.3091e-03	 5.4827e-03	
 5.2614e-03	 5.4746e-03	
 5.2978e-03	 5.4715e-03	
 5.2482e-03	 5.4635e-03	
 5.2862e-03	 5.4605e-03	
 5.2343e-03	 5.4526e-03	
 5.2733e-03	 5.4497e-03	
 5.2207e-03	 5.4418e-03	
 5.2607e-03	 5.4390e-03	
 5.2075e-03	 5.4313e-03	
 5.2490e-03	 5.4286e-03	
 5.1948e-03	 5.4210e-03	
 5.2384e-03	 5.4184e-03	
 5.1825e-03	 5.4109e-03	
 5.2278e-03	 5.4084e-03	
 5.1701e-03	 5.4009e-03	
 5.2163e-03	 5.3986e-03	
 5.1577e-03	 5.3912e-03	
 5.2052e-03	 5.3889e-03	
 5.1456e-03	 5.3816e-03	
 5.1945e-03	 5.3795e-03	
 5.1338e-03	 5.3723e-03	
 5.1835e-03	 5.3702e-03	
 5.1220e-03	 5.3631e-03	
 5.1728e-03	 5.3611e-03	
 5.1105e-03	 5.3541e-03	
 5.1623e-03	 5.3522e-03	
 5.0996e-03	 5.3452e-03	
 5.1524e-03	 5.3435e-03	
 5.0890e-03	 5.3366e-03	
 5.1429e-03	 5.3349e-03	
 5.0783e-03	 5.3281e-03	
 5.1334e-03	 5.3265e-03	
 5.0678e-03	 5.3197e-03	
 5.1232e-03	 5.3182e-03	
 5.0570e-03	 5.3115e-03	
 5.1120e-03	 5.3101e-03	
 5.0466e-03	 5.3035e-03	
 5.1027e-03	 5.3022e-03	
 5.0369e-03	 5.2955e-03	
 5.0939e-03	 5.2943e-03	
 5.0276e-03	 5.2878e-03	
 5.0855e-03	 5.2867e-03	
 5.0183e-03	 5.2801e-03	
 5.0764e-03	 5.2791e-03	
 5.0089e-03	 5.2726e-03	
 5.0674e-03	 5.2717e-03	
 4.9995e-03	 5.2652e-03	
 5.0580e-03	 5.2644e-03	
 4.9906e-03	 5.2579e-03	
 5.0489e-03	 5.2572e-03	
 4.9821e-03	 5.2508e-03	
 5.0395e-03	 5.2501e-03	
 4.9742e-03	 5.2437e-03	
 5.0310e-03	 5.2431e-03	
 4.9671e-03	 5.2368e-03	
 5.0240e-03	 5.2363e-03	
 4.9604e-03	 5.2299e-03	
 5.0166e-03	 5.2295e-03	
 4.9540e-03	 5.2232e-03	
 5.0097e-03	 5.2229e-03	
 4.9473e-03	 5.2165e-03	
 5.0009e-03	 5.2162e-03	
 4.9405e-03	 5.2100e-03	
 4.9920e-03	 5.2097e-03	
 4.9340e-03	 5.2036e-03	
 4.9840e-03	 5.2033e-03	
 4.9283e-03	 5.1973e-03	
 4.9771e-03	 5.1971e-03	
 4.9224e-03	 5.1911e-03	
 4.9703e-03	 5.1909e-03	
 4.9162e-03	 5.1849e-03	
 4.9632e-03	 5.1847e-03	
 4.9098e-03	 5.1789e-03	
 4.9560e-03	 5.1787e-03	
 4.9039e-03	 5.1729e-03	
 4.9498e-03	 5.1728e-03	
 4.8977e-03	 5.1670e-03	
 4.9434e-03	 5.1669e-03	
 4.8915e-03	 5.1612e-03	
 4.9371e-03	 5.1611e-03	
 4.8854e-03	 5.1555e-03	
 4.9307e-03	 5.1554e-03	
 4.8792e-03	 5.1498e-03	
 4.9242e-03	 5.1498e-03	
 4.8732e-03	 5.1442e-03	
 4.9188e-03	 5.1442e-03	
 4.8674e-03	 5.1387e-03	
 4.9136e-03	 5.1387e-03	
 4.8611e-03	 5.1332e-03	
 4.9077e-03	 5.1333e-03	
 4.8552e-03	 5.1278e-03	
 4.9016e-03	 5.1279e-03	
 4.8489e-03	 5.1225e-03	
 4.8957e-03	 5.1226e-03	
 4.8429e-03	 5.1172e-03	
 4.8894e-03	 5.1173e-03	
 4.8372e-03	 5.1120e-03	
 4.8839e-03	 5.1121e-03	
 4.8317e-03	 5.1068e-03	
 4.8788e-03	 5.1070e-03	
 4.8258e-03	 5.1017e-03	
 4.8731e-03	 5.1019e-03	
 4.8199e-03	 5.0967e-03	
 4.8674e-03	 5.0968e-03	
 4.8142e-03	 5.0917e-03	
 4.8614e-03	 5.0918e-03	
 4.8087e-03	 5.0867e-03	
 4.8561e-03	 5.0869e-03	
 4.8034e-03	 5.0818e-03	
 4.8510e-03	 5.0820e-03	
 4.7981e-03	 5.0769e-03	
 4.8459e-03	 5.0771e-03	
 4.7925e-03	 5.0721e-03	
 4.8400e-03	 5.0723e-03	
 4.7867e-03	 5.0673e-03	
 4.8341e-03	 5.0676e-03	
 4.7816e-03	 5.0626e-03	
 4.8288e-03	 5.0629e-03	
 4.7766e-03	 5.0579e-03	
 4.8237e-03	 5.0582e-03	
 4.7714e-03	 5.0533e-03	
 4.8189e-03	 5.0536e-03	
 4.7663e-03	 5.0487e-03	
 4.8141e-03	 5.0490e-03	
 4.7609e-03	 5.0442e-03	
 4.8096e-03	 5.0445e-03	
 4.7555e-03	 5.0397e-03	
 4.8045e-03	 5.0400e-03	
 4.7505e-03	 5.0352e-03	
 4.7990e-03	 5.0355e-03	
 4.7453e-03	 5.0308e-03	
 4.7932e-03	 5.0311e-03	
 4.7406e-03	 5.0264e-03	
 4.7880e-03	 5.0267e-03	
 4.7357e-03	 5.0220e-03	
 4.7833e-03	 5.0224e-03	
 4.7309e-03	 5.0177e-03	
 4.7787e-03	 5.0181e-03	
 4.7261e-03	 5.0135e-03	
 4.7741e-03	 5.0138e-03	
 4.7212e-03	 5.0092e-03	
 4.7694e-03	 5.0096e-03	
 4.7163e-03	 5.0050e-03	
 4.7639e-03	 5.0054e-03	
 4.7114e-03	 5.0009e-03	
 4.7585e-03	 5.0012e-03	
 4.7067e-03	 4.9967e-03	
 4.7539e-03	 4.9971e-03	
 4.7023e-03	 4.9927e-03	
 4.7498e-03	 4.9930e-03	
 4.6980e-03	 4.9886e-03	
 4.7458e-03	 4.9890e-03	
 4.6937e-03	 4.9846e-03	
 4.7419e-03	 4.9850e-03	
 4.6889e-03	 4.9806e-03	
 4.7365e-03	 4.9810e-03	
 4.6837e-03	 4.9766e-03	
 4.7305e-03	 4.9770e-03	
 4.6789e-03	 4.9727e-03	
 4.7257e-03	 4.9731e-03	
 4.6749e-03	 4.9688e-03	
 4.7223e-03	 4.9692e-03	
 4.6712e-03	 4.9650e-03	
 4.7192e-03	 4.9654e-03	
 4.6670e-03	 4.9611e-03	
 4.7151e-03	 4.9616e-03	
 4.6622e-03	 4.9573e-03	
 4.7099e-03	 4.9577e-03	
 4.6574e-03	 4.9536e-03	
 4.7045e-03	 4.9540e-03	
 4.6531e-03	 4.9498e-03	
 4.7000e-03	 4.9502e-03	
 4.6492e-03	 4.9461e-03	
 4.6956e-03	 4.9465e-03	
 4.6452e-03	 4.9425e-03	
 4.6918e-03	 4.9429e-03	
 4.6411e-03	 4.9388e-03	
 4.6879e-03	 4.9392e-03	
 4.6370e-03	 4.9352e-03	
 4.6837e-03	 4.9356e-03	
 4.6328e-03	 4.9316e-03	
 4.6791e-03	 4.9320e-03	
 4.6284e-03	 4.9281e-03	
 4.6742e-03	 4.9285e-03	
 4.6244e-03	 4.9245e-03	
 4.6700e-03	 4.9249e-03	
 4.6206e-03	 4.9210e-03	
 4.6665e-03	 4.9214e-03	
 4.6168e-03	 4.9176e-03	
 4.6628e-03	 4.9180e-03	
 4.6128e-03	 4.9141e-03	
 4.6588e-03	 4.9145e-03	
 4.6086e-03	 4.9107e-03	
 4.6543e-03	 4.9111e-03	
 4.6046e-03	 4.9073e-03	
 4.6499e-03	 4.9077e-03	
 4.6008e-03	 4.9039e-03	
 4.6462e-03	 4.9043e-03	
 4.5972e-03	 4.9006e-03	
 4.6425e-03	 4.9010e-03	
 4.5936e-03	 4.8973e-03	
 4.6387e-03	 4.8977e-03	
 4.5898e-03	 4.8940e-03	
 4.6349e-03	 4.8944e-03	
 4.5861e-03	 4.8907e-03	
 4.6311e-03	 4.8911e-03	
 4.5823e-03	 4.8875e-03	
 4.6271e-03	 4.8879e-03	
 4.5785e-03	 4.8843e-03	
 4.6229e-03	 4.8847e-03	
 4.5747e-03	 4.8811e-03	
 4.6190e-03	 4.8815e-03	
 4.5711e-03	 4.8779e-03	
 4.6152e-03	 4.8783e-03	
 4.5677e-03	 4.8748e-03	
 4.6117e-03	 4.8752e-03	
 4.5643e-03	 4.8717e-03	
 4.6081e-03	 4.8721e-03	
 4.5607e-03	 4.8686e-03	
 4.6044e-03	 4.8690e-03	
 4.5571e-03	 4.8655e-03	
 4.6009e-03	 4.8659e-03	
 4.5537e-03	 4.8625e-03	
 4.5971e-03	 4.8629e-03	
 4.5503e-03	 4.8594e-03	
 4.5936e-03	 4.8598e-03	
 4.5468e-03	 4.8564e-03	
 4.5902e-03	 4.8568e-03	
 4.5434e-03	 4.8535e-03	
 4.5865e-03	 4.8539e-03	
 4.5400e-03	 4.8505e-03	
 4.5830e-03	 4.8509e-03	
 4.5367e-03	 4.8476e-03	
 4.5796e-03	 4.8480e-03	
 4.5334e-03	 4.8447e-03	
 4.5763e-03	 4.8451e-03	
 4.5302e-03	 4.8418e-03	
 4.5726e-03	 4.8422e-03	
 4.5268e-03	 4.8389e-03	
 4.5692e-03	 4.8393e-03	
 4.5236e-03	 4.8361e-03	
 4.5659e-03	 4.8365e-03	
 4.5204e-03	 4.8333e-03	
 4.5624e-03	 4.8337e-03	
 4.5172e-03	 4.8305e-03	
 4.5592e-03	 4.8309e-03	
 4.5141e-03	 4.8277e-03	
 4.5560e-03	 4.8281e-03	
 4.5110e-03	 4.8250e-03	
 4.5525e-03	 4.8254e-03	
 4.5077e-03	 4.8222e-03	
 4.5491e-03	 4.8226e-03	
 4.5047e-03	 4.8195e-03	
 4.5458e-03	 4.8199e-03	
 4.5016e-03	 4.8169e-03	
 4.5426e-03	 4.8172e-03	
 4.4986e-03	 4.8142e-03	
 4.5396e-03	 4.8146e-03	
 4.4958e-03	 4.8115e-03	
 4.5365e-03	 4.8119e-03	
 4.4929e-03	 4.8089e-03	
 4.5336e-03	 4.8093e-03	
 4.4899e-03	 4.8063e-03	
 4.5305e-03	 4.8067e-03	
 4.4868e-03	 4.8037e-03	
 4.5270e-03	 4.8041e-03	
 4.4839e-03	 4.8012e-03	
 4.5236e-03	 4.8015e-03	
 4.4810e-03	 4.7986e-03	
 4.5206e-03	 4.7990e-03	
 4.4783e-03	 4.7961e-03	
 4.5178e-03	 4.7964e-03	
 4.4756e-03	 4.7936e-03	
 4.5152e-03	 4.7939e-03	
 4.4726e-03	 4.7911e-03	
 4.5120e-03	 4.7914e-03	
 4.4698e-03	 4.7886e-03	
 4.5088e-03	 4.7890e-03	
 4.4669e-03	 4.7862e-03	
 4.5058e-03	 4.7865e-03	
 4.4642e-03	 4.7838e-03	
 4.5032e-03	 4.7841e-03	
 4.4616e-03	 4.7814e-03	
 4.5005e-03	 4.7817e-03	
 4.4589e-03	 4.7790e-03	
 4.4975e-03	 4.7793e-03	
 4.4561e-03	 4.7766e-03	
 4.4944e-03	 4.7769e-03	
 4.4534e-03	 4.7742e-03	
 4.4914e-03	 4.7746e-03	
 4.4508e-03	 4.7719e-03	
 4.4887e-03	 4.7722e-03	
 4.4483e-03	 4.7696e-03	
 4.4861e-03	 4.7699e-03	
 4.4456e-03	 4.7673e-03	
 4.4832e-03	 4.7676e-03	
 4.4431e-03	 4.7650e-03	
 4.4803e-03	 4.7653e-03	
 4.4406e-03	 4.7628e-03	
 4.4777e-03	 4.7631e-03	
 4.4381e-03	 4.7605e-03	
 4.4752e-03	 4.7608e-03	
 4.4357e-03	 4.7583e-03	
 4.4727e-03	 4.7586e-03	
 4.4332e-03	 4.7561e-03	
 4.4700e-03	 4.7564e-03	
 4.4307e-03	 4.7539e-03	
 4.4673e-03	 4.7542e-03	
 4.4283e-03	 4.7517e-03	
 4.4646e-03	 4.7520e-03	
 4.4259e-03	 4.7496e-03	
 4.4620e-03	 4.7499e-03	
 4.4235e-03	 4.7475e-03	
 4.4593e-03	 4.7478e-03	
 4.4211e-03	 4.7453e-03	
 4.4566e-03	 4.7456e-03	
 4.4187e-03	 4.7433e-03	
 4.4537e-03	 4.7435e-03	
 4.4164e-03	 4.7412e-03	
 4.4512e-03	 4.7414e-03	
 4.4143e-03	 4.7391e-03	
 4.4493e-03	 4.7394e-03	
 4.4121e-03	 4.7371e-03	
 4.4470e-03	 4.7373e-03	
 4.4100e-03	 4.7350e-03	
