Gradient norm	
 2.4271e-01	
 9.0926e-02	
 8.0675e-02	
 8.8140e-02	
 8.8583e-02	
 8.5839e-02	
 8.2021e-02	
 7.7854e-02	
 7.3623e-02	
 6.9431e-02	
 6.5377e-02	
 6.1566e-02	
 5.8442e-02	
 5.6573e-02	
 5.5890e-02	
 5.5840e-02	
 5.6150e-02	
 5.6753e-02	
 5.7640e-02	
 5.8809e-02	
 6.0264e-02	
 6.2090e-02	
 6.4447e-02	
 6.7381e-02	
 7.1034e-02	
 7.5681e-02	
 8.1154e-02	
 8.5758e-02	
 8.3088e-02	
 6.3108e-02	
 3.6637e-02	
 2.6167e-02	
 2.3440e-02	
 2.2064e-02	
 2.0961e-02	
 1.9951e-02	
 1.9034e-02	
 1.8141e-02	
 1.7274e-02	
 1.6438e-02	
 1.5641e-02	
 1.4848e-02	
 1.4079e-02	
 1.3325e-02	
 1.2620e-02	
 1.1938e-02	
 1.1330e-02	
 1.0724e-02	
 1.0165e-02	
 9.6359e-03	
 9.1581e-03	
 8.7195e-03	
 8.3332e-03	
 7.9869e-03	
 7.6967e-03	
 7.4428e-03	
 7.2813e-03	
 7.1822e-03	
 7.1545e-03	
 7.1963e-03	
 7.2988e-03	
 7.4710e-03	
 7.6795e-03	
 7.9381e-03	
 8.2405e-03	
 8.5684e-03	
 8.9239e-03	
 9.2906e-03	
 9.7047e-03	
 1.0086e-02	
 1.0477e-02	
 1.0878e-02	
 1.1289e-02	
 1.1682e-02	
 1.2060e-02	
 1.2424e-02	
 1.2772e-02	
 1.3108e-02	
 1.3429e-02	
 1.3734e-02	
 1.4030e-02	
 1.4299e-02	
 1.4560e-02	
 1.4810e-02	
 1.5046e-02	
 1.5265e-02	
 1.5467e-02	
 1.5648e-02	
 1.5810e-02	
 1.5947e-02	
 1.6079e-02	
 1.6186e-02	
 1.6282e-02	
 1.6343e-02	
 1.6409e-02	
 1.6443e-02	
 1.6496e-02	
 1.6541e-02	
 1.6569e-02	
 1.6590e-02	
 1.6579e-02	
 1.6585e-02	
 1.6586e-02	
 1.6583e-02	
 1.6587e-02	
 1.6568e-02	
 1.6554e-02	
 1.6543e-02	
 1.6507e-02	
 1.6475e-02	
 1.6435e-02	
 1.6386e-02	
 1.6342e-02	
 1.6294e-02	
 1.6246e-02	
 1.6171e-02	
 1.6109e-02	
 1.6048e-02	
 1.5973e-02	
 1.5906e-02	
 1.5833e-02	
 1.5757e-02	
 1.5678e-02	
 1.5602e-02	
 1.5514e-02	
 1.5438e-02	
 1.5344e-02	
 1.5247e-02	
 1.5149e-02	
 1.5048e-02	
 1.4953e-02	
 1.4856e-02	
 1.4752e-02	
 1.4655e-02	
 1.4547e-02	
 1.4453e-02	
 1.4357e-02	
 1.4256e-02	
 1.4155e-02	
 1.4053e-02	
 1.3950e-02	
 1.3852e-02	
 1.3748e-02	
 1.3645e-02	
 1.3540e-02	
 1.3436e-02	
 1.3340e-02	
 1.3241e-02	
 1.3145e-02	
 1.3042e-02	
 1.2948e-02	
 1.2849e-02	
 1.2751e-02	
 1.2663e-02	
 1.2571e-02	
 1.2489e-02	
 1.2401e-02	
 1.2312e-02	
 1.2223e-02	
 1.2138e-02	
 1.2048e-02	
 1.1959e-02	
 1.1875e-02	
 1.1787e-02	
 1.1699e-02	
 1.1612e-02	
 1.1527e-02	
 1.1446e-02	
 1.1364e-02	
 1.1280e-02	
 1.1200e-02	
 1.1122e-02	
 1.1046e-02	
 1.0969e-02	
 1.0885e-02	
 1.0809e-02	
 1.0730e-02	
 1.0653e-02	
 1.0583e-02	
 1.0504e-02	
 1.0425e-02	
 1.0347e-02	
 1.0268e-02	
 1.0193e-02	
 1.0119e-02	
 1.0043e-02	
 9.9698e-03	
 9.8946e-03	
 9.8193e-03	
 9.7408e-03	
 9.6622e-03	
 9.5834e-03	
 9.5007e-03	
 9.4259e-03	
 9.3506e-03	
 9.2804e-03	
 9.2072e-03	
 9.1378e-03	
 9.0704e-03	
 9.0097e-03	
 8.9529e-03	
 8.8993e-03	
 8.8520e-03	
 8.8090e-03	
 8.7769e-03	
 8.7414e-03	
 8.7218e-03	
 8.7136e-03	
 8.7183e-03	
 8.7376e-03	
 8.7709e-03	
 8.8173e-03	
 8.8687e-03	
 8.9289e-03	
 8.9938e-03	
 9.0582e-03	
 9.1248e-03	
 9.1860e-03	
 9.2451e-03	
 9.3008e-03	
 9.3452e-03	
 9.3803e-03	
 9.4127e-03	
 9.4461e-03	
 9.4704e-03	
 9.4814e-03	
 9.4863e-03	
 9.4973e-03	
 9.4996e-03	
 9.5073e-03	
 9.5028e-03	
 9.4917e-03	
 9.4752e-03	
 9.4572e-03	
 9.4377e-03	
 9.4074e-03	
 9.3800e-03	
 9.3473e-03	
 9.3056e-03	
 9.2678e-03	
 9.2278e-03	
 9.1860e-03	
 9.1393e-03	
 9.0974e-03	
 9.0510e-03	
 9.0017e-03	
 8.9535e-03	
 8.9023e-03	
 8.8459e-03	
 8.7916e-03	
 8.7376e-03	
 8.6782e-03	
 8.6215e-03	
 8.5675e-03	
 8.5144e-03	
 8.4626e-03	
 8.4058e-03	
 8.3479e-03	
 8.2926e-03	
 8.2371e-03	
 8.1796e-03	
 8.1233e-03	
 8.0647e-03	
 8.0098e-03	
 7.9521e-03	
 7.8933e-03	
 7.8348e-03	
 7.7735e-03	
 7.7117e-03	
 7.6538e-03	
 7.5973e-03	
 7.5416e-03	
 7.4832e-03	
 7.4261e-03	
 7.3709e-03	
 7.3153e-03	
 7.2638e-03	
 7.2113e-03	
 7.1579e-03	
 7.1011e-03	
 7.0521e-03	
 6.9995e-03	
 6.9437e-03	
 6.8916e-03	
 6.8339e-03	
 6.7760e-03	
 6.7160e-03	
 6.6629e-03	
 6.6101e-03	
 6.5557e-03	
 6.5022e-03	
 6.4481e-03	
 6.3992e-03	
 6.3443e-03	
 6.2935e-03	
 6.2432e-03	
 6.1828e-03	
 6.1333e-03	
 6.0856e-03	
 6.0291e-03	
 5.9735e-03	
 5.9247e-03	
 5.8724e-03	
 5.8202e-03	
 5.7702e-03	
 5.7190e-03	
 5.6659e-03	
 5.6107e-03	
 5.5544e-03	
 5.4981e-03	
 5.4481e-03	
 5.3958e-03	
 5.3433e-03	
 5.2889e-03	
 5.2346e-03	
 5.1800e-03	
 5.1231e-03	
 5.0699e-03	
 5.0188e-03	
 4.9628e-03	
 4.9130e-03	
 4.8648e-03	
 4.8192e-03	
 4.7645e-03	
 4.7149e-03	
 4.6659e-03	
 4.6184e-03	
 4.5686e-03	
 4.5227e-03	
 4.4756e-03	
 4.4212e-03	
 4.3833e-03	
 4.3424e-03	
 4.2967e-03	
 4.2549e-03	
 4.2201e-03	
 4.1792e-03	
 4.1368e-03	
 4.1020e-03	
 4.0607e-03	
 4.0258e-03	
 3.9852e-03	
 3.9479e-03	
 3.9148e-03	
 3.8719e-03	
 3.8360e-03	
 3.8015e-03	
 3.7642e-03	
 3.7314e-03	
 3.6984e-03	
 3.6668e-03	
 3.6303e-03	
 3.5997e-03	
 3.5708e-03	
 3.5372e-03	
 3.5041e-03	
 3.4713e-03	
 3.4383e-03	
 3.4009e-03	
 3.3724e-03	
 3.3422e-03	
 3.3154e-03	
 3.2913e-03	
 3.2608e-03	
 3.2310e-03	
 3.2051e-03	
 3.1734e-03	
 3.1429e-03	
 3.1186e-03	
 3.0926e-03	
 3.0659e-03	
 3.0399e-03	
 3.0150e-03	
 2.9851e-03	
 2.9577e-03	
 2.9314e-03	
 2.9053e-03	
 2.8826e-03	
 2.8595e-03	
 2.8330e-03	
 2.8107e-03	
 2.7885e-03	
 2.7657e-03	
 2.7437e-03	
 2.7205e-03	
 2.7016e-03	
 2.6802e-03	
 2.6645e-03	
 2.6456e-03	
 2.6242e-03	
 2.6027e-03	
 2.5859e-03	
 2.5662e-03	
 2.5487e-03	
 2.5280e-03	
 2.5097e-03	
 2.4897e-03	
 2.4680e-03	
 2.4519e-03	
 2.4331e-03	
 2.4209e-03	
 2.4076e-03	
 2.3932e-03	
 2.3762e-03	
 2.3587e-03	
 2.3490e-03	
 2.3331e-03	
 2.3203e-03	
 2.3092e-03	
 2.2970e-03	
 2.2844e-03	
 2.2742e-03	
 2.2571e-03	
 2.2410e-03	
 2.2247e-03	
 2.2147e-03	
 2.2001e-03	
 2.1834e-03	
 2.1759e-03	
 2.1612e-03	
 2.1504e-03	
 2.1430e-03	
 2.1295e-03	
 2.1242e-03	
 2.1144e-03	
 2.1021e-03	
 2.0941e-03	
 2.0829e-03	
 2.0671e-03	
 2.0582e-03	
 2.0497e-03	
 2.0398e-03	
 2.0319e-03	
 2.0204e-03	
 2.0133e-03	
 2.0032e-03	
 1.9977e-03	
 1.9882e-03	
 1.9803e-03	
 1.9774e-03	
 1.9698e-03	
 1.9640e-03	
 1.9528e-03	
 1.9511e-03	
 1.9396e-03	
 1.9406e-03	
 1.9268e-03	
 1.9260e-03	
 1.9127e-03	
 1.9134e-03	
 1.9001e-03	
 1.9003e-03	
 1.8895e-03	
 1.8973e-03	
 1.8820e-03	
 1.8959e-03	
 1.8768e-03	
 1.8913e-03	
 1.8777e-03	
 1.8909e-03	
 1.8768e-03	
 1.8958e-03	
 1.8854e-03	
 1.9068e-03	
 1.8925e-03	
 1.9116e-03	
 1.8949e-03	
 1.9136e-03	
 1.9006e-03	
 1.9398e-03	
 1.9017e-03	
 1.9730e-03	
 1.8854e-03	
 2.0372e-03	
 1.8377e-03	
 2.1790e-03	
 1.7108e-03	
 2.5070e-03	
 1.3950e-03	
 3.4090e-03	
 1.1358e-03	
 5.8981e-03	
 1.6216e-03	
 8.4303e-03	
 2.4905e-03	
 5.2305e-03	
 1.6843e-03	
 3.3291e-03	
 1.5736e-03	
 2.7387e-03	
 1.7299e-03	
 2.5678e-03	
 1.8836e-03	
 2.5099e-03	
 1.9810e-03	
 2.4969e-03	
 2.0529e-03	
 2.5069e-03	
 2.0858e-03	
 2.5416e-03	
 2.0983e-03	
 2.5940e-03	
 2.0840e-03	
 2.7073e-03	
 2.0396e-03	
 2.8847e-03	
 1.9144e-03	
 3.2154e-03	
 1.6578e-03	
 3.8792e-03	
 1.2687e-03	
 5.1584e-03	
 1.1510e-03	
 6.8796e-03	
 1.2641e-03	
 6.8927e-03	
 1.5864e-03	
 5.2706e-03	
 1.5678e-03	
 4.1240e-03	
 1.6499e-03	
 3.6075e-03	
 1.8001e-03	
 3.4109e-03	
 1.9290e-03	
 3.3676e-03	
 2.0078e-03	
 3.4330e-03	
 2.0158e-03	
 3.6024e-03	
 1.9555e-03	
 3.8998e-03	
 1.7931e-03	
 4.4100e-03	
 1.5380e-03	
 5.2284e-03	
 1.3018e-03	
 6.2619e-03	
 1.2942e-03	
 6.7511e-03	
 1.4738e-03	
 6.1613e-03	
 1.6012e-03	
 5.2593e-03	
 1.6860e-03	
 4.6425e-03	
 1.8093e-03	
 4.3454e-03	
 1.9143e-03	
 4.2733e-03	
 1.9719e-03	
 4.3569e-03	
 1.9559e-03	
 4.5889e-03	
 1.8732e-03	
 4.9801e-03	
 1.7251e-03	
 5.5281e-03	
 1.5744e-03	
 6.1373e-03	
 1.5184e-03	
 6.5050e-03	
 1.5814e-03	
 6.3911e-03	
 1.6848e-03	
 5.9434e-03	
 1.7770e-03	
 5.4890e-03	
 1.8702e-03	
 5.2007e-03	
 1.9453e-03	
 5.0933e-03	
 1.9933e-03	
 5.1476e-03	
 1.9919e-03	
 5.3341e-03	
 1.9393e-03	
 5.6381e-03	
 1.8445e-03	
 6.0310e-03	
 1.7688e-03	
 6.3905e-03	
 1.7470e-03	
 6.5662e-03	
 1.7817e-03	
 6.4962e-03	
 1.8497e-03	
 6.2588e-03	
 1.9260e-03	
 5.9963e-03	
 1.9900e-03	
 5.8297e-03	
 2.0470e-03	
 5.7858e-03	
 2.0757e-03	
 5.8626e-03	
 2.0691e-03	
 6.0441e-03	
 2.0324e-03	
 6.2956e-03	
 1.9877e-03	
 6.5543e-03	
 1.9532e-03	
 6.7502e-03	
 1.9561e-03	
 6.7993e-03	
 1.9924e-03	
 6.7090e-03	
 2.0422e-03	
 6.5608e-03	
 2.0936e-03	
 6.4357e-03	
 2.1330e-03	
 6.3834e-03	
 2.1605e-03	
 6.4067e-03	
 2.1673e-03	
 6.5022e-03	
 2.1601e-03	
 6.6561e-03	
 2.1390e-03	
 6.8375e-03	
 2.1224e-03	
 6.9898e-03	
 2.1242e-03	
 7.0565e-03	
 2.1508e-03	
 7.0417e-03	
 2.1851e-03	
 6.9563e-03	
 2.2267e-03	
 6.8543e-03	
 2.2704e-03	
 6.8087e-03	
 2.3010e-03	
 6.8158e-03	
 2.3136e-03	
 6.8957e-03	
 2.3123e-03	
 7.0261e-03	
 2.2983e-03	
 7.1727e-03	
 2.2865e-03	
 7.2892e-03	
 2.2842e-03	
 7.3507e-03	
 2.2998e-03	
 7.3493e-03	
 2.3272e-03	
 7.2940e-03	
 2.3616e-03	
 7.2371e-03	
 2.3935e-03	
 7.2061e-03	
 2.4154e-03	
 7.2245e-03	
 2.4270e-03	
 7.2953e-03	
 2.4269e-03	
 7.4033e-03	
 2.4205e-03	
 7.5142e-03	
 2.4173e-03	
 7.5953e-03	
 2.4224e-03	
 7.6317e-03	
 2.4376e-03	
 7.6280e-03	
 2.4620e-03	
 7.6152e-03	
 2.4857e-03	
 7.5857e-03	
 2.5104e-03	
 7.5721e-03	
 2.5307e-03	
 7.5911e-03	
 2.5440e-03	
 7.6382e-03	
 2.5443e-03	
 7.7132e-03	
 2.5451e-03	
 7.7936e-03	
 2.5465e-03	
 7.8691e-03	
 2.5525e-03	
 7.9086e-03	
 2.5642e-03	
 7.9231e-03	
 2.5813e-03	
 7.9112e-03	
 2.6019e-03	
 7.8961e-03	
 2.6202e-03	
 7.9003e-03	
 2.6404e-03	
 7.9103e-03	
 2.6546e-03	
 7.9452e-03	
 2.6654e-03	
 8.0073e-03	
 2.6682e-03	
 8.0771e-03	
 2.6684e-03	
 8.1499e-03	
 2.6671e-03	
 8.1989e-03	
 2.6729e-03	
 8.2206e-03	
 2.6857e-03	
 8.2161e-03	
 2.7016e-03	
 8.1970e-03	
 2.7225e-03	
 8.1904e-03	
 2.7433e-03	
 8.2062e-03	
 2.7538e-03	
 8.2356e-03	
 2.7616e-03	
 8.2774e-03	
 2.7686e-03	
 8.3051e-03	
 2.7769e-03	
 8.3429e-03	
 2.7821e-03	
 8.3764e-03	
 2.7883e-03	
 8.3984e-03	
 2.7986e-03	
 8.4100e-03	
 2.8088e-03	
 8.4218e-03	
 2.8228e-03	
 8.4348e-03	
 2.8351e-03	
 8.4556e-03	
 2.8418e-03	
 8.4788e-03	
 2.8489e-03	
 8.4982e-03	
 2.8575e-03	
 8.5165e-03	
 2.8661e-03	
 8.5294e-03	
 2.8746e-03	
 8.5446e-03	
 2.8814e-03	
 8.5582e-03	
 2.8921e-03	
 8.5779e-03	
 2.8983e-03	
 8.6091e-03	
 2.9024e-03	
 8.6419e-03	
 2.9073e-03	
 8.6642e-03	
 2.9177e-03	
 8.6802e-03	
 2.9233e-03	
 8.6984e-03	
 2.9288e-03	
 8.7173e-03	
 2.9436e-03	
 8.7237e-03	
 2.9484e-03	
 8.7418e-03	
 2.9556e-03	
 8.7547e-03	
 2.9623e-03	
 8.7639e-03	
 2.9671e-03	
 8.7754e-03	
 2.9741e-03	
 8.7798e-03	
 2.9850e-03	
 8.7813e-03	
 2.9926e-03	
 8.7945e-03	
 2.9961e-03	
 8.8163e-03	
 3.0008e-03	
 8.8419e-03	
 3.0026e-03	
 8.8707e-03	
 3.0014e-03	
 8.8987e-03	
 3.0038e-03	
 8.8978e-03	
 3.0143e-03	
 8.8792e-03	
 3.0275e-03	
 8.8675e-03	
 3.0381e-03	
 8.8629e-03	
 3.0459e-03	
 8.8726e-03	
 3.0492e-03	
 8.8979e-03	
 3.0527e-03	
 8.9316e-03	
 3.0514e-03	
 8.9589e-03	
 3.0500e-03	
 8.9834e-03	
 3.0521e-03	
 8.9944e-03	
 3.0527e-03	
 9.0013e-03	
 3.0528e-03	
 9.0011e-03	
 3.0609e-03	
 8.9637e-03	
 3.0743e-03	
 8.9289e-03	
 3.0911e-03	
 8.9125e-03	
 3.1041e-03	
 8.9110e-03	
 3.1138e-03	
 8.9533e-03	
 3.1074e-03	
 9.0138e-03	
 3.0990e-03	
 9.0702e-03	
 3.0903e-03	
 9.1014e-03	
 3.0901e-03	
 9.0842e-03	
 3.0993e-03	
 9.0475e-03	
 3.1147e-03	
 9.0174e-03	
 3.1284e-03	
 9.0046e-03	
 3.1382e-03	
 9.0248e-03	
 3.1357e-03	
 9.0602e-03	
 3.1326e-03	
 9.0816e-03	
 3.1300e-03	
 9.1145e-03	
 3.1276e-03	
 9.1411e-03	
 3.1246e-03	
 9.1513e-03	
 3.1262e-03	
 9.1391e-03	
 3.1364e-03	
 9.1121e-03	
 3.1478e-03	
 9.0785e-03	
 3.1659e-03	
 9.0523e-03	
 3.1785e-03	
 9.0600e-03	
 3.1813e-03	
 9.0844e-03	
 3.1765e-03	
 9.1232e-03	
 3.1687e-03	
 9.1636e-03	
 3.1576e-03	
 9.1945e-03	
 3.1538e-03	
 9.2011e-03	
 3.1521e-03	
 9.1836e-03	
 3.1606e-03	
 9.1454e-03	
 3.1769e-03	
 9.1036e-03	
 3.1895e-03	
 9.0841e-03	
 3.1982e-03	
 9.0831e-03	
 3.1993e-03	
 9.1010e-03	
 3.1959e-03	
 9.1323e-03	
 3.1917e-03	
 9.1512e-03	
 3.1876e-03	
 9.1699e-03	
 3.1826e-03	
 9.1797e-03	
 3.1823e-03	
 9.1701e-03	
 3.1851e-03	
 9.1456e-03	
 3.1912e-03	
 9.1133e-03	
 3.2020e-03	
 9.0922e-03	
 3.2117e-03	
 9.0804e-03	
 3.2184e-03	
 9.0879e-03	
 3.2192e-03	
 9.1178e-03	
 3.2133e-03	
 9.1501e-03	
 3.2045e-03	
 9.1744e-03	
 3.1996e-03	
 9.1820e-03	
 3.2023e-03	
 9.1662e-03	
 3.2060e-03	
 9.1480e-03	
 3.2161e-03	
 9.1202e-03	
 3.2282e-03	
 9.0958e-03	
 3.2372e-03	
 9.0851e-03	
 3.2382e-03	
 9.0961e-03	
 3.2380e-03	
 9.1129e-03	
 3.2351e-03	
 9.1285e-03	
 3.2327e-03	
 9.1375e-03	
 3.2317e-03	
 9.1433e-03	
 3.2308e-03	
 9.1411e-03	
 3.2289e-03	
 9.1467e-03	
 3.2273e-03	
 9.1415e-03	
 3.2299e-03	
 9.1180e-03	
 3.2358e-03	
 9.1009e-03	
 3.2407e-03	
 9.0867e-03	
 3.2435e-03	
 9.0821e-03	
 3.2449e-03	
 9.0873e-03	
 3.2421e-03	
 9.0897e-03	
 3.2405e-03	
 9.0989e-03	
 3.2357e-03	
 9.1150e-03	
 3.2288e-03	
 9.1251e-03	
 3.2242e-03	
 9.1272e-03	
 3.2228e-03	
 9.1162e-03	
 3.2247e-03	
 9.0996e-03	
 3.2283e-03	
 9.0755e-03	
 3.2342e-03	
 9.0528e-03	
 3.2405e-03	
 9.0334e-03	
 3.2474e-03	
 9.0310e-03	
 3.2483e-03	
 9.0407e-03	
 3.2451e-03	
 9.0587e-03	
 3.2386e-03	
 9.0706e-03	
 3.2328e-03	
 9.0792e-03	
 3.2270e-03	
 9.0828e-03	
 3.2259e-03	
 9.0771e-03	
 3.2245e-03	
 9.0624e-03	
 3.2294e-03	
 9.0271e-03	
 3.2389e-03	
 9.0017e-03	
 3.2439e-03	
 8.9981e-03	
 3.2466e-03	
 9.0019e-03	
 3.2427e-03	
 9.0161e-03	
 3.2349e-03	
 9.0268e-03	
 3.2290e-03	
 9.0345e-03	
 3.2255e-03	
 9.0185e-03	
 3.2311e-03	
 8.9992e-03	
 3.2349e-03	
 9.0018e-03	
 3.2306e-03	
 9.0051e-03	
