Training loss	Validation loss	
 7.3545e-02	 2.0174e-02	
 2.2210e-02	 1.7717e-02	
 2.0253e-02	 1.7032e-02	
 1.9527e-02	 1.6583e-02	
 1.9006e-02	 1.6124e-02	
 1.8513e-02	 1.5655e-02	
 1.8028e-02	 1.5186e-02	
 1.7550e-02	 1.4722e-02	
 1.7083e-02	 1.4270e-02	
 1.6639e-02	 1.3842e-02	
 1.6234e-02	 1.3453e-02	
 1.5892e-02	 1.3118e-02	
 1.5638e-02	 1.2845e-02	
 1.5477e-02	 1.2634e-02	
 1.5380e-02	 1.2470e-02	
 1.5279e-02	 1.2336e-02	
 1.5142e-02	 1.2218e-02	
 1.4989e-02	 1.2111e-02	
 1.4834e-02	 1.2008e-02	
 1.4680e-02	 1.1909e-02	
 1.4523e-02	 1.1810e-02	
 1.4360e-02	 1.1707e-02	
 1.4186e-02	 1.1596e-02	
 1.3991e-02	 1.1470e-02	
 1.3757e-02	 1.1318e-02	
 1.3454e-02	 1.1123e-02	
 1.3031e-02	 1.0860e-02	
 1.2423e-02	 1.0506e-02	
 1.1599e-02	 1.0062e-02	
 1.0682e-02	 9.6149e-03	
 9.9494e-03	 9.3006e-03	
 9.5195e-03	 9.1199e-03	
 9.2920e-03	 9.0105e-03	
 9.1535e-03	 8.9301e-03	
 9.0514e-03	 8.8623e-03	
 8.9663e-03	 8.8010e-03	
 8.8899e-03	 8.7437e-03	
 8.8187e-03	 8.6890e-03	
 8.7514e-03	 8.6364e-03	
 8.6871e-03	 8.5854e-03	
 8.6251e-03	 8.5359e-03	
 8.5653e-03	 8.4877e-03	
 8.5073e-03	 8.4407e-03	
 8.4513e-03	 8.3949e-03	
 8.3968e-03	 8.3502e-03	
 8.3439e-03	 8.3066e-03	
 8.2923e-03	 8.2639e-03	
 8.2421e-03	 8.2220e-03	
 8.1932e-03	 8.1810e-03	
 8.1455e-03	 8.1409e-03	
 8.0990e-03	 8.1016e-03	
 8.0535e-03	 8.0631e-03	
 8.0091e-03	 8.0254e-03	
 7.9658e-03	 7.9885e-03	
 7.9234e-03	 7.9524e-03	
 7.8819e-03	 7.9170e-03	
 7.8414e-03	 7.8822e-03	
 7.8017e-03	 7.8482e-03	
 7.7629e-03	 7.8147e-03	
 7.7248e-03	 7.7820e-03	
 7.6874e-03	 7.7498e-03	
 7.6508e-03	 7.7182e-03	
 7.6148e-03	 7.6872e-03	
 7.5796e-03	 7.6568e-03	
 7.5451e-03	 7.6269e-03	
 7.5111e-03	 7.5976e-03	
 7.4778e-03	 7.5688e-03	
 7.4451e-03	 7.5405e-03	
 7.4130e-03	 7.5127e-03	
 7.3814e-03	 7.4853e-03	
 7.3504e-03	 7.4584e-03	
 7.3199e-03	 7.4319e-03	
 7.2899e-03	 7.4059e-03	
 7.2604e-03	 7.3803e-03	
 7.2314e-03	 7.3551e-03	
 7.2029e-03	 7.3303e-03	
 7.1749e-03	 7.3059e-03	
 7.1473e-03	 7.2819e-03	
 7.1202e-03	 7.2582e-03	
 7.0935e-03	 7.2350e-03	
 7.0672e-03	 7.2121e-03	
 7.0413e-03	 7.1895e-03	
 7.0159e-03	 7.1673e-03	
 6.9909e-03	 7.1455e-03	
 6.9662e-03	 7.1240e-03	
 6.9420e-03	 7.1028e-03	
 6.9181e-03	 7.0819e-03	
 6.8947e-03	 7.0614e-03	
 6.8716e-03	 7.0411e-03	
 6.8488e-03	 7.0212e-03	
 6.8265e-03	 7.0016e-03	
 6.8044e-03	 6.9823e-03	
 6.7828e-03	 6.9633e-03	
 6.7615e-03	 6.9446e-03	
 6.7405e-03	 6.9262e-03	
 6.7199e-03	 6.9081e-03	
 6.6995e-03	 6.8903e-03	
 6.6796e-03	 6.8728e-03	
 6.6599e-03	 6.8555e-03	
 6.6405e-03	 6.8385e-03	
 6.6215e-03	 6.8217e-03	
 6.6027e-03	 6.8052e-03	
 6.5842e-03	 6.7889e-03	
 6.5661e-03	 6.7729e-03	
 6.5482e-03	 6.7573e-03	
 6.5307e-03	 6.7419e-03	
 6.5135e-03	 6.7268e-03	
 6.4967e-03	 6.7120e-03	
 6.4801e-03	 6.6974e-03	
 6.4639e-03	 6.6832e-03	
 6.4480e-03	 6.6692e-03	
 6.4323e-03	 6.6554e-03	
 6.4170e-03	 6.6420e-03	
 6.4020e-03	 6.6288e-03	
 6.3873e-03	 6.6159e-03	
 6.3728e-03	 6.6032e-03	
 6.3586e-03	 6.5908e-03	
 6.3447e-03	 6.5786e-03	
 6.3311e-03	 6.5666e-03	
 6.3177e-03	 6.5549e-03	
 6.3046e-03	 6.5434e-03	
 6.2918e-03	 6.5321e-03	
 6.2792e-03	 6.5211e-03	
 6.2668e-03	 6.5102e-03	
 6.2547e-03	 6.4996e-03	
 6.2428e-03	 6.4891e-03	
 6.2311e-03	 6.4789e-03	
 6.2196e-03	 6.4688e-03	
 6.2084e-03	 6.4589e-03	
 6.1973e-03	 6.4492e-03	
 6.1865e-03	 6.4396e-03	
 6.1758e-03	 6.4302e-03	
 6.1653e-03	 6.4209e-03	
 6.1550e-03	 6.4119e-03	
 6.1448e-03	 6.4029e-03	
 6.1348e-03	 6.3941e-03	
 6.1250e-03	 6.3854e-03	
 6.1153e-03	 6.3769e-03	
 6.1058e-03	 6.3685e-03	
 6.0964e-03	 6.3601e-03	
 6.0871e-03	 6.3519e-03	
 6.0780e-03	 6.3438e-03	
 6.0689e-03	 6.3358e-03	
 6.0600e-03	 6.3279e-03	
 6.0512e-03	 6.3201e-03	
 6.0425e-03	 6.3124e-03	
 6.0339e-03	 6.3047e-03	
 6.0254e-03	 6.2971e-03	
 6.0170e-03	 6.2896e-03	
 6.0087e-03	 6.2822e-03	
 6.0004e-03	 6.2748e-03	
 5.9922e-03	 6.2675e-03	
 5.9841e-03	 6.2602e-03	
 5.9760e-03	 6.2529e-03	
 5.9680e-03	 6.2457e-03	
 5.9600e-03	 6.2386e-03	
 5.9521e-03	 6.2314e-03	
 5.9442e-03	 6.2243e-03	
 5.9364e-03	 6.2172e-03	
 5.9286e-03	 6.2101e-03	
 5.9208e-03	 6.2030e-03	
 5.9130e-03	 6.1959e-03	
 5.9052e-03	 6.1889e-03	
 5.8975e-03	 6.1818e-03	
 5.8897e-03	 6.1746e-03	
 5.8819e-03	 6.1675e-03	
 5.8741e-03	 6.1603e-03	
 5.8663e-03	 6.1531e-03	
 5.8585e-03	 6.1459e-03	
 5.8506e-03	 6.1386e-03	
 5.8427e-03	 6.1312e-03	
 5.8348e-03	 6.1238e-03	
 5.8268e-03	 6.1163e-03	
 5.8187e-03	 6.1087e-03	
 5.8105e-03	 6.1010e-03	
 5.8023e-03	 6.0933e-03	
 5.7939e-03	 6.0854e-03	
 5.7855e-03	 6.0773e-03	
 5.7769e-03	 6.0692e-03	
 5.7682e-03	 6.0608e-03	
 5.7594e-03	 6.0524e-03	
 5.7503e-03	 6.0437e-03	
 5.7412e-03	 6.0349e-03	
 5.7318e-03	 6.0258e-03	
 5.7222e-03	 6.0165e-03	
 5.7125e-03	 6.0070e-03	
 5.7024e-03	 5.9972e-03	
 5.6921e-03	 5.9871e-03	
 5.6816e-03	 5.9768e-03	
 5.6707e-03	 5.9661e-03	
 5.6596e-03	 5.9550e-03	
 5.6480e-03	 5.9436e-03	
 5.6361e-03	 5.9318e-03	
 5.6238e-03	 5.9196e-03	
 5.6111e-03	 5.9069e-03	
 5.5980e-03	 5.8938e-03	
 5.5843e-03	 5.8802e-03	
 5.5702e-03	 5.8662e-03	
 5.5556e-03	 5.8515e-03	
 5.5405e-03	 5.8364e-03	
 5.5248e-03	 5.8208e-03	
 5.5086e-03	 5.8046e-03	
 5.4918e-03	 5.7879e-03	
 5.4745e-03	 5.7706e-03	
 5.4567e-03	 5.7529e-03	
 5.4384e-03	 5.7347e-03	
 5.4196e-03	 5.7161e-03	
 5.4004e-03	 5.6971e-03	
 5.3809e-03	 5.6779e-03	
 5.3611e-03	 5.6583e-03	
 5.3411e-03	 5.6386e-03	
 5.3210e-03	 5.6188e-03	
 5.3009e-03	 5.5990e-03	
 5.2811e-03	 5.5794e-03	
 5.2615e-03	 5.5600e-03	
 5.2423e-03	 5.5410e-03	
 5.2237e-03	 5.5225e-03	
 5.2057e-03	 5.5047e-03	
 5.1884e-03	 5.4875e-03	
 5.1720e-03	 5.4711e-03	
 5.1565e-03	 5.4555e-03	
 5.1418e-03	 5.4408e-03	
 5.1280e-03	 5.4271e-03	
 5.1152e-03	 5.4142e-03	
 5.1032e-03	 5.4022e-03	
 5.0920e-03	 5.3911e-03	
 5.0815e-03	 5.3807e-03	
 5.0718e-03	 5.3711e-03	
 5.0627e-03	 5.3621e-03	
 5.0541e-03	 5.3537e-03	
 5.0461e-03	 5.3459e-03	
 5.0385e-03	 5.3385e-03	
 5.0313e-03	 5.3315e-03	
 5.0244e-03	 5.3249e-03	
 5.0179e-03	 5.3187e-03	
 5.0116e-03	 5.3127e-03	
 5.0056e-03	 5.3070e-03	
 4.9997e-03	 5.3016e-03	
 4.9941e-03	 5.2963e-03	
 4.9887e-03	 5.2912e-03	
 4.9834e-03	 5.2863e-03	
 4.9782e-03	 5.2815e-03	
 4.9732e-03	 5.2769e-03	
 4.9683e-03	 5.2724e-03	
 4.9634e-03	 5.2680e-03	
 4.9587e-03	 5.2637e-03	
 4.9541e-03	 5.2595e-03	
 4.9496e-03	 5.2553e-03	
 4.9451e-03	 5.2513e-03	
 4.9407e-03	 5.2473e-03	
 4.9364e-03	 5.2434e-03	
 4.9322e-03	 5.2396e-03	
 4.9280e-03	 5.2358e-03	
 4.9239e-03	 5.2320e-03	
 4.9198e-03	 5.2284e-03	
 4.9158e-03	 5.2247e-03	
 4.9118e-03	 5.2211e-03	
 4.9078e-03	 5.2176e-03	
 4.9039e-03	 5.2141e-03	
 4.9001e-03	 5.2106e-03	
 4.8963e-03	 5.2072e-03	
 4.8925e-03	 5.2038e-03	
 4.8888e-03	 5.2004e-03	
 4.8851e-03	 5.1971e-03	
 4.8814e-03	 5.1937e-03	
 4.8777e-03	 5.1905e-03	
 4.8741e-03	 5.1872e-03	
 4.8705e-03	 5.1840e-03	
 4.8670e-03	 5.1808e-03	
 4.8635e-03	 5.1776e-03	
 4.8600e-03	 5.1744e-03	
 4.8565e-03	 5.1713e-03	
 4.8531e-03	 5.1682e-03	
 4.8496e-03	 5.1651e-03	
 4.8462e-03	 5.1620e-03	
 4.8428e-03	 5.1590e-03	
 4.8395e-03	 5.1560e-03	
 4.8361e-03	 5.1529e-03	
 4.8328e-03	 5.1500e-03	
 4.8295e-03	 5.1470e-03	
 4.8263e-03	 5.1440e-03	
 4.8230e-03	 5.1411e-03	
 4.8198e-03	 5.1382e-03	
 4.8166e-03	 5.1352e-03	
 4.8134e-03	 5.1324e-03	
 4.8102e-03	 5.1295e-03	
 4.8071e-03	 5.1266e-03	
 4.8040e-03	 5.1238e-03	
 4.8009e-03	 5.1209e-03	
 4.7978e-03	 5.1181e-03	
 4.7947e-03	 5.1153e-03	
 4.7916e-03	 5.1126e-03	
 4.7886e-03	 5.1098e-03	
 4.7856e-03	 5.1070e-03	
 4.7826e-03	 5.1043e-03	
 4.7796e-03	 5.1016e-03	
 4.7766e-03	 5.0988e-03	
 4.7737e-03	 5.0962e-03	
 4.7707e-03	 5.0935e-03	
 4.7678e-03	 5.0908e-03	
 4.7649e-03	 5.0881e-03	
 4.7620e-03	 5.0855e-03	
 4.7591e-03	 5.0829e-03	
 4.7563e-03	 5.0802e-03	
 4.7535e-03	 5.0776e-03	
 4.7506e-03	 5.0750e-03	
 4.7478e-03	 5.0724e-03	
 4.7451e-03	 5.0699e-03	
 4.7423e-03	 5.0673e-03	
 4.7396e-03	 5.0647e-03	
 4.7368e-03	 5.0622e-03	
 4.7342e-03	 5.0597e-03	
 4.7314e-03	 5.0572e-03	
 4.7288e-03	 5.0547e-03	
 4.7261e-03	 5.0522e-03	
 4.7234e-03	 5.0497e-03	
 4.7207e-03	 5.0472e-03	
 4.7181e-03	 5.0448e-03	
 4.7154e-03	 5.0423e-03	
 4.7128e-03	 5.0399e-03	
 4.7102e-03	 5.0375e-03	
 4.7076e-03	 5.0351e-03	
 4.7051e-03	 5.0327e-03	
 4.7025e-03	 5.0303e-03	
 4.7000e-03	 5.0279e-03	
 4.6975e-03	 5.0256e-03	
 4.6949e-03	 5.0232e-03	
 4.6924e-03	 5.0209e-03	
 4.6899e-03	 5.0186e-03	
 4.6874e-03	 5.0163e-03	
 4.6850e-03	 5.0140e-03	
 4.6825e-03	 5.0117e-03	
 4.6801e-03	 5.0094e-03	
 4.6776e-03	 5.0072e-03	
 4.6752e-03	 5.0049e-03	
 4.6728e-03	 5.0027e-03	
 4.6704e-03	 5.0004e-03	
 4.6680e-03	 4.9982e-03	
 4.6657e-03	 4.9960e-03	
 4.6632e-03	 4.9938e-03	
 4.6609e-03	 4.9916e-03	
 4.6586e-03	 4.9895e-03	
 4.6563e-03	 4.9873e-03	
 4.6540e-03	 4.9852e-03	
 4.6517e-03	 4.9830e-03	
 4.6494e-03	 4.9809e-03	
 4.6471e-03	 4.9788e-03	
 4.6448e-03	 4.9767e-03	
 4.6426e-03	 4.9746e-03	
 4.6403e-03	 4.9725e-03	
 4.6381e-03	 4.9704e-03	
 4.6359e-03	 4.9684e-03	
 4.6337e-03	 4.9663e-03	
 4.6315e-03	 4.9643e-03	
 4.6294e-03	 4.9623e-03	
 4.6272e-03	 4.9602e-03	
 4.6250e-03	 4.9582e-03	
 4.6228e-03	 4.9562e-03	
 4.6206e-03	 4.9542e-03	
 4.6185e-03	 4.9523e-03	
 4.6164e-03	 4.9503e-03	
 4.6143e-03	 4.9483e-03	
 4.6122e-03	 4.9464e-03	
 4.6101e-03	 4.9444e-03	
 4.6080e-03	 4.9425e-03	
 4.6060e-03	 4.9406e-03	
 4.6039e-03	 4.9387e-03	
 4.6018e-03	 4.9368e-03	
 4.5998e-03	 4.9349e-03	
 4.5977e-03	 4.9330e-03	
 4.5957e-03	 4.9311e-03	
 4.5937e-03	 4.9293e-03	
 4.5917e-03	 4.9274e-03	
 4.5897e-03	 4.9256e-03	
 4.5878e-03	 4.9238e-03	
 4.5858e-03	 4.9219e-03	
 4.5838e-03	 4.9201e-03	
 4.5819e-03	 4.9183e-03	
 4.5800e-03	 4.9165e-03	
 4.5780e-03	 4.9147e-03	
 4.5761e-03	 4.9130e-03	
 4.5741e-03	 4.9112e-03	
 4.5723e-03	 4.9094e-03	
 4.5703e-03	 4.9077e-03	
 4.5685e-03	 4.9059e-03	
 4.5666e-03	 4.9042e-03	
 4.5647e-03	 4.9025e-03	
 4.5628e-03	 4.9008e-03	
 4.5609e-03	 4.8991e-03	
 4.5591e-03	 4.8974e-03	
 4.5572e-03	 4.8957e-03	
 4.5554e-03	 4.8940e-03	
 4.5535e-03	 4.8923e-03	
 4.5517e-03	 4.8907e-03	
 4.5499e-03	 4.8890e-03	
 4.5481e-03	 4.8874e-03	
 4.5463e-03	 4.8857e-03	
 4.5445e-03	 4.8841e-03	
 4.5427e-03	 4.8825e-03	
 4.5409e-03	 4.8809e-03	
 4.5391e-03	 4.8793e-03	
 4.5373e-03	 4.8777e-03	
 4.5355e-03	 4.8761e-03	
 4.5338e-03	 4.8745e-03	
 4.5320e-03	 4.8729e-03	
 4.5302e-03	 4.8714e-03	
 4.5285e-03	 4.8698e-03	
 4.5268e-03	 4.8682e-03	
 4.5251e-03	 4.8667e-03	
 4.5235e-03	 4.8652e-03	
 4.5218e-03	 4.8636e-03	
 4.5201e-03	 4.8621e-03	
 4.5184e-03	 4.8606e-03	
 4.5168e-03	 4.8591e-03	
 4.5150e-03	 4.8576e-03	
 4.5134e-03	 4.8561e-03	
 4.5117e-03	 4.8547e-03	
 4.5101e-03	 4.8532e-03	
 4.5084e-03	 4.8517e-03	
 4.5067e-03	 4.8503e-03	
 4.5052e-03	 4.8488e-03	
 4.5034e-03	 4.8474e-03	
 4.5019e-03	 4.8459e-03	
 4.5002e-03	 4.8445e-03	
 4.4985e-03	 4.8431e-03	
 4.4969e-03	 4.8416e-03	
 4.4953e-03	 4.8402e-03	
 4.4937e-03	 4.8388e-03	
 4.4921e-03	 4.8374e-03	
 4.4905e-03	 4.8361e-03	
 4.4889e-03	 4.8347e-03	
 4.4874e-03	 4.8333e-03	
 4.4857e-03	 4.8319e-03	
 4.4842e-03	 4.8306e-03	
 4.4826e-03	 4.8292e-03	
 4.4810e-03	 4.8279e-03	
 4.4795e-03	 4.8265e-03	
 4.4779e-03	 4.8252e-03	
 4.4765e-03	 4.8239e-03	
 4.4748e-03	 4.8225e-03	
 4.4734e-03	 4.8212e-03	
 4.4717e-03	 4.8199e-03	
 4.4703e-03	 4.8186e-03	
 4.4686e-03	 4.8173e-03	
 4.4672e-03	 4.8160e-03	
 4.4656e-03	 4.8147e-03	
 4.4642e-03	 4.8134e-03	
 4.4626e-03	 4.8122e-03	
 4.4612e-03	 4.8109e-03	
 4.4596e-03	 4.8096e-03	
 4.4582e-03	 4.8084e-03	
 4.4566e-03	 4.8071e-03	
 4.4552e-03	 4.8059e-03	
 4.4535e-03	 4.8047e-03	
 4.4522e-03	 4.8034e-03	
 4.4505e-03	 4.8022e-03	
 4.4493e-03	 4.8010e-03	
 4.4475e-03	 4.7998e-03	
 4.4463e-03	 4.7986e-03	
 4.4446e-03	 4.7973e-03	
 4.4434e-03	 4.7962e-03	
 4.4417e-03	 4.7950e-03	
 4.4404e-03	 4.7938e-03	
 4.4388e-03	 4.7926e-03	
 4.4375e-03	 4.7914e-03	
 4.4359e-03	 4.7902e-03	
 4.4346e-03	 4.7891e-03	
 4.4331e-03	 4.7879e-03	
 4.4318e-03	 4.7868e-03	
 4.4301e-03	 4.7856e-03	
 4.4292e-03	 4.7845e-03	
 4.4272e-03	 4.7833e-03	
 4.4266e-03	 4.7822e-03	
 4.4240e-03	 4.7810e-03	
 4.4243e-03	 4.7800e-03	
 4.4205e-03	 4.7788e-03	
 4.4228e-03	 4.7778e-03	
 4.4164e-03	 4.7765e-03	
 4.4236e-03	 4.7756e-03	
 4.4113e-03	 4.7743e-03	
 4.4344e-03	 4.7738e-03	
 4.4102e-03	 4.7723e-03	
 4.4917e-03	 4.7726e-03	
 4.4250e-03	 4.7709e-03	
 4.5681e-03	 4.7706e-03	
 4.4111e-03	 4.7682e-03	
 4.4777e-03	 4.7678e-03	
 4.4009e-03	 4.7659e-03	
 4.4342e-03	 4.7654e-03	
 4.4004e-03	 4.7639e-03	
 4.4183e-03	 4.7631e-03	
 4.4003e-03	 4.7618e-03	
 4.4107e-03	 4.7610e-03	
 4.3992e-03	 4.7598e-03	
 4.4059e-03	 4.7589e-03	
 4.3975e-03	 4.7577e-03	
 4.4023e-03	 4.7568e-03	
 4.3953e-03	 4.7557e-03	
 4.3992e-03	 4.7548e-03	
 4.3929e-03	 4.7537e-03	
 4.3965e-03	 4.7528e-03	
 4.3903e-03	 4.7517e-03	
 4.3942e-03	 4.7508e-03	
 4.3874e-03	 4.7497e-03	
 4.3922e-03	 4.7488e-03	
 4.3843e-03	 4.7477e-03	
 4.3912e-03	 4.7469e-03	
 4.3808e-03	 4.7457e-03	
 4.3923e-03	 4.7450e-03	
 4.3772e-03	 4.7438e-03	
 4.3985e-03	 4.7433e-03	
 4.3750e-03	 4.7419e-03	
 4.4188e-03	 4.7418e-03	
 4.3782e-03	 4.7403e-03	
 4.4575e-03	 4.7403e-03	
 4.3799e-03	 4.7386e-03	
 4.4575e-03	 4.7383e-03	
 4.3716e-03	 4.7365e-03	
 4.4215e-03	 4.7362e-03	
 4.3663e-03	 4.7346e-03	
 4.3979e-03	 4.7341e-03	
 4.3646e-03	 4.7327e-03	
 4.3860e-03	 4.7322e-03	
 4.3635e-03	 4.7309e-03	
 4.3793e-03	 4.7303e-03	
 4.3620e-03	 4.7291e-03	
 4.3750e-03	 4.7285e-03	
 4.3601e-03	 4.7274e-03	
 4.3724e-03	 4.7267e-03	
 4.3578e-03	 4.7256e-03	
 4.3710e-03	 4.7249e-03	
 4.3553e-03	 4.7238e-03	
 4.3716e-03	 4.7232e-03	
 4.3528e-03	 4.7221e-03	
 4.3755e-03	 4.7216e-03	
 4.3511e-03	 4.7204e-03	
 4.3859e-03	 4.7201e-03	
 4.3515e-03	 4.7188e-03	
 4.4034e-03	 4.7186e-03	
 4.3525e-03	 4.7172e-03	
 4.4125e-03	 4.7170e-03	
 4.3495e-03	 4.7155e-03	
 4.4001e-03	 4.7152e-03	
 4.3447e-03	 4.7137e-03	
 4.3823e-03	 4.7134e-03	
 4.3416e-03	 4.7120e-03	
 4.3697e-03	 4.7116e-03	
 4.3397e-03	 4.7104e-03	
 4.3621e-03	 4.7099e-03	
 4.3381e-03	 4.7087e-03	
 4.3578e-03	 4.7082e-03	
 4.3363e-03	 4.7071e-03	
 4.3557e-03	 4.7066e-03	
 4.3345e-03	 4.7055e-03	
 4.3555e-03	 4.7050e-03	
 4.3327e-03	 4.7039e-03	
 4.3579e-03	 4.7035e-03	
 4.3315e-03	 4.7024e-03	
 4.3634e-03	 4.7020e-03	
 4.3310e-03	 4.7009e-03	
 4.3713e-03	 4.7006e-03	
 4.3308e-03	 4.6994e-03	
 4.3763e-03	 4.6991e-03	
 4.3293e-03	 4.6978e-03	
 4.3729e-03	 4.6975e-03	
 4.3263e-03	 4.6963e-03	
 4.3638e-03	 4.6959e-03	
 4.3234e-03	 4.6947e-03	
 4.3547e-03	 4.6943e-03	
 4.3212e-03	 4.6932e-03	
 4.3479e-03	 4.6928e-03	
 4.3194e-03	 4.6917e-03	
 4.3436e-03	 4.6912e-03	
 4.3177e-03	 4.6902e-03	
 4.3413e-03	 4.6897e-03	
 4.3162e-03	 4.6887e-03	
 4.3410e-03	 4.6883e-03	
 4.3149e-03	 4.6872e-03	
 4.3426e-03	 4.6869e-03	
 4.3140e-03	 4.6858e-03	
 4.3459e-03	 4.6855e-03	
 4.3134e-03	 4.6844e-03	
 4.3492e-03	 4.6841e-03	
 4.3126e-03	 4.6830e-03	
 4.3502e-03	 4.6827e-03	
 4.3110e-03	 4.6816e-03	
 4.3475e-03	 4.6813e-03	
 4.3088e-03	 4.6802e-03	
 4.3420e-03	 4.6798e-03	
 4.3065e-03	 4.6787e-03	
 4.3362e-03	 4.6784e-03	
 4.3045e-03	 4.6773e-03	
 4.3315e-03	 4.6769e-03	
 4.3028e-03	 4.6759e-03	
 4.3284e-03	 4.6755e-03	
 4.3014e-03	 4.6745e-03	
 4.3268e-03	 4.6741e-03	
 4.3001e-03	 4.6732e-03	
 4.3266e-03	 4.6728e-03	
 4.2991e-03	 4.6718e-03	
 4.3275e-03	 4.6715e-03	
 4.2983e-03	 4.6705e-03	
 4.3290e-03	 4.6702e-03	
 4.2975e-03	 4.6692e-03	
 4.3298e-03	 4.6689e-03	
 4.2963e-03	 4.6679e-03	
 4.3287e-03	 4.6675e-03	
 4.2947e-03	 4.6666e-03	
 4.3258e-03	 4.6662e-03	
 4.2928e-03	 4.6652e-03	
 4.3219e-03	 4.6649e-03	
 4.2910e-03	 4.6639e-03	
 4.3183e-03	 4.6635e-03	
 4.2893e-03	 4.6626e-03	
 4.3155e-03	 4.6622e-03	
 4.2879e-03	 4.6613e-03	
 4.3135e-03	 4.6609e-03	
 4.2867e-03	 4.6601e-03	
 4.3125e-03	 4.6597e-03	
 4.2856e-03	 4.6588e-03	
 4.3124e-03	 4.6584e-03	
 4.2847e-03	 4.6576e-03	
 4.3128e-03	 4.6572e-03	
 4.2838e-03	 4.6563e-03	
 4.3129e-03	 4.6559e-03	
 4.2828e-03	 4.6551e-03	
 4.3121e-03	 4.6547e-03	
 4.2814e-03	 4.6539e-03	
 4.3102e-03	 4.6535e-03	
 4.2798e-03	 4.6526e-03	
 4.3073e-03	 4.6522e-03	
 4.2781e-03	 4.6514e-03	
 4.3043e-03	 4.6510e-03	
 4.2766e-03	 4.6502e-03	
 4.3016e-03	 4.6498e-03	
 4.2752e-03	 4.6489e-03	
 4.2997e-03	 4.6485e-03	
 4.2740e-03	 4.6478e-03	
 4.2985e-03	 4.6473e-03	
 4.2731e-03	 4.6466e-03	
 4.2981e-03	 4.6462e-03	
 4.2722e-03	 4.6454e-03	
 4.2980e-03	 4.6450e-03	
 4.2713e-03	 4.6442e-03	
 4.2976e-03	 4.6438e-03	
 4.2703e-03	 4.6431e-03	
 4.2967e-03	 4.6427e-03	
 4.2691e-03	 4.6419e-03	
 4.2950e-03	 4.6415e-03	
 4.2676e-03	 4.6408e-03	
 4.2927e-03	 4.6403e-03	
 4.2662e-03	 4.6396e-03	
 4.2903e-03	 4.6392e-03	
 4.2648e-03	 4.6384e-03	
 4.2881e-03	 4.6380e-03	
 4.2635e-03	 4.6373e-03	
 4.2865e-03	 4.6369e-03	
 4.2624e-03	 4.6362e-03	
 4.2854e-03	 4.6358e-03	
 4.2615e-03	 4.6351e-03	
 4.2848e-03	 4.6346e-03	
 4.2607e-03	 4.6340e-03	
 4.2844e-03	 4.6335e-03	
 4.2598e-03	 4.6329e-03	
 4.2836e-03	 4.6324e-03	
 4.2587e-03	 4.6318e-03	
 4.2825e-03	 4.6313e-03	
 4.2576e-03	 4.6307e-03	
 4.2809e-03	 4.6302e-03	
 4.2563e-03	 4.6296e-03	
 4.2791e-03	 4.6291e-03	
 4.2551e-03	 4.6285e-03	
 4.2773e-03	 4.6281e-03	
 4.2538e-03	 4.6274e-03	
 4.2755e-03	 4.6270e-03	
 4.2527e-03	 4.6263e-03	
 4.2740e-03	 4.6259e-03	
 4.2516e-03	 4.6253e-03	
 4.2728e-03	 4.6248e-03	
 4.2507e-03	 4.6242e-03	
 4.2719e-03	 4.6238e-03	
 4.2498e-03	 4.6232e-03	
 4.2712e-03	 4.6227e-03	
 4.2490e-03	 4.6222e-03	
 4.2703e-03	 4.6217e-03	
 4.2480e-03	 4.6211e-03	
 4.2693e-03	 4.6206e-03	
 4.2470e-03	 4.6201e-03	
 4.2678e-03	 4.6196e-03	
 4.2458e-03	 4.6190e-03	
 4.2662e-03	 4.6186e-03	
 4.2446e-03	 4.6180e-03	
 4.2646e-03	 4.6175e-03	
 4.2435e-03	 4.6170e-03	
 4.2630e-03	 4.6165e-03	
 4.2424e-03	 4.6160e-03	
 4.2615e-03	 4.6155e-03	
 4.2414e-03	 4.6150e-03	
 4.2603e-03	 4.6145e-03	
 4.2405e-03	 4.6140e-03	
 4.2593e-03	 4.6135e-03	
 4.2397e-03	 4.6130e-03	
 4.2585e-03	 4.6125e-03	
 4.2389e-03	 4.6120e-03	
 4.2577e-03	 4.6115e-03	
 4.2380e-03	 4.6110e-03	
 4.2568e-03	 4.6105e-03	
 4.2371e-03	 4.6100e-03	
 4.2556e-03	 4.6095e-03	
 4.2360e-03	 4.6091e-03	
 4.2542e-03	 4.6086e-03	
 4.2349e-03	 4.6081e-03	
 4.2526e-03	 4.6076e-03	
 4.2338e-03	 4.6071e-03	
 4.2511e-03	 4.6066e-03	
 4.2328e-03	 4.6062e-03	
 4.2499e-03	 4.6057e-03	
 4.2319e-03	 4.6052e-03	
 4.2488e-03	 4.6047e-03	
 4.2310e-03	 4.6043e-03	
 4.2476e-03	 4.6038e-03	
 4.2301e-03	 4.6033e-03	
 4.2465e-03	 4.6028e-03	
 4.2292e-03	 4.6024e-03	
 4.2455e-03	 4.6019e-03	
 4.2284e-03	 4.6015e-03	
 4.2445e-03	 4.6009e-03	
 4.2275e-03	 4.6005e-03	
 4.2434e-03	 4.6000e-03	
 4.2265e-03	 4.5996e-03	
 4.2422e-03	 4.5991e-03	
 4.2256e-03	 4.5987e-03	
 4.2410e-03	 4.5982e-03	
 4.2247e-03	 4.5978e-03	
 4.2398e-03	 4.5972e-03	
 4.2238e-03	 4.5969e-03	
 4.2387e-03	 4.5963e-03	
 4.2229e-03	 4.5960e-03	
 4.2377e-03	 4.5954e-03	
 4.2220e-03	 4.5951e-03	
 4.2366e-03	 4.5945e-03	
 4.2211e-03	 4.5942e-03	
 4.2354e-03	 4.5936e-03	
 4.2202e-03	 4.5933e-03	
 4.2343e-03	 4.5927e-03	
 4.2193e-03	 4.5924e-03	
 4.2332e-03	 4.5918e-03	
 4.2184e-03	 4.5915e-03	
 4.2321e-03	 4.5910e-03	
 4.2176e-03	 4.5906e-03	
 4.2310e-03	 4.5901e-03	
 4.2168e-03	 4.5898e-03	
 4.2301e-03	 4.5892e-03	
 4.2160e-03	 4.5889e-03	
 4.2291e-03	 4.5883e-03	
 4.2152e-03	 4.5880e-03	
 4.2280e-03	 4.5875e-03	
 4.2143e-03	 4.5872e-03	
 4.2270e-03	 4.5866e-03	
 4.2135e-03	 4.5863e-03	
 4.2260e-03	 4.5858e-03	
 4.2127e-03	 4.5855e-03	
 4.2248e-03	 4.5849e-03	
 4.2118e-03	 4.5846e-03	
 4.2238e-03	 4.5841e-03	
 4.2110e-03	 4.5838e-03	
 4.2227e-03	 4.5832e-03	
 4.2102e-03	 4.5829e-03	
 4.2217e-03	 4.5824e-03	
 4.2094e-03	 4.5821e-03	
 4.2207e-03	 4.5815e-03	
 4.2085e-03	 4.5813e-03	
 4.2197e-03	 4.5807e-03	
 4.2077e-03	 4.5804e-03	
 4.2186e-03	 4.5799e-03	
 4.2068e-03	 4.5796e-03	
 4.2175e-03	 4.5790e-03	
 4.2060e-03	 4.5788e-03	
 4.2165e-03	 4.5782e-03	
 4.2052e-03	 4.5780e-03	
 4.2156e-03	 4.5774e-03	
 4.2045e-03	 4.5772e-03	
 4.2147e-03	 4.5766e-03	
 4.2037e-03	 4.5764e-03	
 4.2140e-03	 4.5758e-03	
 4.2030e-03	 4.5756e-03	
 4.2131e-03	 4.5750e-03	
 4.2022e-03	 4.5748e-03	
 4.2121e-03	 4.5742e-03	
 4.2013e-03	 4.5740e-03	
 4.2109e-03	 4.5734e-03	
 4.2004e-03	 4.5732e-03	
 4.2098e-03	 4.5726e-03	
 4.1996e-03	 4.5724e-03	
 4.2087e-03	 4.5718e-03	
 4.1988e-03	 4.5716e-03	
 4.2077e-03	 4.5710e-03	
 4.1981e-03	 4.5708e-03	
 4.2069e-03	 4.5703e-03	
 4.1974e-03	 4.5701e-03	
 4.2061e-03	 4.5695e-03	
 4.1967e-03	 4.5693e-03	
 4.2053e-03	 4.5687e-03	
 4.1960e-03	 4.5685e-03	
 4.2046e-03	 4.5680e-03	
 4.1953e-03	 4.5678e-03	
 4.2038e-03	 4.5672e-03	
 4.1946e-03	 4.5670e-03	
 4.2030e-03	 4.5664e-03	
 4.1938e-03	 4.5663e-03	
 4.2020e-03	 4.5657e-03	
 4.1929e-03	 4.5655e-03	
 4.2008e-03	 4.5649e-03	
 4.1919e-03	 4.5648e-03	
 4.1996e-03	 4.5642e-03	
 4.1911e-03	 4.5640e-03	
 4.1984e-03	 4.5634e-03	
 4.1902e-03	 4.5633e-03	
 4.1975e-03	 4.5627e-03	
 4.1896e-03	 4.5625e-03	
 4.1968e-03	 4.5619e-03	
 4.1891e-03	 4.5618e-03	
 4.1963e-03	 4.5612e-03	
 4.1886e-03	 4.5611e-03	
 4.1957e-03	 4.5605e-03	
 4.1880e-03	 4.5604e-03	
 4.1949e-03	 4.5598e-03	
 4.1872e-03	 4.5596e-03	
 4.1939e-03	 4.5590e-03	
 4.1863e-03	 4.5589e-03	
 4.1928e-03	 4.5583e-03	
 4.1855e-03	 4.5582e-03	
 4.1917e-03	 4.5576e-03	
 4.1847e-03	 4.5575e-03	
 4.1907e-03	 4.5569e-03	
 4.1840e-03	 4.5568e-03	
 4.1899e-03	 4.5562e-03	
 4.1834e-03	 4.5561e-03	
 4.1892e-03	 4.5555e-03	
 4.1828e-03	 4.5554e-03	
 4.1885e-03	 4.5548e-03	
 4.1822e-03	 4.5547e-03	
 4.1879e-03	 4.5541e-03	
 4.1816e-03	 4.5540e-03	
 4.1872e-03	 4.5534e-03	
 4.1810e-03	 4.5533e-03	
 4.1865e-03	 4.5527e-03	
 4.1802e-03	 4.5526e-03	
 4.1856e-03	 4.5520e-03	
 4.1794e-03	 4.5519e-03	
 4.1846e-03	 4.5513e-03	
 4.1786e-03	 4.5513e-03	
 4.1835e-03	 4.5507e-03	
 4.1778e-03	 4.5506e-03	
 4.1825e-03	 4.5500e-03	
 4.1771e-03	 4.5499e-03	
 4.1817e-03	 4.5493e-03	
 4.1765e-03	 4.5492e-03	
 4.1810e-03	 4.5486e-03	
 4.1759e-03	 4.5486e-03	
 4.1804e-03	 4.5480e-03	
 4.1754e-03	 4.5479e-03	
 4.1799e-03	 4.5473e-03	
 4.1749e-03	 4.5473e-03	
 4.1793e-03	 4.5467e-03	
 4.1743e-03	 4.5466e-03	
 4.1786e-03	 4.5460e-03	
 4.1736e-03	 4.5460e-03	
 4.1778e-03	 4.5454e-03	
 4.1728e-03	 4.5453e-03	
 4.1768e-03	 4.5447e-03	
 4.1719e-03	 4.5447e-03	
 4.1759e-03	 4.5441e-03	
 4.1712e-03	 4.5440e-03	
 4.1749e-03	 4.5434e-03	
 4.1705e-03	 4.5434e-03	
 4.1742e-03	 4.5428e-03	
 4.1699e-03	 4.5428e-03	
 4.1735e-03	 4.5422e-03	
 4.1694e-03	 4.5421e-03	
 4.1729e-03	 4.5415e-03	
 4.1688e-03	 4.5415e-03	
 4.1723e-03	 4.5409e-03	
 4.1683e-03	 4.5409e-03	
 4.1717e-03	 4.5403e-03	
 4.1677e-03	 4.5403e-03	
 4.1710e-03	 4.5397e-03	
 4.1671e-03	 4.5397e-03	
 4.1703e-03	 4.5391e-03	
 4.1664e-03	 4.5390e-03	
 4.1694e-03	 4.5384e-03	
 4.1656e-03	 4.5384e-03	
 4.1685e-03	 4.5378e-03	
 4.1649e-03	 4.5378e-03	
 4.1677e-03	 4.5372e-03	
 4.1642e-03	 4.5372e-03	
 4.1669e-03	 4.5366e-03	
 4.1636e-03	 4.5366e-03	
 4.1662e-03	 4.5360e-03	
 4.1631e-03	 4.5360e-03	
 4.1656e-03	 4.5354e-03	
 4.1626e-03	 4.5354e-03	
 4.1651e-03	 4.5348e-03	
 4.1621e-03	 4.5349e-03	
 4.1646e-03	 4.5343e-03	
 4.1616e-03	 4.5343e-03	
 4.1639e-03	 4.5337e-03	
 4.1609e-03	 4.5337e-03	
 4.1632e-03	 4.5331e-03	
 4.1603e-03	 4.5331e-03	
 4.1624e-03	 4.5325e-03	
 4.1596e-03	 4.5325e-03	
 4.1616e-03	 4.5319e-03	
 4.1589e-03	 4.5319e-03	
 4.1608e-03	 4.5314e-03	
 4.1582e-03	 4.5314e-03	
 4.1601e-03	 4.5308e-03	
 4.1577e-03	 4.5308e-03	
 4.1595e-03	 4.5302e-03	
 4.1572e-03	 4.5302e-03	
 4.1589e-03	 4.5297e-03	
 4.1567e-03	 4.5297e-03	
 4.1583e-03	 4.5291e-03	
 4.1561e-03	 4.5291e-03	
 4.1577e-03	 4.5285e-03	
 4.1556e-03	 4.5286e-03	
 4.1571e-03	 4.5280e-03	
 4.1550e-03	 4.5280e-03	
 4.1565e-03	 4.5274e-03	
 4.1545e-03	 4.5275e-03	
 4.1559e-03	 4.5269e-03	
 4.1539e-03	 4.5269e-03	
 4.1552e-03	 4.5264e-03	
 4.1533e-03	 4.5264e-03	
 4.1545e-03	 4.5258e-03	
 4.1527e-03	 4.5259e-03	
 4.1538e-03	 4.5253e-03	
 4.1521e-03	 4.5253e-03	
 4.1531e-03	 4.5247e-03	
 4.1515e-03	 4.5248e-03	
 4.1525e-03	 4.5242e-03	
 4.1510e-03	 4.5243e-03	
 4.1519e-03	 4.5237e-03	
 4.1504e-03	 4.5237e-03	
 4.1513e-03	 4.5232e-03	
 4.1500e-03	 4.5232e-03	
 4.1508e-03	 4.5226e-03	
 4.1495e-03	 4.5227e-03	
 4.1503e-03	 4.5221e-03	
 4.1490e-03	 4.5222e-03	
 4.1498e-03	 4.5216e-03	
 4.1485e-03	 4.5217e-03	
 4.1492e-03	 4.5211e-03	
 4.1480e-03	 4.5212e-03	
 4.1486e-03	 4.5206e-03	
 4.1474e-03	 4.5207e-03	
 4.1480e-03	 4.5201e-03	
 4.1468e-03	 4.5201e-03	
 4.1473e-03	 4.5196e-03	
 4.1462e-03	 4.5196e-03	
 4.1466e-03	 4.5191e-03	
 4.1456e-03	 4.5191e-03	
 4.1459e-03	 4.5186e-03	
 4.1451e-03	 4.5186e-03	
 4.1453e-03	 4.5181e-03	
 4.1446e-03	 4.5182e-03	
 4.1448e-03	 4.5176e-03	
 4.1442e-03	 4.5177e-03	
 4.1443e-03	 4.5171e-03	
 4.1437e-03	 4.5172e-03	
 4.1438e-03	 4.5166e-03	
 4.1433e-03	 4.5167e-03	
 4.1433e-03	 4.5161e-03	
 4.1428e-03	 4.5162e-03	
 4.1428e-03	 4.5157e-03	
 4.1423e-03	 4.5157e-03	
 4.1423e-03	 4.5152e-03	
 4.1418e-03	 4.5153e-03	
 4.1417e-03	 4.5147e-03	
 4.1411e-03	 4.5148e-03	
 4.1410e-03	 4.5142e-03	
 4.1405e-03	 4.5143e-03	
 4.1404e-03	 4.5138e-03	
 4.1400e-03	 4.5139e-03	
 4.1398e-03	 4.5133e-03	
 4.1396e-03	 4.5134e-03	
 4.1393e-03	 4.5128e-03	
 4.1392e-03	 4.5129e-03	
 4.1388e-03	 4.5124e-03	
 4.1387e-03	 4.5125e-03	
 4.1384e-03	 4.5119e-03	
 4.1383e-03	 4.5120e-03	
 4.1379e-03	 4.5115e-03	
 4.1378e-03	 4.5116e-03	
 4.1373e-03	 4.5110e-03	
 4.1372e-03	 4.5111e-03	
 4.1368e-03	 4.5106e-03	
 4.1368e-03	 4.5107e-03	
 4.1363e-03	 4.5101e-03	
 4.1364e-03	 4.5102e-03	
