Gradient norm	
 4.9035e-01	
 8.4164e-02	
 9.1302e-02	
 8.2204e-02	
 8.0573e-02	
 8.0555e-02	
 8.1032e-02	
 8.0861e-02	
 8.0465e-02	
 7.9884e-02	
 7.9091e-02	
 7.8209e-02	
 7.7176e-02	
 7.5978e-02	
 7.4661e-02	
 7.3261e-02	
 7.1850e-02	
 7.0451e-02	
 6.9062e-02	
 6.7739e-02	
 6.6491e-02	
 6.4805e-02	
 6.3521e-02	
 6.2801e-02	
 6.2433e-02	
 6.2413e-02	
 6.2691e-02	
 6.3340e-02	
 6.4486e-02	
 6.6152e-02	
 6.8313e-02	
 7.0182e-02	
 7.0237e-02	
 5.7039e-02	
 3.8547e-02	
 2.8503e-02	
 2.5373e-02	
 2.4797e-02	
 2.4974e-02	
 2.5318e-02	
 2.5701e-02	
 2.6073e-02	
 2.6407e-02	
 2.6717e-02	
 2.7000e-02	
 2.7248e-02	
 2.7445e-02	
 2.7592e-02	
 2.7677e-02	
 2.7761e-02	
 2.7730e-02	
 2.7686e-02	
 2.7647e-02	
 2.7604e-02	
 2.7523e-02	
 2.7418e-02	
 2.7264e-02	
 2.7068e-02	
 2.6837e-02	
 2.6570e-02	
 2.6269e-02	
 2.5945e-02	
 2.5658e-02	
 2.5382e-02	
 2.5127e-02	
 2.4869e-02	
 2.4635e-02	
 2.4413e-02	
 2.4208e-02	
 2.4027e-02	
 2.3858e-02	
 2.3680e-02	
 2.3521e-02	
 2.3371e-02	
 2.3210e-02	
 2.3078e-02	
 2.2944e-02	
 2.2823e-02	
 2.2694e-02	
 2.2571e-02	
 2.2452e-02	
 2.2333e-02	
 2.2213e-02	
 2.2101e-02	
 2.1997e-02	
 2.1898e-02	
 2.1796e-02	
 2.1689e-02	
 2.1582e-02	
 2.1473e-02	
 2.1373e-02	
 2.1226e-02	
 2.1098e-02	
 2.0978e-02	
 2.0860e-02	
 2.0739e-02	
 2.0617e-02	
 2.0519e-02	
 2.0394e-02	
 2.0255e-02	
 2.0117e-02	
 1.9972e-02	
 1.9828e-02	
 1.9669e-02	
 1.9523e-02	
 1.9384e-02	
 1.9230e-02	
 1.9074e-02	
 1.8923e-02	
 1.8764e-02	
 1.8607e-02	
 1.8441e-02	
 1.8286e-02	
 1.8123e-02	
 1.7955e-02	
 1.7784e-02	
 1.7607e-02	
 1.7421e-02	
 1.7232e-02	
 1.7045e-02	
 1.6846e-02	
 1.6640e-02	
 1.6432e-02	
 1.6220e-02	
 1.6010e-02	
 1.5792e-02	
 1.5571e-02	
 1.5352e-02	
 1.5126e-02	
 1.4898e-02	
 1.4667e-02	
 1.4434e-02	
 1.4198e-02	
 1.3959e-02	
 1.3726e-02	
 1.3473e-02	
 1.3237e-02	
 1.2999e-02	
 1.2754e-02	
 1.2516e-02	
 1.2281e-02	
 1.2039e-02	
 1.1808e-02	
 1.1577e-02	
 1.1347e-02	
 1.1112e-02	
 1.0876e-02	
 1.0647e-02	
 1.0415e-02	
 1.0182e-02	
 9.9582e-03	
 9.7402e-03	
 9.5211e-03	
 9.3058e-03	
 9.0975e-03	
 8.8874e-03	
 8.6779e-03	
 8.4763e-03	
 8.2776e-03	
 8.0833e-03	
 7.8939e-03	
 7.7104e-03	
 7.5329e-03	
 7.3692e-03	
 7.2013e-03	
 7.0408e-03	
 6.8817e-03	
 6.7331e-03	
 6.5914e-03	
 6.4548e-03	
 6.3224e-03	
 6.1965e-03	
 6.0787e-03	
 5.9650e-03	
 5.8613e-03	
 5.7618e-03	
 5.6682e-03	
 5.5794e-03	
 5.4997e-03	
 5.4238e-03	
 5.3556e-03	
 5.2901e-03	
 5.2332e-03	
 5.1786e-03	
 5.1306e-03	
 5.0867e-03	
 5.0490e-03	
 5.0146e-03	
 4.9843e-03	
 4.9580e-03	
 4.9343e-03	
 4.9160e-03	
 4.8984e-03	
 4.8862e-03	
 4.8740e-03	
 4.8656e-03	
 4.8561e-03	
 4.8487e-03	
 4.8451e-03	
 4.8433e-03	
 4.8421e-03	
 4.8397e-03	
 4.8361e-03	
 4.8365e-03	
 4.8342e-03	
 4.8342e-03	
 4.8346e-03	
 4.8351e-03	
 4.8353e-03	
 4.8356e-03	
 4.8353e-03	
 4.8349e-03	
 4.8335e-03	
 4.8339e-03	
 4.8324e-03	
 4.8294e-03	
 4.8261e-03	
 4.8221e-03	
 4.8173e-03	
 4.8118e-03	
 4.8062e-03	
 4.8018e-03	
 4.7937e-03	
 4.7836e-03	
 4.7731e-03	
 4.7623e-03	
 4.7514e-03	
 4.7409e-03	
 4.7287e-03	
 4.7175e-03	
 4.7031e-03	
 4.6902e-03	
 4.6737e-03	
 4.6585e-03	
 4.6430e-03	
 4.6267e-03	
 4.6094e-03	
 4.5927e-03	
 4.5759e-03	
 4.5597e-03	
 4.5437e-03	
 4.5280e-03	
 4.5105e-03	
 4.4915e-03	
 4.4760e-03	
 4.4580e-03	
 4.4401e-03	
 4.4224e-03	
 4.4051e-03	
 4.3877e-03	
 4.3697e-03	
 4.3534e-03	
 4.3375e-03	
 4.3216e-03	
 4.3072e-03	
 4.2934e-03	
 4.2781e-03	
 4.2630e-03	
 4.2497e-03	
 4.2371e-03	
 4.2242e-03	
 4.2111e-03	
 4.1995e-03	
 4.1875e-03	
 4.1772e-03	
 4.1687e-03	
 4.1595e-03	
 4.1512e-03	
 4.1438e-03	
 4.1374e-03	
 4.1304e-03	
 4.1262e-03	
 4.1216e-03	
 4.1176e-03	
 4.1150e-03	
 4.1136e-03	
 4.1116e-03	
 4.1115e-03	
 4.1126e-03	
 4.1157e-03	
 4.1200e-03	
 4.1233e-03	
 4.1295e-03	
 4.1345e-03	
 4.1410e-03	
 4.1477e-03	
 4.1566e-03	
 4.1664e-03	
 4.1770e-03	
 4.1889e-03	
 4.2013e-03	
 4.2142e-03	
 4.2296e-03	
 4.2446e-03	
 4.2614e-03	
 4.2781e-03	
 4.2951e-03	
 4.3143e-03	
 4.3344e-03	
 4.3524e-03	
 4.3722e-03	
 4.3924e-03	
 4.4144e-03	
 4.4356e-03	
 4.4574e-03	
 4.4789e-03	
 4.5034e-03	
 4.5273e-03	
 4.5511e-03	
 4.5763e-03	
 4.6006e-03	
 4.6267e-03	
 4.6522e-03	
 4.6773e-03	
 4.7039e-03	
 4.7307e-03	
 4.7588e-03	
 4.7880e-03	
 4.8182e-03	
 4.8462e-03	
 4.8761e-03	
 4.9051e-03	
 4.9350e-03	
 4.9661e-03	
 4.9973e-03	
 5.0289e-03	
 5.0611e-03	
 5.0934e-03	
 5.1247e-03	
 5.1576e-03	
 5.1893e-03	
 5.2235e-03	
 5.2585e-03	
 5.2906e-03	
 5.3245e-03	
 5.3588e-03	
 5.3919e-03	
 5.4251e-03	
 5.4594e-03	
 5.4925e-03	
 5.5258e-03	
 5.5589e-03	
 5.5932e-03	
 5.6272e-03	
 5.6629e-03	
 5.6967e-03	
 5.7287e-03	
 5.7633e-03	
 5.7971e-03	
 5.8315e-03	
 5.8640e-03	
 5.9007e-03	
 5.9346e-03	
 5.9681e-03	
 6.0022e-03	
 6.0352e-03	
 6.0683e-03	
 6.1000e-03	
 6.1343e-03	
 6.1680e-03	
 6.2016e-03	
 6.2344e-03	
 6.2703e-03	
 6.3043e-03	
 6.3380e-03	
 6.3706e-03	
 6.4015e-03	
 6.4333e-03	
 6.4624e-03	
 6.4946e-03	
 6.5259e-03	
 6.5560e-03	
 6.5858e-03	
 6.6150e-03	
 6.6461e-03	
 6.6761e-03	
 6.7063e-03	
 6.7348e-03	
 6.7649e-03	
 6.7948e-03	
 6.8260e-03	
 6.8556e-03	
 6.8855e-03	
 6.9126e-03	
 6.9415e-03	
 6.9686e-03	
 6.9980e-03	
 7.0255e-03	
 7.0531e-03	
 7.0830e-03	
 7.1122e-03	
 7.1393e-03	
 7.1663e-03	
 7.1926e-03	
 7.2196e-03	
 7.2474e-03	
 7.2723e-03	
 7.2999e-03	
 7.3258e-03	
 7.3518e-03	
 7.3778e-03	
 7.4011e-03	
 7.4275e-03	
 7.4526e-03	
 7.4786e-03	
 7.5039e-03	
 7.5285e-03	
 7.5531e-03	
 7.5773e-03	
 7.6017e-03	
 7.6270e-03	
 7.6506e-03	
 7.6733e-03	
 7.6954e-03	
 7.7200e-03	
 7.7419e-03	
 7.7641e-03	
 7.7855e-03	
 7.8069e-03	
 7.8274e-03	
 7.8491e-03	
 7.8713e-03	
 7.8930e-03	
 7.9143e-03	
 7.9347e-03	
 7.9552e-03	
 7.9750e-03	
 7.9942e-03	
 8.0151e-03	
 8.0359e-03	
 8.0533e-03	
 8.0747e-03	
 8.0935e-03	
 8.1107e-03	
 8.1277e-03	
 8.1438e-03	
 8.1607e-03	
 8.1781e-03	
 8.1954e-03	
 8.2130e-03	
 8.2303e-03	
 8.2477e-03	
 8.2643e-03	
 8.2816e-03	
 8.2990e-03	
 8.3156e-03	
 8.3309e-03	
 8.3467e-03	
 8.3608e-03	
 8.3768e-03	
 8.3898e-03	
 8.4044e-03	
 8.4176e-03	
 8.4318e-03	
 8.4452e-03	
 8.4586e-03	
 8.4716e-03	
 8.4844e-03	
 8.4969e-03	
 8.5103e-03	
 8.5227e-03	
 8.5352e-03	
 8.5479e-03	
 8.5613e-03	
 8.5734e-03	
 8.5836e-03	
 8.5954e-03	
 8.6062e-03	
 8.6164e-03	
 8.6273e-03	
 8.6383e-03	
 8.6497e-03	
 8.6579e-03	
 8.6674e-03	
 8.6783e-03	
 8.6859e-03	
 8.6956e-03	
 8.7049e-03	
 8.7120e-03	
 8.7190e-03	
 8.7270e-03	
 8.7347e-03	
 8.7415e-03	
 8.7496e-03	
 8.7573e-03	
 8.7648e-03	
 8.7733e-03	
 8.7803e-03	
 8.7895e-03	
 8.7975e-03	
 8.8022e-03	
 8.8088e-03	
 8.8142e-03	
 8.8201e-03	
 8.8261e-03	
 8.8330e-03	
 8.8384e-03	
 8.8449e-03	
 8.8516e-03	
 8.8553e-03	
