Training loss	Validation loss	
 3.2691e-01	 3.8758e-02	
 2.6498e-02	 1.7414e-02	
 1.9292e-02	 1.6160e-02	
 1.7991e-02	 1.5500e-02	
 1.7453e-02	 1.5011e-02	
 1.7039e-02	 1.4612e-02	
 1.6688e-02	 1.4276e-02	
 1.6379e-02	 1.3978e-02	
 1.6109e-02	 1.3713e-02	
 1.5871e-02	 1.3477e-02	
 1.5657e-02	 1.3261e-02	
 1.5462e-02	 1.3064e-02	
 1.5280e-02	 1.2881e-02	
 1.5108e-02	 1.2707e-02	
 1.4944e-02	 1.2544e-02	
 1.4787e-02	 1.2389e-02	
 1.4636e-02	 1.2242e-02	
 1.4490e-02	 1.2102e-02	
 1.4350e-02	 1.1970e-02	
 1.4214e-02	 1.1843e-02	
 1.4083e-02	 1.1721e-02	
 1.3953e-02	 1.1594e-02	
 1.3824e-02	 1.1470e-02	
 1.3694e-02	 1.1355e-02	
 1.3564e-02	 1.1243e-02	
 1.3430e-02	 1.1132e-02	
 1.3290e-02	 1.1017e-02	
 1.3135e-02	 1.0893e-02	
 1.2949e-02	 1.0751e-02	
 1.2710e-02	 1.0578e-02	
 1.2378e-02	 1.0352e-02	
 1.1888e-02	 1.0032e-02	
 1.1153e-02	 9.6090e-03	
 1.0255e-02	 9.1547e-03	
 9.4661e-03	 8.8086e-03	
 8.9429e-03	 8.6071e-03	
 8.6339e-03	 8.4941e-03	
 8.4515e-03	 8.4222e-03	
 8.3368e-03	 8.3671e-03	
 8.2565e-03	 8.3191e-03	
 8.1944e-03	 8.2750e-03	
 8.1424e-03	 8.2330e-03	
 8.0964e-03	 8.1924e-03	
 8.0541e-03	 8.1526e-03	
 8.0144e-03	 8.1137e-03	
 7.9766e-03	 8.0755e-03	
 7.9404e-03	 8.0382e-03	
 7.9054e-03	 8.0018e-03	
 7.8714e-03	 7.9665e-03	
 7.8387e-03	 7.9326e-03	
 7.8076e-03	 7.9002e-03	
 7.7780e-03	 7.8696e-03	
 7.7498e-03	 7.8407e-03	
 7.7228e-03	 7.8133e-03	
 7.6970e-03	 7.7875e-03	
 7.6720e-03	 7.7629e-03	
 7.6478e-03	 7.7394e-03	
 7.6241e-03	 7.7169e-03	
 7.6013e-03	 7.6953e-03	
 7.5793e-03	 7.6746e-03	
 7.5575e-03	 7.6545e-03	
 7.5360e-03	 7.6350e-03	
 7.5150e-03	 7.6161e-03	
 7.4941e-03	 7.5975e-03	
 7.4735e-03	 7.5793e-03	
 7.4534e-03	 7.5614e-03	
 7.4336e-03	 7.5438e-03	
 7.4140e-03	 7.5265e-03	
 7.3942e-03	 7.5093e-03	
 7.3747e-03	 7.4924e-03	
 7.3553e-03	 7.4756e-03	
 7.3361e-03	 7.4591e-03	
 7.3171e-03	 7.4427e-03	
 7.2983e-03	 7.4265e-03	
 7.2796e-03	 7.4103e-03	
 7.2608e-03	 7.3942e-03	
 7.2422e-03	 7.3783e-03	
 7.2238e-03	 7.3625e-03	
 7.2054e-03	 7.3467e-03	
 7.1872e-03	 7.3311e-03	
 7.1691e-03	 7.3156e-03	
 7.1512e-03	 7.3003e-03	
 7.1335e-03	 7.2851e-03	
 7.1158e-03	 7.2700e-03	
 7.0984e-03	 7.2551e-03	
 7.0811e-03	 7.2403e-03	
 7.0639e-03	 7.2256e-03	
 7.0469e-03	 7.2110e-03	
 7.0301e-03	 7.1965e-03	
 7.0134e-03	 7.1821e-03	
 6.9968e-03	 7.1679e-03	
 6.9804e-03	 7.1537e-03	
 6.9641e-03	 7.1395e-03	
 6.9480e-03	 7.1255e-03	
 6.9320e-03	 7.1116e-03	
 6.9162e-03	 7.0978e-03	
 6.9004e-03	 7.0841e-03	
 6.8848e-03	 7.0704e-03	
 6.8694e-03	 7.0568e-03	
 6.8540e-03	 7.0433e-03	
 6.8387e-03	 7.0298e-03	
 6.8236e-03	 7.0165e-03	
 6.8085e-03	 7.0032e-03	
 6.7936e-03	 6.9900e-03	
 6.7787e-03	 6.9768e-03	
 6.7640e-03	 6.9638e-03	
 6.7494e-03	 6.9508e-03	
 6.7349e-03	 6.9379e-03	
 6.7204e-03	 6.9250e-03	
 6.7061e-03	 6.9122e-03	
 6.6919e-03	 6.8995e-03	
 6.6777e-03	 6.8868e-03	
 6.6637e-03	 6.8742e-03	
 6.6497e-03	 6.8617e-03	
 6.6359e-03	 6.8492e-03	
 6.6221e-03	 6.8368e-03	
 6.6084e-03	 6.8245e-03	
 6.5948e-03	 6.8122e-03	
 6.5813e-03	 6.8000e-03	
 6.5679e-03	 6.7879e-03	
 6.5546e-03	 6.7758e-03	
 6.5414e-03	 6.7638e-03	
 6.5282e-03	 6.7519e-03	
 6.5152e-03	 6.7400e-03	
 6.5022e-03	 6.7283e-03	
 6.4893e-03	 6.7165e-03	
 6.4765e-03	 6.7049e-03	
 6.4639e-03	 6.6933e-03	
 6.4512e-03	 6.6818e-03	
 6.4387e-03	 6.6703e-03	
 6.4262e-03	 6.6590e-03	
 6.4139e-03	 6.6477e-03	
 6.4016e-03	 6.6365e-03	
 6.3894e-03	 6.6253e-03	
 6.3773e-03	 6.6143e-03	
 6.3652e-03	 6.6033e-03	
 6.3533e-03	 6.5924e-03	
 6.3414e-03	 6.5816e-03	
 6.3296e-03	 6.5708e-03	
 6.3180e-03	 6.5602e-03	
 6.3063e-03	 6.5496e-03	
 6.2948e-03	 6.5391e-03	
 6.2834e-03	 6.5287e-03	
 6.2721e-03	 6.5184e-03	
 6.2608e-03	 6.5082e-03	
 6.2497e-03	 6.4981e-03	
 6.2386e-03	 6.4881e-03	
 6.2277e-03	 6.4781e-03	
 6.2168e-03	 6.4683e-03	
 6.2060e-03	 6.4585e-03	
 6.1953e-03	 6.4489e-03	
 6.1847e-03	 6.4393e-03	
 6.1742e-03	 6.4299e-03	
 6.1638e-03	 6.4205e-03	
 6.1536e-03	 6.4113e-03	
 6.1434e-03	 6.4021e-03	
 6.1333e-03	 6.3930e-03	
 6.1234e-03	 6.3841e-03	
 6.1135e-03	 6.3752e-03	
 6.1037e-03	 6.3665e-03	
 6.0940e-03	 6.3578e-03	
 6.0845e-03	 6.3493e-03	
 6.0750e-03	 6.3408e-03	
 6.0657e-03	 6.3325e-03	
 6.0565e-03	 6.3242e-03	
 6.0474e-03	 6.3161e-03	
 6.0383e-03	 6.3081e-03	
 6.0295e-03	 6.3001e-03	
 6.0207e-03	 6.2923e-03	
 6.0120e-03	 6.2846e-03	
 6.0034e-03	 6.2769e-03	
 5.9949e-03	 6.2694e-03	
 5.9866e-03	 6.2620e-03	
 5.9783e-03	 6.2547e-03	
 5.9702e-03	 6.2474e-03	
 5.9622e-03	 6.2403e-03	
 5.9542e-03	 6.2333e-03	
 5.9464e-03	 6.2264e-03	
 5.9387e-03	 6.2195e-03	
 5.9311e-03	 6.2128e-03	
 5.9236e-03	 6.2061e-03	
 5.9161e-03	 6.1996e-03	
 5.9088e-03	 6.1931e-03	
 5.9016e-03	 6.1867e-03	
 5.8945e-03	 6.1805e-03	
 5.8874e-03	 6.1743e-03	
 5.8805e-03	 6.1682e-03	
 5.8736e-03	 6.1621e-03	
 5.8668e-03	 6.1562e-03	
 5.8602e-03	 6.1504e-03	
 5.8536e-03	 6.1446e-03	
 5.8471e-03	 6.1389e-03	
 5.8407e-03	 6.1333e-03	
 5.8344e-03	 6.1278e-03	
 5.8281e-03	 6.1223e-03	
 5.8220e-03	 6.1169e-03	
 5.8159e-03	 6.1116e-03	
 5.8099e-03	 6.1064e-03	
 5.8039e-03	 6.1012e-03	
 5.7981e-03	 6.0961e-03	
 5.7923e-03	 6.0911e-03	
 5.7866e-03	 6.0861e-03	
 5.7809e-03	 6.0812e-03	
 5.7754e-03	 6.0764e-03	
 5.7699e-03	 6.0716e-03	
 5.7644e-03	 6.0669e-03	
 5.7591e-03	 6.0623e-03	
 5.7538e-03	 6.0577e-03	
 5.7485e-03	 6.0532e-03	
 5.7433e-03	 6.0487e-03	
 5.7382e-03	 6.0443e-03	
 5.7332e-03	 6.0399e-03	
 5.7282e-03	 6.0356e-03	
 5.7232e-03	 6.0313e-03	
 5.7183e-03	 6.0271e-03	
 5.7135e-03	 6.0230e-03	
 5.7087e-03	 6.0189e-03	
 5.7039e-03	 6.0148e-03	
 5.6992e-03	 6.0108e-03	
 5.6946e-03	 6.0068e-03	
 5.6900e-03	 6.0029e-03	
 5.6855e-03	 5.9990e-03	
 5.6810e-03	 5.9951e-03	
 5.6765e-03	 5.9913e-03	
 5.6721e-03	 5.9876e-03	
 5.6678e-03	 5.9838e-03	
 5.6635e-03	 5.9802e-03	
 5.6592e-03	 5.9765e-03	
 5.6549e-03	 5.9729e-03	
 5.6508e-03	 5.9693e-03	
 5.6466e-03	 5.9658e-03	
 5.6425e-03	 5.9623e-03	
 5.6384e-03	 5.9588e-03	
 5.6344e-03	 5.9553e-03	
 5.6303e-03	 5.9519e-03	
 5.6264e-03	 5.9485e-03	
 5.6224e-03	 5.9452e-03	
 5.6185e-03	 5.9419e-03	
 5.6146e-03	 5.9386e-03	
 5.6108e-03	 5.9353e-03	
 5.6070e-03	 5.9321e-03	
 5.6032e-03	 5.9289e-03	
 5.5994e-03	 5.9257e-03	
 5.5957e-03	 5.9225e-03	
 5.5920e-03	 5.9194e-03	
 5.5883e-03	 5.9162e-03	
 5.5847e-03	 5.9132e-03	
 5.5811e-03	 5.9101e-03	
 5.5775e-03	 5.9070e-03	
 5.5739e-03	 5.9040e-03	
 5.5704e-03	 5.9010e-03	
 5.5669e-03	 5.8980e-03	
 5.5634e-03	 5.8951e-03	
 5.5599e-03	 5.8922e-03	
 5.5565e-03	 5.8892e-03	
 5.5531e-03	 5.8863e-03	
 5.5497e-03	 5.8835e-03	
 5.5463e-03	 5.8806e-03	
 5.5430e-03	 5.8777e-03	
 5.5396e-03	 5.8749e-03	
 5.5363e-03	 5.8721e-03	
 5.5330e-03	 5.8693e-03	
 5.5297e-03	 5.8665e-03	
 5.5265e-03	 5.8638e-03	
 5.5233e-03	 5.8610e-03	
 5.5201e-03	 5.8583e-03	
 5.5169e-03	 5.8556e-03	
 5.5137e-03	 5.8529e-03	
 5.5105e-03	 5.8502e-03	
 5.5074e-03	 5.8476e-03	
 5.5043e-03	 5.8449e-03	
 5.5011e-03	 5.8423e-03	
 5.4981e-03	 5.8397e-03	
 5.4950e-03	 5.8370e-03	
 5.4919e-03	 5.8344e-03	
 5.4889e-03	 5.8319e-03	
 5.4859e-03	 5.8293e-03	
 5.4829e-03	 5.8267e-03	
 5.4799e-03	 5.8242e-03	
 5.4769e-03	 5.8217e-03	
 5.4739e-03	 5.8191e-03	
 5.4710e-03	 5.8166e-03	
 5.4680e-03	 5.8141e-03	
 5.4651e-03	 5.8116e-03	
 5.4622e-03	 5.8092e-03	
 5.4593e-03	 5.8067e-03	
 5.4564e-03	 5.8043e-03	
 5.4536e-03	 5.8018e-03	
 5.4507e-03	 5.7994e-03	
 5.4479e-03	 5.7970e-03	
 5.4450e-03	 5.7946e-03	
 5.4422e-03	 5.7922e-03	
 5.4394e-03	 5.7898e-03	
 5.4366e-03	 5.7874e-03	
 5.4338e-03	 5.7850e-03	
 5.4311e-03	 5.7827e-03	
 5.4283e-03	 5.7803e-03	
 5.4256e-03	 5.7780e-03	
 5.4229e-03	 5.7757e-03	
 5.4201e-03	 5.7734e-03	
 5.4174e-03	 5.7710e-03	
 5.4147e-03	 5.7687e-03	
 5.4121e-03	 5.7665e-03	
 5.4094e-03	 5.7642e-03	
 5.4067e-03	 5.7619e-03	
 5.4041e-03	 5.7596e-03	
 5.4014e-03	 5.7574e-03	
 5.3988e-03	 5.7551e-03	
 5.3962e-03	 5.7529e-03	
 5.3936e-03	 5.7507e-03	
 5.3910e-03	 5.7484e-03	
 5.3884e-03	 5.7462e-03	
 5.3859e-03	 5.7440e-03	
 5.3833e-03	 5.7418e-03	
 5.3807e-03	 5.7396e-03	
 5.3782e-03	 5.7375e-03	
 5.3757e-03	 5.7353e-03	
 5.3732e-03	 5.7331e-03	
 5.3707e-03	 5.7310e-03	
 5.3682e-03	 5.7288e-03	
 5.3657e-03	 5.7267e-03	
 5.3632e-03	 5.7246e-03	
 5.3607e-03	 5.7225e-03	
 5.3583e-03	 5.7203e-03	
 5.3558e-03	 5.7182e-03	
 5.3534e-03	 5.7161e-03	
 5.3510e-03	 5.7140e-03	
 5.3486e-03	 5.7120e-03	
 5.3462e-03	 5.7099e-03	
 5.3438e-03	 5.7078e-03	
 5.3414e-03	 5.7058e-03	
 5.3390e-03	 5.7037e-03	
 5.3366e-03	 5.7017e-03	
 5.3343e-03	 5.6996e-03	
 5.3320e-03	 5.6976e-03	
 5.3296e-03	 5.6956e-03	
 5.3273e-03	 5.6936e-03	
 5.3250e-03	 5.6916e-03	
 5.3227e-03	 5.6896e-03	
 5.3204e-03	 5.6876e-03	
 5.3181e-03	 5.6856e-03	
 5.3159e-03	 5.6836e-03	
 5.3136e-03	 5.6817e-03	
 5.3113e-03	 5.6797e-03	
 5.3091e-03	 5.6778e-03	
 5.3069e-03	 5.6758e-03	
 5.3047e-03	 5.6739e-03	
 5.3025e-03	 5.6719e-03	
 5.3003e-03	 5.6700e-03	
 5.2981e-03	 5.6681e-03	
 5.2959e-03	 5.6662e-03	
 5.2937e-03	 5.6643e-03	
 5.2916e-03	 5.6624e-03	
 5.2894e-03	 5.6605e-03	
 5.2873e-03	 5.6586e-03	
 5.2851e-03	 5.6568e-03	
 5.2830e-03	 5.6549e-03	
 5.2809e-03	 5.6530e-03	
 5.2788e-03	 5.6512e-03	
 5.2767e-03	 5.6493e-03	
 5.2746e-03	 5.6475e-03	
 5.2726e-03	 5.6457e-03	
 5.2705e-03	 5.6439e-03	
 5.2684e-03	 5.6420e-03	
 5.2664e-03	 5.6402e-03	
 5.2644e-03	 5.6384e-03	
 5.2623e-03	 5.6366e-03	
 5.2603e-03	 5.6349e-03	
 5.2583e-03	 5.6331e-03	
 5.2563e-03	 5.6313e-03	
 5.2544e-03	 5.6295e-03	
 5.2524e-03	 5.6278e-03	
 5.2504e-03	 5.6260e-03	
 5.2485e-03	 5.6243e-03	
 5.2465e-03	 5.6226e-03	
 5.2446e-03	 5.6208e-03	
 5.2427e-03	 5.6191e-03	
 5.2408e-03	 5.6174e-03	
 5.2389e-03	 5.6157e-03	
 5.2370e-03	 5.6140e-03	
 5.2351e-03	 5.6123e-03	
 5.2332e-03	 5.6106e-03	
 5.2313e-03	 5.6089e-03	
 5.2295e-03	 5.6072e-03	
 5.2276e-03	 5.6056e-03	
 5.2258e-03	 5.6039e-03	
 5.2240e-03	 5.6023e-03	
 5.2221e-03	 5.6006e-03	
 5.2203e-03	 5.5990e-03	
 5.2185e-03	 5.5973e-03	
 5.2167e-03	 5.5957e-03	
 5.2150e-03	 5.5941e-03	
 5.2132e-03	 5.5925e-03	
 5.2114e-03	 5.5909e-03	
 5.2097e-03	 5.5893e-03	
 5.2079e-03	 5.5877e-03	
 5.2062e-03	 5.5861e-03	
 5.2045e-03	 5.5846e-03	
 5.2028e-03	 5.5830e-03	
 5.2010e-03	 5.5814e-03	
 5.1993e-03	 5.5799e-03	
 5.1977e-03	 5.5783e-03	
 5.1960e-03	 5.5768e-03	
 5.1943e-03	 5.5752e-03	
 5.1927e-03	 5.5737e-03	
 5.1910e-03	 5.5722e-03	
 5.1894e-03	 5.5707e-03	
 5.1877e-03	 5.5692e-03	
 5.1861e-03	 5.5677e-03	
 5.1845e-03	 5.5662e-03	
 5.1829e-03	 5.5647e-03	
 5.1813e-03	 5.5632e-03	
 5.1797e-03	 5.5618e-03	
 5.1781e-03	 5.5603e-03	
 5.1765e-03	 5.5588e-03	
 5.1749e-03	 5.5574e-03	
 5.1734e-03	 5.5559e-03	
 5.1718e-03	 5.5545e-03	
 5.1703e-03	 5.5531e-03	
 5.1687e-03	 5.5517e-03	
 5.1672e-03	 5.5502e-03	
 5.1657e-03	 5.5488e-03	
 5.1642e-03	 5.5474e-03	
 5.1627e-03	 5.5460e-03	
 5.1612e-03	 5.5446e-03	
 5.1597e-03	 5.5432e-03	
 5.1582e-03	 5.5419e-03	
 5.1567e-03	 5.5405e-03	
 5.1552e-03	 5.5391e-03	
 5.1538e-03	 5.5378e-03	
 5.1523e-03	 5.5364e-03	
 5.1509e-03	 5.5351e-03	
 5.1495e-03	 5.5337e-03	
 5.1480e-03	 5.5324e-03	
 5.1466e-03	 5.5311e-03	
 5.1452e-03	 5.5298e-03	
 5.1438e-03	 5.5284e-03	
 5.1424e-03	 5.5271e-03	
 5.1410e-03	 5.5258e-03	
 5.1396e-03	 5.5245e-03	
 5.1383e-03	 5.5232e-03	
 5.1369e-03	 5.5220e-03	
 5.1355e-03	 5.5207e-03	
 5.1341e-03	 5.5194e-03	
 5.1328e-03	 5.5181e-03	
 5.1314e-03	 5.5169e-03	
 5.1301e-03	 5.5156e-03	
 5.1287e-03	 5.5144e-03	
 5.1274e-03	 5.5131e-03	
 5.1261e-03	 5.5119e-03	
 5.1248e-03	 5.5107e-03	
 5.1235e-03	 5.5095e-03	
 5.1221e-03	 5.5083e-03	
 5.1208e-03	 5.5070e-03	
 5.1195e-03	 5.5058e-03	
 5.1182e-03	 5.5046e-03	
 5.1169e-03	 5.5035e-03	
 5.1157e-03	 5.5023e-03	
 5.1144e-03	 5.5011e-03	
 5.1132e-03	 5.4999e-03	
 5.1119e-03	 5.4987e-03	
 5.1106e-03	 5.4976e-03	
 5.1094e-03	 5.4964e-03	
 5.1082e-03	 5.4953e-03	
 5.1069e-03	 5.4941e-03	
 5.1057e-03	 5.4930e-03	
 5.1045e-03	 5.4918e-03	
 5.1033e-03	 5.4907e-03	
 5.1021e-03	 5.4896e-03	
 5.1008e-03	 5.4885e-03	
 5.0997e-03	 5.4874e-03	
 5.0985e-03	 5.4863e-03	
 5.0973e-03	 5.4852e-03	
 5.0960e-03	 5.4841e-03	
 5.0949e-03	 5.4830e-03	
 5.0937e-03	 5.4819e-03	
 5.0925e-03	 5.4808e-03	
 5.0914e-03	 5.4797e-03	
 5.0902e-03	 5.4787e-03	
 5.0891e-03	 5.4776e-03	
 5.0879e-03	 5.4765e-03	
 5.0867e-03	 5.4755e-03	
 5.0856e-03	 5.4744e-03	
 5.0845e-03	 5.4734e-03	
 5.0833e-03	 5.4724e-03	
 5.0822e-03	 5.4713e-03	
 5.0811e-03	 5.4703e-03	
 5.0800e-03	 5.4693e-03	
 5.0789e-03	 5.4683e-03	
 5.0778e-03	 5.4673e-03	
 5.0767e-03	 5.4663e-03	
 5.0756e-03	 5.4653e-03	
 5.0745e-03	 5.4643e-03	
 5.0734e-03	 5.4633e-03	
 5.0723e-03	 5.4623e-03	
 5.0712e-03	 5.4613e-03	
 5.0702e-03	 5.4603e-03	
 5.0691e-03	 5.4594e-03	
 5.0680e-03	 5.4584e-03	
 5.0669e-03	 5.4574e-03	
